<?xml version="1.0" encoding="UTF-8"?>
<coverage generated="1778905560663" clover="3.2.0">
  <project timestamp="1778905560663" name="All files">
    <metrics statements="1189" coveredstatements="1025" conditionals="1554" coveredconditionals="1293" methods="451" coveredmethods="394" elements="3194" coveredelements="2712" complexity="0" loc="1189" ncloc="1189" packages="4" files="70" classes="70"/>
    <package name="components">
      <metrics statements="1051" coveredstatements="913" conditionals="1415" coveredconditionals="1173" methods="400" coveredmethods="350"/>
      <file name="Accordion.tsx" path="/Users/xiefan/github/vxui_react/src/components/Accordion.tsx">
        <metrics statements="11" coveredstatements="11" conditionals="14" coveredconditionals="14" methods="5" coveredmethods="5"/>
        <line num="20" count="14" type="stmt"/>
        <line num="23" count="5" type="stmt"/>
        <line num="24" count="5" type="cond" truecount="2" falsecount="0"/>
        <line num="25" count="5" type="cond" truecount="2" falsecount="0"/>
        <line num="26" count="1" type="stmt"/>
        <line num="28" count="4" type="stmt"/>
        <line num="30" count="5" type="stmt"/>
        <line num="34" count="14" type="stmt"/>
        <line num="37" count="42" type="stmt"/>
        <line num="38" count="42" type="stmt"/>
        <line num="45" count="5" type="cond" truecount="2" falsecount="0"/>
      </file>
      <file name="Alert.tsx" path="/Users/xiefan/github/vxui_react/src/components/Alert.tsx">
        <metrics statements="2" coveredstatements="2" conditionals="9" coveredconditionals="9" methods="1" coveredmethods="1"/>
        <line num="6" count="1" type="stmt"/>
        <line num="49" count="14" type="stmt"/>
      </file>
      <file name="AlertDialog.tsx" path="/Users/xiefan/github/vxui_react/src/components/AlertDialog.tsx">
        <metrics statements="1" coveredstatements="1" conditionals="7" coveredconditionals="7" methods="1" coveredmethods="1"/>
        <line num="31" count="7" type="stmt"/>
      </file>
      <file name="Avatar.tsx" path="/Users/xiefan/github/vxui_react/src/components/Avatar.tsx">
        <metrics statements="13" coveredstatements="13" conditionals="24" coveredconditionals="22" methods="4" coveredmethods="4"/>
        <line num="17" count="11" type="stmt"/>
        <line num="18" count="11" type="cond" truecount="2" falsecount="0"/>
        <line num="19" count="2" type="stmt"/>
        <line num="22" count="1" type="stmt"/>
        <line num="24" count="14" type="stmt"/>
        <line num="25" count="50" type="stmt"/>
        <line num="26" count="14" type="stmt"/>
        <line num="30" count="15" type="stmt"/>
        <line num="32" count="15" type="cond" truecount="2" falsecount="0"/>
        <line num="33" count="15" type="cond" truecount="3" falsecount="0"/>
        <line num="34" count="15" type="cond" truecount="2" falsecount="0"/>
        <line num="36" count="15" type="stmt"/>
        <line num="47" count="1" type="stmt"/>
      </file>
      <file name="Badge.tsx" path="/Users/xiefan/github/vxui_react/src/components/Badge.tsx">
        <metrics statements="1" coveredstatements="1" conditionals="1" coveredconditionals="1" methods="1" coveredmethods="1"/>
        <line num="11" count="8" type="stmt"/>
      </file>
      <file name="Breadcrumb.tsx" path="/Users/xiefan/github/vxui_react/src/components/Breadcrumb.tsx">
        <metrics statements="5" coveredstatements="5" conditionals="8" coveredconditionals="8" methods="3" coveredmethods="3"/>
        <line num="16" count="1" type="stmt"/>
        <line num="17" count="14" type="stmt"/>
        <line num="23" count="9" type="stmt"/>
        <line num="27" count="25" type="stmt"/>
        <line num="28" count="25" type="stmt"/>
      </file>
      <file name="Button.tsx" path="/Users/xiefan/github/vxui_react/src/components/Button.tsx">
        <metrics statements="2" coveredstatements="2" conditionals="28" coveredconditionals="28" methods="1" coveredmethods="1"/>
        <line num="22" count="5" type="stmt"/>
        <line num="27" count="96" type="stmt"/>
      </file>
      <file name="Calendar.tsx" path="/Users/xiefan/github/vxui_react/src/components/Calendar.tsx">
        <metrics statements="51" coveredstatements="47" conditionals="42" coveredconditionals="37" methods="16" coveredmethods="14"/>
        <line num="6" count="16" type="stmt"/>
        <line num="10" count="16" type="stmt"/>
        <line num="14" count="618" type="stmt"/>
        <line num="40" count="16" type="stmt"/>
        <line num="41" count="16" type="stmt"/>
        <line num="42" count="16" type="stmt"/>
        <line num="43" count="16" type="cond" truecount="2" falsecount="0"/>
        <line num="45" count="16" type="cond" truecount="2" falsecount="0"/>
        <line num="46" count="16" type="cond" truecount="2" falsecount="0"/>
        <line num="48" count="16" type="stmt"/>
        <line num="49" count="16" type="stmt"/>
        <line num="50" count="16" type="cond" truecount="3" falsecount="1"/>
        <line num="52" count="16" type="cond" truecount="2" falsecount="0"/>
        <line num="56" count="16" type="stmt"/>
        <line num="57" count="1" type="cond" truecount="1" falsecount="1"/>
        <line num="58" count="0" type="stmt"/>
        <line num="59" count="0" type="stmt"/>
        <line num="61" count="1" type="stmt"/>
        <line num="65" count="16" type="stmt"/>
        <line num="66" count="1" type="cond" truecount="1" falsecount="1"/>
        <line num="67" count="0" type="stmt"/>
        <line num="68" count="0" type="stmt"/>
        <line num="70" count="1" type="stmt"/>
        <line num="74" count="16" type="stmt"/>
        <line num="76" count="496" type="stmt"/>
        <line num="77" count="496" type="cond" truecount="2" falsecount="0"/>
        <line num="78" count="31" type="stmt"/>
        <line num="79" count="31" type="cond" truecount="2" falsecount="0"/>
        <line num="81" count="487" type="cond" truecount="2" falsecount="0"/>
        <line num="82" count="22" type="stmt"/>
        <line num="83" count="22" type="cond" truecount="2" falsecount="0"/>
        <line num="85" count="476" type="stmt"/>
        <line num="90" count="16" type="stmt"/>
        <line num="91" count="2" type="cond" truecount="1" falsecount="1"/>
        <line num="92" count="2" type="stmt"/>
        <line num="93" count="2" type="cond" truecount="1" falsecount="1"/>
        <line num="94" count="2" type="stmt"/>
        <line num="97" count="16" type="stmt"/>
        <line num="99" count="16" type="stmt"/>
        <line num="101" count="494" type="stmt"/>
        <line num="103" count="75" type="stmt"/>
        <line num="105" count="16" type="stmt"/>
        <line num="130" count="112" type="stmt"/>
        <line num="135" count="630" type="cond" truecount="2" falsecount="0"/>
        <line num="136" count="136" type="stmt"/>
        <line num="138" count="494" type="stmt"/>
        <line num="139" count="494" type="stmt"/>
        <line num="140" count="494" type="cond" truecount="2" falsecount="0"/>
        <line num="141" count="630" type="stmt"/>
        <line num="142" count="630" type="stmt"/>
        <line num="153" count="2" type="stmt"/>
      </file>
      <file name="Card.tsx" path="/Users/xiefan/github/vxui_react/src/components/Card.tsx">
        <metrics statements="5" coveredstatements="5" conditionals="8" coveredconditionals="8" methods="5" coveredmethods="5"/>
        <line num="17" count="15" type="stmt"/>
        <line num="32" count="1" type="stmt"/>
        <line num="36" count="1" type="stmt"/>
        <line num="40" count="1" type="stmt"/>
        <line num="44" count="1" type="stmt"/>
      </file>
      <file name="Carousel.tsx" path="/Users/xiefan/github/vxui_react/src/components/Carousel.tsx">
        <metrics statements="24" coveredstatements="20" conditionals="28" coveredconditionals="19" methods="10" coveredmethods="8"/>
        <line num="32" count="13" type="stmt"/>
        <line num="33" count="13" type="stmt"/>
        <line num="34" count="13" type="cond" truecount="1" falsecount="1"/>
        <line num="35" count="13" type="stmt"/>
        <line num="36" count="13" type="stmt"/>
        <line num="38" count="13" type="stmt"/>
        <line num="40" count="4" type="stmt"/>
        <line num="41" count="4" type="cond" truecount="1" falsecount="1"/>
        <line num="42" count="4" type="stmt"/>
        <line num="44" count="0" type="stmt"/>
        <line num="46" count="4" type="cond" truecount="1" falsecount="1"/>
        <line num="47" count="4" type="stmt"/>
        <line num="52" count="13" type="stmt"/>
        <line num="53" count="13" type="cond" truecount="1" falsecount="1"/>
        <line num="54" count="0" type="stmt"/>
        <line num="55" count="0" type="stmt"/>
        <line num="56" count="0" type="cond" truecount="0" falsecount="2"/>
        <line num="60" count="13" type="stmt"/>
        <line num="61" count="13" type="stmt"/>
        <line num="63" count="13" type="cond" truecount="1" falsecount="1"/>
        <line num="65" count="13" type="stmt"/>
        <line num="78" count="39" type="stmt"/>
        <line num="118" count="39" type="stmt"/>
        <line num="123" count="1" type="stmt"/>
      </file>
      <file name="Checkbox.tsx" path="/Users/xiefan/github/vxui_react/src/components/Checkbox.tsx">
        <metrics statements="2" coveredstatements="2" conditionals="12" coveredconditionals="11" methods="2" coveredmethods="2"/>
        <line num="11" count="9" type="stmt"/>
        <line num="18" count="18" type="cond" truecount="4" falsecount="0"/>
      </file>
      <file name="CodeBlock.tsx" path="/Users/xiefan/github/vxui_react/src/components/CodeBlock.tsx">
        <metrics statements="21" coveredstatements="19" conditionals="20" coveredconditionals="15" methods="7" coveredmethods="7"/>
        <line num="31" count="10" type="stmt"/>
        <line num="32" count="10" type="stmt"/>
        <line num="34" count="10" type="stmt"/>
        <line num="35" count="7" type="cond" truecount="1" falsecount="2"/>
        <line num="37" count="7" type="cond" truecount="1" falsecount="1"/>
        <line num="38" count="0" type="stmt"/>
        <line num="41" count="7" type="stmt"/>
        <line num="44" count="10" type="stmt"/>
        <line num="45" count="7" type="stmt"/>
        <line num="46" count="7" type="cond" truecount="2" falsecount="0"/>
        <line num="47" count="1" type="stmt"/>
        <line num="53" count="2" type="stmt"/>
        <line num="55" count="2" type="cond" truecount="1" falsecount="1"/>
        <line num="57" count="2" type="stmt"/>
        <line num="59" count="2" type="cond" truecount="1" falsecount="1"/>
        <line num="60" count="0" type="stmt"/>
        <line num="63" count="2" type="stmt"/>
        <line num="64" count="1" type="stmt"/>
        <line num="65" count="1" type="stmt"/>
        <line num="69" count="10" type="stmt"/>
        <line num="76" count="2" type="stmt"/>
      </file>
      <file name="ColorPicker.tsx" path="/Users/xiefan/github/vxui_react/src/components/ColorPicker.tsx">
        <metrics statements="79" coveredstatements="52" conditionals="66" coveredconditionals="45" methods="23" coveredmethods="14"/>
        <line num="6" count="23" type="stmt"/>
        <line num="7" count="23" type="stmt"/>
        <line num="8" count="23" type="stmt"/>
        <line num="9" count="23" type="stmt"/>
        <line num="10" count="23" type="stmt"/>
        <line num="11" count="23" type="stmt"/>
        <line num="12" count="23" type="stmt"/>
        <line num="13" count="23" type="stmt"/>
        <line num="14" count="23" type="cond" truecount="1" falsecount="1"/>
        <line num="15" count="23" type="stmt"/>
        <line num="16" count="23" type="cond" truecount="2" falsecount="0"/>
        <line num="17" count="23" type="cond" truecount="3" falsecount="0"/>
        <line num="18" count="13" type="cond" truecount="1" falsecount="1"/>
        <line num="19" count="1" type="stmt"/>
        <line num="20" count="9" type="stmt"/>
        <line num="23" count="23" type="stmt"/>
        <line num="27" count="0" type="stmt"/>
        <line num="28" count="0" type="stmt"/>
        <line num="29" count="0" type="stmt"/>
        <line num="30" count="0" type="stmt"/>
        <line num="31" count="0" type="stmt"/>
        <line num="32" count="0" type="cond" truecount="0" falsecount="2"/>
        <line num="33" count="0" type="cond" truecount="0" falsecount="2"/>
        <line num="34" count="0" type="cond" truecount="0" falsecount="2"/>
        <line num="35" count="0" type="cond" truecount="0" falsecount="2"/>
        <line num="36" count="0" type="cond" truecount="0" falsecount="2"/>
        <line num="37" count="0" type="stmt"/>
        <line num="42" count="0" type="cond" truecount="0" falsecount="2"/>
        <line num="43" count="0" type="stmt"/>
        <line num="45" count="0" type="cond" truecount="0" falsecount="2"/>
        <line num="46" count="0" type="stmt"/>
        <line num="47" count="0" type="stmt"/>
        <line num="48" count="0" type="stmt"/>
        <line num="49" count="0" type="stmt"/>
        <line num="51" count="0" type="stmt"/>
        <line num="52" count="0" type="stmt"/>
        <line num="56" count="30" type="stmt"/>
        <line num="59" count="1" type="stmt"/>
        <line num="90" count="23" type="stmt"/>
        <line num="91" count="23" type="stmt"/>
        <line num="92" count="23" type="cond" truecount="1" falsecount="1"/>
        <line num="94" count="23" type="stmt"/>
        <line num="95" count="23" type="stmt"/>
        <line num="96" count="23" type="stmt"/>
        <line num="98" count="23" type="stmt"/>
        <line num="99" count="16" type="cond" truecount="2" falsecount="0"/>
        <line num="100" count="4" type="stmt"/>
        <line num="101" count="2" type="cond" truecount="4" falsecount="0"/>
        <line num="103" count="4" type="stmt"/>
        <line num="104" count="7" type="cond" truecount="1" falsecount="1"/>
        <line num="106" count="4" type="stmt"/>
        <line num="107" count="4" type="stmt"/>
        <line num="108" count="4" type="stmt"/>
        <line num="109" count="4" type="stmt"/>
        <line num="110" count="4" type="stmt"/>
        <line num="111" count="4" type="stmt"/>
        <line num="112" count="4" type="stmt"/>
        <line num="116" count="23" type="stmt"/>
        <line num="117" count="16" type="cond" truecount="3" falsecount="1"/>
        <line num="118" count="0" type="stmt"/>
        <line num="119" count="0" type="stmt"/>
        <line num="122" count="23" type="cond" truecount="1" falsecount="1"/>
        <line num="124" count="23" type="stmt"/>
        <line num="126" count="1" type="cond" truecount="1" falsecount="1"/>
        <line num="127" count="1" type="stmt"/>
        <line num="128" count="1" type="stmt"/>
        <line num="133" count="23" type="stmt"/>
        <line num="134" count="7" type="cond" truecount="2" falsecount="0"/>
        <line num="135" count="7" type="stmt"/>
        <line num="136" count="7" type="cond" truecount="2" falsecount="0"/>
        <line num="139" count="23" type="stmt"/>
        <line num="150" count="4" type="cond" truecount="2" falsecount="0"/>
        <line num="160" count="7" type="stmt"/>
        <line num="179" count="0" type="stmt"/>
        <line num="192" count="0" type="stmt"/>
        <line num="205" count="0" type="stmt"/>
        <line num="213" count="123" type="stmt"/>
        <line num="221" count="0" type="stmt"/>
        <line num="231" count="0" type="stmt"/>
      </file>
      <file name="Combobox.tsx" path="/Users/xiefan/github/vxui_react/src/components/Combobox.tsx">
        <metrics statements="51" coveredstatements="49" conditionals="72" coveredconditionals="69" methods="19" coveredmethods="18"/>
        <line num="52" count="67" type="stmt"/>
        <line num="53" count="67" type="stmt"/>
        <line num="54" count="67" type="cond" truecount="2" falsecount="0"/>
        <line num="56" count="67" type="stmt"/>
        <line num="57" count="67" type="stmt"/>
        <line num="58" count="67" type="stmt"/>
        <line num="59" count="67" type="stmt"/>
        <line num="60" count="67" type="stmt"/>
        <line num="61" count="67" type="stmt"/>
        <line num="63" count="242" type="stmt"/>
        <line num="64" count="67" type="stmt"/>
        <line num="65" count="271" type="stmt"/>
        <line num="68" count="67" type="cond" truecount="2" falsecount="0"/>
        <line num="70" count="67" type="stmt"/>
        <line num="71" count="41" type="cond" truecount="2" falsecount="0"/>
        <line num="72" count="28" type="stmt"/>
        <line num="73" count="28" type="stmt"/>
        <line num="75" count="13" type="cond" truecount="2" falsecount="0"/>
        <line num="76" count="11" type="stmt"/>
        <line num="77" count="11" type="stmt"/>
        <line num="81" count="67" type="stmt"/>
        <line num="82" count="41" type="cond" truecount="2" falsecount="0"/>
        <line num="83" count="13" type="stmt"/>
        <line num="84" count="7" type="cond" truecount="4" falsecount="0"/>
        <line num="86" count="13" type="stmt"/>
        <line num="87" count="6" type="cond" truecount="2" falsecount="0"/>
        <line num="89" count="13" type="stmt"/>
        <line num="90" count="13" type="stmt"/>
        <line num="91" count="13" type="stmt"/>
        <line num="92" count="13" type="stmt"/>
        <line num="93" count="13" type="stmt"/>
        <line num="94" count="13" type="stmt"/>
        <line num="95" count="13" type="stmt"/>
        <line num="99" count="67" type="stmt"/>
        <line num="100" count="41" type="cond" truecount="3" falsecount="1"/>
        <line num="101" count="0" type="stmt"/>
        <line num="102" count="0" type="stmt"/>
        <line num="105" count="67" type="stmt"/>
        <line num="106" count="4" type="cond" truecount="2" falsecount="0"/>
        <line num="107" count="3" type="cond" truecount="2" falsecount="0"/>
        <line num="108" count="3" type="stmt"/>
        <line num="109" count="4" type="stmt"/>
        <line num="112" count="67" type="stmt"/>
        <line num="113" count="1" type="stmt"/>
        <line num="114" count="1" type="cond" truecount="1" falsecount="1"/>
        <line num="115" count="1" type="stmt"/>
        <line num="118" count="67" type="stmt"/>
        <line num="128" count="13" type="cond" truecount="2" falsecount="0"/>
        <line num="166" count="5" type="stmt"/>
        <line num="176" count="109" type="stmt"/>
        <line num="186" count="4" type="stmt"/>
      </file>
      <file name="CommandPalette.tsx" path="/Users/xiefan/github/vxui_react/src/components/CommandPalette.tsx">
        <metrics statements="68" coveredstatements="66" conditionals="54" coveredconditionals="46" methods="23" coveredmethods="21"/>
        <line num="27" count="110" type="cond" truecount="2" falsecount="0"/>
        <line num="28" count="20" type="stmt"/>
        <line num="29" count="20" type="cond" truecount="2" falsecount="0"/>
        <line num="30" count="10" type="stmt"/>
        <line num="40" count="18" type="stmt"/>
        <line num="41" count="18" type="stmt"/>
        <line num="42" count="18" type="stmt"/>
        <line num="43" count="18" type="stmt"/>
        <line num="44" count="18" type="cond" truecount="2" falsecount="0"/>
        <line num="45" count="18" type="cond" truecount="1" falsecount="1"/>
        <line num="46" count="18" type="cond" truecount="2" falsecount="0"/>
        <line num="47" count="12" type="cond" truecount="2" falsecount="0"/>
        <line num="48" count="8" type="cond" truecount="1" falsecount="1"/>
        <line num="49" count="8" type="cond" truecount="1" falsecount="1"/>
        <line num="50" count="8" type="cond" truecount="1" falsecount="1"/>
        <line num="51" count="8" type="stmt"/>
        <line num="58" count="0" type="cond" truecount="0" falsecount="1"/>
        <line num="63" count="22" type="stmt"/>
        <line num="64" count="22" type="stmt"/>
        <line num="65" count="22" type="stmt"/>
        <line num="66" count="22" type="stmt"/>
        <line num="68" count="22" type="cond" truecount="2" falsecount="0"/>
        <line num="70" count="18" type="stmt"/>
        <line num="71" count="18" type="stmt"/>
        <line num="72" count="4" type="stmt"/>
        <line num="73" count="10" type="stmt"/>
        <line num="76" count="22" type="stmt"/>
        <line num="77" count="8" type="cond" truecount="2" falsecount="0"/>
        <line num="78" count="7" type="stmt"/>
        <line num="79" count="7" type="stmt"/>
        <line num="80" count="7" type="stmt"/>
        <line num="84" count="22" type="stmt"/>
        <line num="85" count="11" type="stmt"/>
        <line num="89" count="22" type="stmt"/>
        <line num="90" count="13" type="stmt"/>
        <line num="91" count="13" type="stmt"/>
        <line num="94" count="22" type="stmt"/>
        <line num="96" count="2" type="stmt"/>
        <line num="97" count="2" type="stmt"/>
        <line num="102" count="22" type="stmt"/>
        <line num="104" count="9" type="cond" truecount="2" falsecount="0"/>
        <line num="105" count="3" type="stmt"/>
        <line num="106" count="3" type="stmt"/>
        <line num="107" count="6" type="cond" truecount="2" falsecount="0"/>
        <line num="108" count="1" type="stmt"/>
        <line num="109" count="1" type="stmt"/>
        <line num="110" count="5" type="cond" truecount="2" falsecount="0"/>
        <line num="111" count="1" type="stmt"/>
        <line num="112" count="1" type="cond" truecount="1" falsecount="1"/>
        <line num="113" count="4" type="cond" truecount="2" falsecount="0"/>
        <line num="114" count="1" type="stmt"/>
        <line num="120" count="22" type="cond" truecount="2" falsecount="0"/>
        <line num="123" count="21" type="stmt"/>
        <line num="124" count="21" type="stmt"/>
        <line num="125" count="55" type="stmt"/>
        <line num="126" count="55" type="cond" truecount="4" falsecount="0"/>
        <line num="127" count="17" type="stmt"/>
        <line num="129" count="38" type="stmt"/>
        <line num="133" count="21" type="stmt"/>
        <line num="140" count="5" type="stmt"/>
        <line num="154" count="3" type="stmt"/>
        <line num="160" count="0" type="stmt"/>
        <line num="176" count="38" type="stmt"/>
        <line num="177" count="55" type="stmt"/>
        <line num="178" count="55" type="stmt"/>
        <line num="179" count="55" type="stmt"/>
        <line num="185" count="1" type="stmt"/>
        <line num="186" count="1" type="stmt"/>
      </file>
      <file name="ContextMenu.tsx" path="/Users/xiefan/github/vxui_react/src/components/ContextMenu.tsx">
        <metrics statements="22" coveredstatements="22" conditionals="26" coveredconditionals="17" methods="9" coveredmethods="9"/>
        <line num="27" count="12" type="stmt"/>
        <line num="28" count="12" type="stmt"/>
        <line num="30" count="12" type="cond" truecount="1" falsecount="3"/>
        <line num="32" count="12" type="stmt"/>
        <line num="33" count="12" type="cond" truecount="2" falsecount="0"/>
        <line num="34" count="4" type="stmt"/>
        <line num="35" count="1" type="cond" truecount="3" falsecount="1"/>
        <line num="37" count="4" type="stmt"/>
        <line num="38" count="1" type="cond" truecount="1" falsecount="1"/>
        <line num="40" count="4" type="stmt"/>
        <line num="41" count="4" type="stmt"/>
        <line num="42" count="4" type="stmt"/>
        <line num="43" count="4" type="stmt"/>
        <line num="44" count="4" type="stmt"/>
        <line num="48" count="12" type="stmt"/>
        <line num="49" count="4" type="stmt"/>
        <line num="50" count="4" type="stmt"/>
        <line num="53" count="12" type="stmt"/>
        <line num="64" count="4" type="stmt"/>
        <line num="68" count="13" type="stmt"/>
        <line num="79" count="1" type="stmt"/>
        <line num="80" count="1" type="stmt"/>
      </file>
      <file name="DatePicker.tsx" path="/Users/xiefan/github/vxui_react/src/components/DatePicker.tsx">
        <metrics statements="31" coveredstatements="28" conditionals="39" coveredconditionals="33" methods="12" coveredmethods="10"/>
        <line num="7" count="3" type="stmt"/>
        <line num="11" count="16" type="stmt"/>
        <line num="49" count="21" type="stmt"/>
        <line num="50" count="21" type="stmt"/>
        <line num="51" count="21" type="cond" truecount="1" falsecount="1"/>
        <line num="52" count="21" type="stmt"/>
        <line num="53" count="21" type="stmt"/>
        <line num="54" count="21" type="stmt"/>
        <line num="56" count="21" type="stmt"/>
        <line num="57" count="16" type="cond" truecount="2" falsecount="0"/>
        <line num="58" count="3" type="stmt"/>
        <line num="59" count="2" type="cond" truecount="4" falsecount="0"/>
        <line num="61" count="3" type="stmt"/>
        <line num="62" count="0" type="cond" truecount="0" falsecount="2"/>
        <line num="64" count="3" type="stmt"/>
        <line num="65" count="3" type="stmt"/>
        <line num="66" count="3" type="stmt"/>
        <line num="67" count="3" type="stmt"/>
        <line num="68" count="3" type="stmt"/>
        <line num="69" count="3" type="stmt"/>
        <line num="70" count="3" type="stmt"/>
        <line num="74" count="21" type="stmt"/>
        <line num="75" count="16" type="cond" truecount="3" falsecount="1"/>
        <line num="76" count="0" type="stmt"/>
        <line num="77" count="0" type="stmt"/>
        <line num="80" count="21" type="stmt"/>
        <line num="81" count="1" type="cond" truecount="1" falsecount="1"/>
        <line num="82" count="1" type="stmt"/>
        <line num="83" count="1" type="stmt"/>
        <line num="86" count="21" type="stmt"/>
        <line num="96" count="3" type="cond" truecount="2" falsecount="0"/>
      </file>
      <file name="Dialog.tsx" path="/Users/xiefan/github/vxui_react/src/components/Dialog.tsx">
        <metrics statements="1" coveredstatements="1" conditionals="15" coveredconditionals="15" methods="1" coveredmethods="1"/>
        <line num="39" count="16" type="stmt"/>
      </file>
      <file name="DropdownMenu.tsx" path="/Users/xiefan/github/vxui_react/src/components/DropdownMenu.tsx">
        <metrics statements="26" coveredstatements="26" conditionals="41" coveredconditionals="34" methods="11" coveredmethods="11"/>
        <line num="38" count="26" type="stmt"/>
        <line num="39" count="26" type="stmt"/>
        <line num="40" count="26" type="cond" truecount="2" falsecount="0"/>
        <line num="41" count="26" type="stmt"/>
        <line num="43" count="26" type="stmt"/>
        <line num="44" count="15" type="cond" truecount="2" falsecount="0"/>
        <line num="45" count="15" type="stmt"/>
        <line num="48" count="26" type="stmt"/>
        <line num="50" count="26" type="stmt"/>
        <line num="51" count="26" type="cond" truecount="2" falsecount="0"/>
        <line num="52" count="10" type="cond" truecount="1" falsecount="1"/>
        <line num="53" count="10" type="stmt"/>
        <line num="54" count="3" type="cond" truecount="4" falsecount="0"/>
        <line num="56" count="10" type="stmt"/>
        <line num="57" count="10" type="stmt"/>
        <line num="58" count="10" type="stmt"/>
        <line num="59" count="10" type="stmt"/>
        <line num="60" count="10" type="stmt"/>
        <line num="64" count="26" type="cond" truecount="3" falsecount="1"/>
        <line num="66" count="26" type="stmt"/>
        <line num="69" count="1" type="cond" truecount="3" falsecount="1"/>
        <line num="75" count="11" type="stmt"/>
        <line num="79" count="34" type="stmt"/>
        <line num="89" count="1" type="cond" truecount="1" falsecount="1"/>
        <line num="90" count="1" type="stmt"/>
        <line num="91" count="1" type="stmt"/>
      </file>
      <file name="EmptyState.tsx" path="/Users/xiefan/github/vxui_react/src/components/EmptyState.tsx">
        <metrics statements="1" coveredstatements="1" conditionals="6" coveredconditionals="6" methods="1" coveredmethods="1"/>
        <line num="13" count="8" type="stmt"/>
      </file>
      <file name="FileUpload.tsx" path="/Users/xiefan/github/vxui_react/src/components/FileUpload.tsx">
        <metrics statements="36" coveredstatements="29" conditionals="36" coveredconditionals="26" methods="16" coveredmethods="11"/>
        <line num="35" count="16" type="stmt"/>
        <line num="36" count="16" type="stmt"/>
        <line num="37" count="16" type="stmt"/>
        <line num="38" count="16" type="stmt"/>
        <line num="40" count="16" type="stmt"/>
        <line num="42" count="5" type="cond" truecount="1" falsecount="1"/>
        <line num="43" count="5" type="stmt"/>
        <line num="44" count="5" type="cond" truecount="2" falsecount="0"/>
        <line num="45" count="1" type="stmt"/>
        <line num="46" count="1" type="cond" truecount="1" falsecount="1"/>
        <line num="47" count="1" type="stmt"/>
        <line num="48" count="1" type="stmt"/>
        <line num="51" count="4" type="stmt"/>
        <line num="52" count="5" type="stmt"/>
        <line num="56" count="4" type="cond" truecount="2" falsecount="0"/>
        <line num="57" count="5" type="stmt"/>
        <line num="58" count="5" type="stmt"/>
        <line num="63" count="16" type="stmt"/>
        <line num="64" count="0" type="stmt"/>
        <line num="65" count="0" type="stmt"/>
        <line num="66" count="0" type="cond" truecount="0" falsecount="2"/>
        <line num="69" count="16" type="stmt"/>
        <line num="70" count="0" type="stmt"/>
        <line num="71" count="0" type="cond" truecount="0" falsecount="2"/>
        <line num="74" count="16" type="stmt"/>
        <line num="75" count="1" type="stmt"/>
        <line num="76" count="1" type="stmt"/>
        <line num="77" count="1" type="stmt"/>
        <line num="80" count="16" type="cond" truecount="2" falsecount="0"/>
        <line num="82" count="16" type="stmt"/>
        <line num="94" count="0" type="stmt"/>
        <line num="95" count="10" type="cond" truecount="2" falsecount="0"/>
        <line num="98" count="0" type="cond" truecount="0" falsecount="3"/>
        <line num="113" count="5" type="stmt"/>
        <line num="122" count="5" type="stmt"/>
        <line num="131" count="1" type="stmt"/>
      </file>
      <file name="Form.tsx" path="/Users/xiefan/github/vxui_react/src/components/Form.tsx">
        <metrics statements="10" coveredstatements="10" conditionals="10" coveredconditionals="7" methods="6" coveredmethods="6"/>
        <line num="9" count="1" type="stmt"/>
        <line num="12" count="2" type="stmt"/>
        <line num="18" count="2" type="stmt"/>
        <line num="28" count="6" type="stmt"/>
        <line num="43" count="2" type="stmt"/>
        <line num="56" count="1" type="stmt"/>
        <line num="68" count="1" type="stmt"/>
        <line num="69" count="1" type="cond" truecount="2" falsecount="0"/>
        <line num="70" count="1" type="cond" truecount="1" falsecount="1"/>
        <line num="71" count="1" type="stmt"/>
      </file>
      <file name="Heading.tsx" path="/Users/xiefan/github/vxui_react/src/components/Heading.tsx">
        <metrics statements="2" coveredstatements="2" conditionals="8" coveredconditionals="8" methods="1" coveredmethods="1"/>
        <line num="25" count="12" type="cond" truecount="2" falsecount="0"/>
        <line num="27" count="12" type="stmt"/>
      </file>
      <file name="HoverCard.tsx" path="/Users/xiefan/github/vxui_react/src/components/HoverCard.tsx">
        <metrics statements="8" coveredstatements="8" conditionals="6" coveredconditionals="5" methods="4" coveredmethods="4"/>
        <line num="23" count="9" type="stmt"/>
        <line num="24" count="9" type="stmt"/>
        <line num="26" count="9" type="stmt"/>
        <line num="27" count="3" type="stmt"/>
        <line num="30" count="9" type="stmt"/>
        <line num="31" count="1" type="cond" truecount="1" falsecount="1"/>
        <line num="32" count="1" type="stmt"/>
        <line num="35" count="9" type="stmt"/>
      </file>
      <file name="Input.tsx" path="/Users/xiefan/github/vxui_react/src/components/Input.tsx">
        <metrics statements="1" coveredstatements="1" conditionals="25" coveredconditionals="25" methods="1" coveredmethods="1"/>
        <line num="23" count="18" type="stmt"/>
      </file>
      <file name="Label.tsx" path="/Users/xiefan/github/vxui_react/src/components/Label.tsx">
        <metrics statements="2" coveredstatements="2" conditionals="2" coveredconditionals="2" methods="1" coveredmethods="1"/>
        <line num="9" count="1" type="stmt"/>
        <line num="13" count="6" type="stmt"/>
      </file>
      <file name="LanguageSwitcher.tsx" path="/Users/xiefan/github/vxui_react/src/components/LanguageSwitcher.tsx">
        <metrics statements="22" coveredstatements="22" conditionals="23" coveredconditionals="21" methods="11" coveredmethods="11"/>
        <line num="17" count="17" type="stmt"/>
        <line num="18" count="17" type="stmt"/>
        <line num="19" count="17" type="stmt"/>
        <line num="21" count="17" type="stmt"/>
        <line num="22" count="17" type="stmt"/>
        <line num="25" count="17" type="stmt"/>
        <line num="26" count="17" type="cond" truecount="2" falsecount="0"/>
        <line num="27" count="5" type="stmt"/>
        <line num="28" count="2" type="cond" truecount="4" falsecount="0"/>
        <line num="29" count="1" type="stmt"/>
        <line num="32" count="5" type="stmt"/>
        <line num="33" count="5" type="stmt"/>
        <line num="37" count="17" type="stmt"/>
        <line num="38" count="17" type="cond" truecount="2" falsecount="0"/>
        <line num="39" count="5" type="cond" truecount="1" falsecount="1"/>
        <line num="40" count="5" type="stmt"/>
        <line num="41" count="5" type="stmt"/>
        <line num="44" count="17" type="stmt"/>
        <line num="46" count="17" type="stmt"/>
        <line num="59" count="5" type="stmt"/>
        <line num="74" count="10" type="stmt"/>
        <line num="78" count="1" type="stmt"/>
      </file>
      <file name="Menubar.tsx" path="/Users/xiefan/github/vxui_react/src/components/Menubar.tsx">
        <metrics statements="23" coveredstatements="23" conditionals="32" coveredconditionals="28" methods="11" coveredmethods="11"/>
        <line num="32" count="24" type="stmt"/>
        <line num="33" count="24" type="stmt"/>
        <line num="35" count="24" type="stmt"/>
        <line num="36" count="23" type="cond" truecount="2" falsecount="0"/>
        <line num="37" count="8" type="stmt"/>
        <line num="38" count="3" type="cond" truecount="4" falsecount="0"/>
        <line num="40" count="8" type="stmt"/>
        <line num="41" count="1" type="cond" truecount="1" falsecount="1"/>
        <line num="43" count="8" type="stmt"/>
        <line num="44" count="8" type="stmt"/>
        <line num="45" count="8" type="stmt"/>
        <line num="46" count="8" type="stmt"/>
        <line num="47" count="8" type="stmt"/>
        <line num="51" count="24" type="stmt"/>
        <line num="54" count="63" type="cond" truecount="3" falsecount="1"/>
        <line num="55" count="63" type="stmt"/>
        <line num="56" count="63" type="stmt"/>
        <line num="65" count="8" type="cond" truecount="2" falsecount="0"/>
        <line num="67" count="9" type="cond" truecount="2" falsecount="0"/>
        <line num="75" count="11" type="stmt"/>
        <line num="81" count="23" type="stmt"/>
        <line num="92" count="1" type="stmt"/>
        <line num="93" count="1" type="stmt"/>
      </file>
      <file name="MultiSelect.tsx" path="/Users/xiefan/github/vxui_react/src/components/MultiSelect.tsx">
        <metrics statements="62" coveredstatements="55" conditionals="82" coveredconditionals="75" methods="24" coveredmethods="20"/>
        <line num="46" count="61" type="stmt"/>
        <line num="47" count="61" type="stmt"/>
        <line num="48" count="61" type="cond" truecount="2" falsecount="0"/>
        <line num="50" count="61" type="stmt"/>
        <line num="51" count="61" type="stmt"/>
        <line num="52" count="61" type="stmt"/>
        <line num="53" count="61" type="stmt"/>
        <line num="54" count="61" type="stmt"/>
        <line num="55" count="61" type="stmt"/>
        <line num="57" count="61" type="stmt"/>
        <line num="58" count="308" type="stmt"/>
        <line num="61" count="61" type="stmt"/>
        <line num="62" count="35" type="cond" truecount="2" falsecount="0"/>
        <line num="63" count="24" type="stmt"/>
        <line num="64" count="24" type="stmt"/>
        <line num="66" count="11" type="stmt"/>
        <line num="67" count="11" type="stmt"/>
        <line num="70" count="61" type="stmt"/>
        <line num="71" count="35" type="cond" truecount="2" falsecount="0"/>
        <line num="72" count="11" type="stmt"/>
        <line num="73" count="9" type="cond" truecount="4" falsecount="0"/>
        <line num="75" count="11" type="stmt"/>
        <line num="76" count="7" type="cond" truecount="2" falsecount="0"/>
        <line num="78" count="11" type="stmt"/>
        <line num="79" count="11" type="stmt"/>
        <line num="80" count="11" type="stmt"/>
        <line num="81" count="11" type="stmt"/>
        <line num="82" count="11" type="stmt"/>
        <line num="83" count="11" type="stmt"/>
        <line num="84" count="11" type="stmt"/>
        <line num="88" count="61" type="stmt"/>
        <line num="89" count="35" type="cond" truecount="3" falsecount="1"/>
        <line num="90" count="0" type="stmt"/>
        <line num="91" count="0" type="stmt"/>
        <line num="94" count="61" type="stmt"/>
        <line num="95" count="6" type="cond" truecount="2" falsecount="0"/>
        <line num="96" count="5" type="cond" truecount="2" falsecount="0"/>
        <line num="97" count="1" type="stmt"/>
        <line num="99" count="6" type="cond" truecount="2" falsecount="0"/>
        <line num="100" count="5" type="stmt"/>
        <line num="103" count="61" type="stmt"/>
        <line num="104" count="0" type="stmt"/>
        <line num="105" count="0" type="stmt"/>
        <line num="106" count="0" type="cond" truecount="0" falsecount="2"/>
        <line num="107" count="0" type="stmt"/>
        <line num="110" count="61" type="stmt"/>
        <line num="111" count="1" type="stmt"/>
        <line num="112" count="1" type="cond" truecount="1" falsecount="1"/>
        <line num="113" count="1" type="stmt"/>
        <line num="116" count="61" type="cond" truecount="2" falsecount="0"/>
        <line num="117" count="61" type="cond" truecount="2" falsecount="0"/>
        <line num="118" count="61" type="stmt"/>
        <line num="119" count="308" type="stmt"/>
        <line num="120" count="308" type="stmt"/>
        <line num="123" count="61" type="stmt"/>
        <line num="133" count="11" type="cond" truecount="2" falsecount="0"/>
        <line num="145" count="20" type="stmt"/>
        <line num="152" count="0" type="stmt"/>
        <line num="193" count="5" type="stmt"/>
        <line num="202" count="135" type="stmt"/>
        <line num="203" count="135" type="stmt"/>
        <line num="214" count="6" type="stmt"/>
      </file>
      <file name="NavigationMenu.tsx" path="/Users/xiefan/github/vxui_react/src/components/NavigationMenu.tsx">
        <metrics statements="21" coveredstatements="19" conditionals="33" coveredconditionals="26" methods="9" coveredmethods="8"/>
        <line num="28" count="12" type="stmt"/>
        <line num="29" count="12" type="stmt"/>
        <line num="31" count="12" type="stmt"/>
        <line num="32" count="12" type="cond" truecount="2" falsecount="0"/>
        <line num="33" count="3" type="stmt"/>
        <line num="34" count="1" type="cond" truecount="3" falsecount="1"/>
        <line num="36" count="3" type="stmt"/>
        <line num="37" count="1" type="cond" truecount="1" falsecount="1"/>
        <line num="39" count="3" type="stmt"/>
        <line num="40" count="3" type="stmt"/>
        <line num="41" count="3" type="stmt"/>
        <line num="42" count="3" type="stmt"/>
        <line num="43" count="3" type="stmt"/>
        <line num="47" count="12" type="stmt"/>
        <line num="51" count="36" type="cond" truecount="2" falsecount="0"/>
        <line num="52" count="36" type="stmt"/>
        <line num="53" count="36" type="stmt"/>
        <line num="65" count="4" type="cond" truecount="2" falsecount="0"/>
        <line num="91" count="6" type="stmt"/>
        <line num="96" count="0" type="stmt"/>
        <line num="97" count="0" type="stmt"/>
      </file>
      <file name="NumberInput.tsx" path="/Users/xiefan/github/vxui_react/src/components/NumberInput.tsx">
        <metrics statements="17" coveredstatements="15" conditionals="43" coveredconditionals="33" methods="5" coveredmethods="4"/>
        <line num="30" count="12" type="stmt"/>
        <line num="32" count="2" type="stmt"/>
        <line num="33" count="2" type="cond" truecount="1" falsecount="1"/>
        <line num="34" count="2" type="cond" truecount="1" falsecount="1"/>
        <line num="35" count="2" type="stmt"/>
        <line num="40" count="12" type="stmt"/>
        <line num="41" count="1" type="cond" truecount="1" falsecount="1"/>
        <line num="42" count="1" type="cond" truecount="1" falsecount="1"/>
        <line num="45" count="12" type="stmt"/>
        <line num="46" count="1" type="cond" truecount="1" falsecount="1"/>
        <line num="47" count="1" type="cond" truecount="1" falsecount="1"/>
        <line num="50" count="12" type="stmt"/>
        <line num="51" count="0" type="stmt"/>
        <line num="52" count="0" type="cond" truecount="0" falsecount="2"/>
        <line num="55" count="12" type="cond" truecount="3" falsecount="1"/>
        <line num="56" count="12" type="cond" truecount="3" falsecount="1"/>
        <line num="58" count="12" type="stmt"/>
      </file>
      <file name="Pagination.tsx" path="/Users/xiefan/github/vxui_react/src/components/Pagination.tsx">
        <metrics statements="19" coveredstatements="19" conditionals="18" coveredconditionals="18" methods="8" coveredmethods="8"/>
        <line num="13" count="43" type="stmt"/>
        <line num="17" count="9" type="stmt"/>
        <line num="19" count="9" type="stmt"/>
        <line num="20" count="9" type="stmt"/>
        <line num="21" count="9" type="cond" truecount="2" falsecount="0"/>
        <line num="23" count="7" type="stmt"/>
        <line num="24" count="7" type="stmt"/>
        <line num="26" count="7" type="stmt"/>
        <line num="27" count="7" type="stmt"/>
        <line num="29" count="7" type="cond" truecount="4" falsecount="0"/>
        <line num="30" count="5" type="stmt"/>
        <line num="32" count="2" type="cond" truecount="4" falsecount="0"/>
        <line num="33" count="1" type="stmt"/>
        <line num="35" count="1" type="stmt"/>
        <line num="38" count="9" type="stmt"/>
        <line num="44" count="1" type="stmt"/>
        <line num="53" count="59" type="cond" truecount="2" falsecount="0"/>
        <line num="61" count="1" type="stmt"/>
        <line num="72" count="1" type="stmt"/>
      </file>
      <file name="Popover.tsx" path="/Users/xiefan/github/vxui_react/src/components/Popover.tsx">
        <metrics statements="21" coveredstatements="20" conditionals="18" coveredconditionals="13" methods="9" coveredmethods="6"/>
        <line num="26" count="16" type="stmt"/>
        <line num="27" count="16" type="stmt"/>
        <line num="28" count="16" type="cond" truecount="1" falsecount="1"/>
        <line num="29" count="16" type="stmt"/>
        <line num="31" count="16" type="stmt"/>
        <line num="32" count="6" type="cond" truecount="1" falsecount="1"/>
        <line num="33" count="6" type="stmt"/>
        <line num="36" count="16" type="stmt"/>
        <line num="38" count="16" type="stmt"/>
        <line num="39" count="16" type="cond" truecount="2" falsecount="0"/>
        <line num="40" count="4" type="cond" truecount="0" falsecount="2"/>
        <line num="41" count="4" type="stmt"/>
        <line num="42" count="2" type="cond" truecount="4" falsecount="0"/>
        <line num="44" count="4" type="stmt"/>
        <line num="45" count="4" type="stmt"/>
        <line num="46" count="4" type="stmt"/>
        <line num="47" count="4" type="stmt"/>
        <line num="48" count="4" type="stmt"/>
        <line num="53" count="16" type="cond" truecount="1" falsecount="1"/>
        <line num="55" count="0" type="stmt"/>
        <line num="57" count="16" type="stmt"/>
      </file>
      <file name="Progress.tsx" path="/Users/xiefan/github/vxui_react/src/components/Progress.tsx">
        <metrics statements="2" coveredstatements="2" conditionals="24" coveredconditionals="24" methods="1" coveredmethods="1"/>
        <line num="25" count="16" type="cond" truecount="2" falsecount="0"/>
        <line num="27" count="16" type="stmt"/>
      </file>
      <file name="Radio.tsx" path="/Users/xiefan/github/vxui_react/src/components/Radio.tsx">
        <metrics statements="2" coveredstatements="2" conditionals="8" coveredconditionals="6" methods="2" coveredmethods="2"/>
        <line num="10" count="8" type="stmt"/>
        <line num="35" count="3" type="stmt"/>
      </file>
      <file name="Rating.tsx" path="/Users/xiefan/github/vxui_react/src/components/Rating.tsx">
        <metrics statements="27" coveredstatements="23" conditionals="41" coveredconditionals="34" methods="9" coveredmethods="8"/>
        <line num="5" count="68" type="stmt"/>
        <line num="62" count="14" type="stmt"/>
        <line num="63" count="14" type="stmt"/>
        <line num="64" count="14" type="cond" truecount="2" falsecount="0"/>
        <line num="65" count="14" type="stmt"/>
        <line num="67" count="14" type="cond" truecount="2" falsecount="0"/>
        <line num="69" count="14" type="stmt"/>
        <line num="70" count="2" type="cond" truecount="1" falsecount="1"/>
        <line num="71" count="0" type="stmt"/>
        <line num="72" count="0" type="stmt"/>
        <line num="73" count="0" type="cond" truecount="0" falsecount="2"/>
        <line num="76" count="14" type="stmt"/>
        <line num="77" count="1" type="cond" truecount="3" falsecount="1"/>
        <line num="78" count="1" type="stmt"/>
        <line num="79" count="1" type="cond" truecount="1" falsecount="1"/>
        <line num="80" count="1" type="stmt"/>
        <line num="83" count="14" type="stmt"/>
        <line num="84" count="1" type="cond" truecount="3" falsecount="1"/>
        <line num="85" count="1" type="stmt"/>
        <line num="88" count="14" type="stmt"/>
        <line num="95" count="68" type="stmt"/>
        <line num="96" count="68" type="stmt"/>
        <line num="97" count="68" type="cond" truecount="2" falsecount="0"/>
        <line num="98" count="68" type="stmt"/>
        <line num="106" count="1" type="stmt"/>
        <line num="107" count="1" type="stmt"/>
        <line num="108" count="0" type="stmt"/>
      </file>
      <file name="Resizable.tsx" path="/Users/xiefan/github/vxui_react/src/components/Resizable.tsx">
        <metrics statements="42" coveredstatements="6" conditionals="35" coveredconditionals="8" methods="7" coveredmethods="3"/>
        <line num="18" count="8" type="stmt"/>
        <line num="51" count="9" type="stmt"/>
        <line num="73" count="2" type="stmt"/>
        <line num="74" count="2" type="stmt"/>
        <line num="76" count="2" type="stmt"/>
        <line num="78" count="0" type="stmt"/>
        <line num="79" count="0" type="stmt"/>
        <line num="80" count="0" type="stmt"/>
        <line num="81" count="0" type="cond" truecount="0" falsecount="4"/>
        <line num="83" count="0" type="stmt"/>
        <line num="84" count="0" type="stmt"/>
        <line num="85" count="0" type="cond" truecount="0" falsecount="2"/>
        <line num="87" count="0" type="cond" truecount="0" falsecount="2"/>
        <line num="88" count="0" type="cond" truecount="0" falsecount="2"/>
        <line num="90" count="0" type="stmt"/>
        <line num="91" count="0" type="cond" truecount="0" falsecount="6"/>
        <line num="93" count="0" type="stmt"/>
        <line num="95" count="0" type="stmt"/>
        <line num="96" count="0" type="stmt"/>
        <line num="98" count="0" type="cond" truecount="0" falsecount="2"/>
        <line num="99" count="0" type="cond" truecount="0" falsecount="2"/>
        <line num="100" count="0" type="cond" truecount="0" falsecount="2"/>
        <line num="101" count="0" type="cond" truecount="0" falsecount="2"/>
        <line num="103" count="0" type="stmt"/>
        <line num="104" count="0" type="cond" truecount="0" falsecount="2"/>
        <line num="105" count="0" type="stmt"/>
        <line num="106" count="0" type="stmt"/>
        <line num="107" count="0" type="stmt"/>
        <line num="108" count="0" type="stmt"/>
        <line num="109" count="0" type="stmt"/>
        <line num="112" count="0" type="stmt"/>
        <line num="113" count="0" type="stmt"/>
        <line num="114" count="0" type="stmt"/>
        <line num="115" count="0" type="stmt"/>
        <line num="116" count="0" type="stmt"/>
        <line num="117" count="0" type="stmt"/>
        <line num="118" count="0" type="stmt"/>
        <line num="121" count="0" type="stmt"/>
        <line num="122" count="0" type="stmt"/>
        <line num="123" count="0" type="stmt"/>
        <line num="124" count="0" type="stmt"/>
        <line num="129" count="2" type="stmt"/>
      </file>
      <file name="Responsive.tsx" path="/Users/xiefan/github/vxui_react/src/components/Responsive.tsx">
        <metrics statements="4" coveredstatements="4" conditionals="6" coveredconditionals="6" methods="1" coveredmethods="1"/>
        <line num="29" count="6" type="stmt"/>
        <line num="31" count="6" type="cond" truecount="2" falsecount="0"/>
        <line num="32" count="4" type="cond" truecount="4" falsecount="0"/>
        <line num="33" count="2" type="stmt"/>
      </file>
      <file name="ScrollArea.tsx" path="/Users/xiefan/github/vxui_react/src/components/ScrollArea.tsx">
        <metrics statements="1" coveredstatements="1" conditionals="4" coveredconditionals="2" methods="1" coveredmethods="1"/>
        <line num="18" count="5" type="stmt"/>
      </file>
      <file name="SegmentedControl.tsx" path="/Users/xiefan/github/vxui_react/src/components/SegmentedControl.tsx">
        <metrics statements="19" coveredstatements="19" conditionals="15" coveredconditionals="12" methods="7" coveredmethods="7"/>
        <line num="29" count="14" type="cond" truecount="2" falsecount="0"/>
        <line num="30" count="14" type="stmt"/>
        <line num="31" count="14" type="cond" truecount="2" falsecount="0"/>
        <line num="33" count="14" type="stmt"/>
        <line num="34" count="14" type="stmt"/>
        <line num="35" count="14" type="stmt"/>
        <line num="37" count="14" type="stmt"/>
        <line num="40" count="7" type="stmt"/>
        <line num="41" count="7" type="stmt"/>
        <line num="42" count="7" type="cond" truecount="1" falsecount="1"/>
        <line num="43" count="7" type="stmt"/>
        <line num="52" count="14" type="stmt"/>
        <line num="53" count="1" type="cond" truecount="1" falsecount="1"/>
        <line num="54" count="1" type="stmt"/>
        <line num="57" count="14" type="stmt"/>
        <line num="76" count="56" type="stmt"/>
        <line num="77" count="56" type="stmt"/>
        <line num="80" count="112" type="stmt"/>
        <line num="85" count="1" type="cond" truecount="2" falsecount="0"/>
      </file>
      <file name="Select.tsx" path="/Users/xiefan/github/vxui_react/src/components/Select.tsx">
        <metrics statements="1" coveredstatements="1" conditionals="6" coveredconditionals="6" methods="1" coveredmethods="1"/>
        <line num="11" count="7" type="stmt"/>
      </file>
      <file name="Separator.tsx" path="/Users/xiefan/github/vxui_react/src/components/Separator.tsx">
        <metrics statements="1" coveredstatements="1" conditionals="6" coveredconditionals="6" methods="1" coveredmethods="1"/>
        <line num="10" count="7" type="stmt"/>
      </file>
      <file name="Sheet.tsx" path="/Users/xiefan/github/vxui_react/src/components/Sheet.tsx">
        <metrics statements="1" coveredstatements="1" conditionals="9" coveredconditionals="7" methods="1" coveredmethods="1"/>
        <line num="29" count="12" type="stmt"/>
      </file>
      <file name="Skeleton.tsx" path="/Users/xiefan/github/vxui_react/src/components/Skeleton.tsx">
        <metrics statements="4" coveredstatements="4" conditionals="12" coveredconditionals="12" methods="2" coveredmethods="2"/>
        <line num="20" count="8" type="cond" truecount="4" falsecount="0"/>
        <line num="21" count="2" type="stmt"/>
        <line num="24" count="6" type="stmt"/>
        <line num="34" count="6" type="stmt"/>
      </file>
      <file name="Slider.tsx" path="/Users/xiefan/github/vxui_react/src/components/Slider.tsx">
        <metrics statements="2" coveredstatements="2" conditionals="14" coveredconditionals="14" methods="1" coveredmethods="1"/>
        <line num="11" count="8" type="cond" truecount="3" falsecount="0"/>
        <line num="12" count="8" type="stmt"/>
      </file>
      <file name="Spinner.tsx" path="/Users/xiefan/github/vxui_react/src/components/Spinner.tsx">
        <metrics statements="3" coveredstatements="3" conditionals="2" coveredconditionals="2" methods="1" coveredmethods="1"/>
        <line num="11" count="1" type="stmt"/>
        <line num="14" count="7" type="stmt"/>
        <line num="15" count="7" type="stmt"/>
      </file>
      <file name="Stepper.tsx" path="/Users/xiefan/github/vxui_react/src/components/Stepper.tsx">
        <metrics statements="3" coveredstatements="3" conditionals="14" coveredconditionals="9" methods="2" coveredmethods="2"/>
        <line num="27" count="10" type="stmt"/>
        <line num="34" count="25" type="cond" truecount="1" falsecount="1"/>
        <line num="36" count="25" type="stmt"/>
      </file>
      <file name="Switch.tsx" path="/Users/xiefan/github/vxui_react/src/components/Switch.tsx">
        <metrics statements="1" coveredstatements="1" conditionals="2" coveredconditionals="2" methods="1" coveredmethods="1"/>
        <line num="11" count="8" type="stmt"/>
      </file>
      <file name="Table.tsx" path="/Users/xiefan/github/vxui_react/src/components/Table.tsx">
        <metrics statements="23" coveredstatements="22" conditionals="77" coveredconditionals="71" methods="6" coveredmethods="6"/>
        <line num="64" count="22" type="cond" truecount="2" falsecount="0"/>
        <line num="65" count="22" type="stmt"/>
        <line num="66" count="22" type="stmt"/>
        <line num="68" count="22" type="stmt"/>
        <line num="69" count="22" type="cond" truecount="2" falsecount="0"/>
        <line num="70" count="22" type="cond" truecount="4" falsecount="0"/>
        <line num="72" count="22" type="stmt"/>
        <line num="74" count="7" type="cond" truecount="2" falsecount="0"/>
        <line num="75" count="4" type="stmt"/>
        <line num="76" count="3" type="cond" truecount="2" falsecount="0"/>
        <line num="77" count="2" type="stmt"/>
        <line num="78" count="1" type="cond" truecount="1" falsecount="1"/>
        <line num="79" count="1" type="stmt"/>
        <line num="81" count="0" type="stmt"/>
        <line num="84" count="7" type="cond" truecount="2" falsecount="0"/>
        <line num="85" count="6" type="cond" truecount="2" falsecount="0"/>
        <line num="86" count="6" type="stmt"/>
        <line num="88" count="7" type="stmt"/>
        <line num="91" count="22" type="stmt"/>
        <line num="114" count="63" type="stmt"/>
        <line num="123" count="7" type="cond" truecount="2" falsecount="0"/>
        <line num="150" count="60" type="stmt"/>
        <line num="152" count="180" type="stmt"/>
      </file>
      <file name="Tabs.tsx" path="/Users/xiefan/github/vxui_react/src/components/Tabs.tsx">
        <metrics statements="7" coveredstatements="7" conditionals="0" coveredconditionals="0" methods="3" coveredmethods="3"/>
        <line num="6" count="1" type="stmt"/>
        <line num="8" count="1" type="stmt"/>
        <line num="12" count="7" type="stmt"/>
        <line num="15" count="1" type="stmt"/>
        <line num="19" count="21" type="stmt"/>
        <line num="22" count="1" type="stmt"/>
        <line num="26" count="21" type="stmt"/>
      </file>
      <file name="TagInput.tsx" path="/Users/xiefan/github/vxui_react/src/components/TagInput.tsx">
        <metrics statements="46" coveredstatements="38" conditionals="50" coveredconditionals="39" methods="11" coveredmethods="10"/>
        <line num="39" count="41" type="stmt"/>
        <line num="40" count="41" type="stmt"/>
        <line num="41" count="41" type="cond" truecount="1" falsecount="1"/>
        <line num="43" count="41" type="stmt"/>
        <line num="44" count="41" type="stmt"/>
        <line num="45" count="41" type="stmt"/>
        <line num="47" count="41" type="stmt"/>
        <line num="48" count="5" type="cond" truecount="1" falsecount="1"/>
        <line num="49" count="5" type="stmt"/>
        <line num="52" count="41" type="stmt"/>
        <line num="53" count="5" type="stmt"/>
        <line num="54" count="5" type="cond" truecount="1" falsecount="1"/>
        <line num="55" count="5" type="cond" truecount="2" falsecount="0"/>
        <line num="56" count="1" type="stmt"/>
        <line num="57" count="1" type="stmt"/>
        <line num="59" count="4" type="cond" truecount="4" falsecount="0"/>
        <line num="60" count="1" type="stmt"/>
        <line num="61" count="1" type="stmt"/>
        <line num="63" count="3" type="cond" truecount="1" falsecount="1"/>
        <line num="64" count="0" type="stmt"/>
        <line num="65" count="0" type="cond" truecount="0" falsecount="2"/>
        <line num="66" count="0" type="stmt"/>
        <line num="67" count="0" type="stmt"/>
        <line num="69" count="0" type="cond" truecount="0" falsecount="2"/>
        <line num="70" count="0" type="stmt"/>
        <line num="71" count="0" type="stmt"/>
        <line num="74" count="3" type="stmt"/>
        <line num="75" count="3" type="stmt"/>
        <line num="76" count="3" type="stmt"/>
        <line num="79" count="41" type="stmt"/>
        <line num="80" count="3" type="stmt"/>
        <line num="83" count="41" type="stmt"/>
        <line num="84" count="28" type="cond" truecount="2" falsecount="0"/>
        <line num="85" count="5" type="stmt"/>
        <line num="86" count="5" type="stmt"/>
        <line num="87" count="23" type="cond" truecount="5" falsecount="0"/>
        <line num="88" count="1" type="stmt"/>
        <line num="92" count="41" type="cond" truecount="2" falsecount="0"/>
        <line num="94" count="41" type="stmt"/>
        <line num="103" count="6" type="stmt"/>
        <line num="106" count="22" type="stmt"/>
        <line num="113" count="1" type="stmt"/>
        <line num="114" count="1" type="stmt"/>
        <line num="131" count="22" type="stmt"/>
        <line num="132" count="22" type="stmt"/>
        <line num="135" count="0" type="cond" truecount="0" falsecount="2"/>
      </file>
      <file name="Text.tsx" path="/Users/xiefan/github/vxui_react/src/components/Text.tsx">
        <metrics statements="1" coveredstatements="1" conditionals="7" coveredconditionals="7" methods="1" coveredmethods="1"/>
        <line num="26" count="19" type="stmt"/>
      </file>
      <file name="Textarea.tsx" path="/Users/xiefan/github/vxui_react/src/components/Textarea.tsx">
        <metrics statements="1" coveredstatements="1" conditionals="5" coveredconditionals="5" methods="1" coveredmethods="1"/>
        <line num="11" count="7" type="stmt"/>
      </file>
      <file name="ThemeProvider.tsx" path="/Users/xiefan/github/vxui_react/src/components/ThemeProvider.tsx">
        <metrics statements="53" coveredstatements="38" conditionals="39" coveredconditionals="20" methods="19" coveredmethods="15"/>
        <line num="21" count="1" type="stmt"/>
        <line num="33" count="12" type="stmt"/>
        <line num="40" count="1" type="stmt"/>
        <line num="351" count="4" type="stmt"/>
        <line num="358" count="4" type="cond" truecount="3" falsecount="1"/>
        <line num="359" count="4" type="stmt"/>
        <line num="362" count="0" type="cond" truecount="0" falsecount="2"/>
        <line num="363" count="0" type="stmt"/>
        <line num="366" count="0" type="stmt"/>
        <line num="367" count="0" type="cond" truecount="0" falsecount="2"/>
        <line num="371" count="4" type="stmt"/>
        <line num="372" count="4" type="cond" truecount="2" falsecount="2"/>
        <line num="376" count="0" type="cond" truecount="0" falsecount="2"/>
        <line num="377" count="0" type="stmt"/>
        <line num="380" count="0" type="stmt"/>
        <line num="381" count="0" type="stmt"/>
        <line num="399" count="1" type="stmt"/>
        <line num="407" count="5" type="stmt"/>
        <line num="408" count="5" type="stmt"/>
        <line num="409" count="5" type="stmt"/>
        <line num="411" count="5" type="stmt"/>
        <line num="412" count="4" type="cond" truecount="1" falsecount="1"/>
        <line num="413" count="0" type="stmt"/>
        <line num="416" count="4" type="cond" truecount="2" falsecount="0"/>
        <line num="419" count="5" type="cond" truecount="1" falsecount="1"/>
        <line num="420" count="5" type="stmt"/>
        <line num="422" count="5" type="stmt"/>
        <line num="423" count="5" type="cond" truecount="1" falsecount="1"/>
        <line num="424" count="0" type="stmt"/>
        <line num="428" count="5" type="stmt"/>
        <line num="429" count="5" type="stmt"/>
        <line num="431" count="5" type="stmt"/>
        <line num="432" count="0" type="stmt"/>
        <line num="435" count="5" type="stmt"/>
        <line num="436" count="5" type="stmt"/>
        <line num="438" count="5" type="cond" truecount="2" falsecount="0"/>
        <line num="439" count="30" type="cond" truecount="2" falsecount="0"/>
        <line num="442" count="5" type="stmt"/>
        <line num="443" count="30" type="stmt"/>
        <line num="446" count="30" type="stmt"/>
        <line num="447" count="5" type="stmt"/>
        <line num="450" count="5" type="stmt"/>
        <line num="451" count="5" type="stmt"/>
        <line num="456" count="1" type="cond" truecount="1" falsecount="1"/>
        <line num="459" count="0" type="stmt"/>
        <line num="460" count="0" type="cond" truecount="0" falsecount="2"/>
        <line num="461" count="0" type="cond" truecount="0" falsecount="2"/>
        <line num="462" count="0" type="cond" truecount="0" falsecount="2"/>
        <line num="469" count="5" type="stmt"/>
        <line num="473" count="7" type="stmt"/>
        <line num="475" count="7" type="cond" truecount="2" falsecount="0"/>
        <line num="476" count="2" type="stmt"/>
        <line num="479" count="4" type="stmt"/>
      </file>
      <file name="TimePicker.tsx" path="/Users/xiefan/github/vxui_react/src/components/TimePicker.tsx">
        <metrics statements="62" coveredstatements="51" conditionals="74" coveredconditionals="56" methods="26" coveredmethods="19"/>
        <line num="6" count="102" type="stmt"/>
        <line num="10" count="21" type="stmt"/>
        <line num="11" count="21" type="cond" truecount="4" falsecount="2"/>
        <line num="15" count="7" type="cond" truecount="1" falsecount="1"/>
        <line num="19" count="24" type="stmt"/>
        <line num="28" count="22" type="stmt"/>
        <line num="36" count="22" type="stmt"/>
        <line num="52" count="22" type="stmt"/>
        <line num="54" count="22" type="cond" truecount="2" falsecount="0"/>
        <line num="55" count="22" type="cond" truecount="2" falsecount="0"/>
        <line num="57" count="22" type="stmt"/>
        <line num="58" count="0" type="stmt"/>
        <line num="59" count="0" type="cond" truecount="0" falsecount="2"/>
        <line num="60" count="0" type="stmt"/>
        <line num="63" count="22" type="stmt"/>
        <line num="64" count="0" type="cond" truecount="0" falsecount="2"/>
        <line num="65" count="0" type="cond" truecount="0" falsecount="2"/>
        <line num="69" count="22" type="cond" truecount="2" falsecount="0"/>
        <line num="70" count="22" type="cond" truecount="2" falsecount="0"/>
        <line num="72" count="22" type="stmt"/>
        <line num="138" count="30" type="stmt"/>
        <line num="139" count="30" type="stmt"/>
        <line num="140" count="30" type="cond" truecount="1" falsecount="1"/>
        <line num="142" count="30" type="cond" truecount="2" falsecount="0"/>
        <line num="143" count="30" type="stmt"/>
        <line num="144" count="30" type="stmt"/>
        <line num="145" count="30" type="stmt"/>
        <line num="147" count="30" type="stmt"/>
        <line num="148" count="30" type="stmt"/>
        <line num="149" count="30" type="stmt"/>
        <line num="152" count="30" type="stmt"/>
        <line num="153" count="13" type="cond" truecount="1" falsecount="1"/>
        <line num="154" count="0" type="stmt"/>
        <line num="155" count="0" type="stmt"/>
        <line num="159" count="30" type="stmt"/>
        <line num="160" count="19" type="cond" truecount="2" falsecount="0"/>
        <line num="161" count="6" type="stmt"/>
        <line num="162" count="5" type="cond" truecount="3" falsecount="1"/>
        <line num="164" count="6" type="stmt"/>
        <line num="165" count="0" type="cond" truecount="0" falsecount="2"/>
        <line num="167" count="6" type="stmt"/>
        <line num="168" count="6" type="stmt"/>
        <line num="169" count="6" type="stmt"/>
        <line num="170" count="6" type="stmt"/>
        <line num="171" count="6" type="stmt"/>
        <line num="172" count="6" type="stmt"/>
        <line num="173" count="6" type="stmt"/>
        <line num="177" count="30" type="stmt"/>
        <line num="178" count="19" type="cond" truecount="3" falsecount="1"/>
        <line num="179" count="0" type="stmt"/>
        <line num="180" count="0" type="stmt"/>
        <line num="183" count="30" type="stmt"/>
        <line num="185" count="5" type="stmt"/>
        <line num="186" count="5" type="cond" truecount="1" falsecount="1"/>
        <line num="187" count="5" type="stmt"/>
        <line num="192" count="30" type="stmt"/>
        <line num="193" count="30" type="stmt"/>
        <line num="194" count="30" type="stmt"/>
        <line num="196" count="30" type="cond" truecount="4" falsecount="0"/>
        <line num="198" count="30" type="stmt"/>
        <line num="208" count="6" type="cond" truecount="2" falsecount="0"/>
        <line num="237" count="0" type="stmt"/>
      </file>
      <file name="Timeline.tsx" path="/Users/xiefan/github/vxui_react/src/components/Timeline.tsx">
        <metrics statements="2" coveredstatements="2" conditionals="8" coveredconditionals="8" methods="2" coveredmethods="2"/>
        <line num="20" count="11" type="stmt"/>
        <line num="23" count="21" type="stmt"/>
      </file>
      <file name="Toast.tsx" path="/Users/xiefan/github/vxui_react/src/components/Toast.tsx">
        <metrics statements="15" coveredstatements="15" conditionals="10" coveredconditionals="7" methods="9" coveredmethods="9"/>
        <line num="23" count="1" type="stmt"/>
        <line num="25" count="1" type="stmt"/>
        <line num="27" count="1" type="stmt"/>
        <line num="35" count="16" type="stmt"/>
        <line num="37" count="16" type="stmt"/>
        <line num="38" count="8" type="stmt"/>
        <line num="40" count="7" type="stmt"/>
        <line num="46" count="16" type="stmt"/>
        <line num="51" count="7" type="stmt"/>
        <line num="57" count="1" type="cond" truecount="1" falsecount="1"/>
        <line num="58" count="1" type="stmt"/>
        <line num="87" count="10" type="stmt"/>
        <line num="89" count="10" type="cond" truecount="2" falsecount="0"/>
        <line num="90" count="2" type="stmt"/>
        <line num="93" count="7" type="stmt"/>
      </file>
      <file name="Toggle.tsx" path="/Users/xiefan/github/vxui_react/src/components/Toggle.tsx">
        <metrics statements="23" coveredstatements="23" conditionals="32" coveredconditionals="26" methods="9" coveredmethods="8"/>
        <line num="23" count="8" type="stmt"/>
        <line num="24" count="8" type="stmt"/>
        <line num="25" count="8" type="cond" truecount="2" falsecount="0"/>
        <line num="27" count="8" type="stmt"/>
        <line num="28" count="2" type="cond" truecount="1" falsecount="1"/>
        <line num="29" count="2" type="stmt"/>
        <line num="30" count="2" type="stmt"/>
        <line num="33" count="8" type="stmt"/>
        <line num="71" count="7" type="stmt"/>
        <line num="74" count="7" type="stmt"/>
        <line num="75" count="7" type="cond" truecount="1" falsecount="1"/>
        <line num="77" count="7" type="stmt"/>
        <line num="78" count="42" type="cond" truecount="2" falsecount="0"/>
        <line num="80" count="7" type="stmt"/>
        <line num="82" count="3" type="cond" truecount="2" falsecount="0"/>
        <line num="83" count="2" type="cond" truecount="1" falsecount="1"/>
        <line num="84" count="2" type="cond" truecount="1" falsecount="1"/>
        <line num="86" count="1" type="cond" truecount="1" falsecount="1"/>
        <line num="88" count="3" type="cond" truecount="1" falsecount="1"/>
        <line num="89" count="3" type="stmt"/>
        <line num="92" count="7" type="stmt"/>
        <line num="95" count="21" type="stmt"/>
        <line num="106" count="3" type="cond" truecount="2" falsecount="0"/>
      </file>
      <file name="Tooltip.tsx" path="/Users/xiefan/github/vxui_react/src/components/Tooltip.tsx">
        <metrics statements="9" coveredstatements="9" conditionals="8" coveredconditionals="7" methods="6" coveredmethods="6"/>
        <line num="16" count="10" type="stmt"/>
        <line num="17" count="10" type="stmt"/>
        <line num="19" count="10" type="stmt"/>
        <line num="20" count="3" type="stmt"/>
        <line num="23" count="10" type="stmt"/>
        <line num="24" count="1" type="cond" truecount="1" falsecount="1"/>
        <line num="25" count="1" type="stmt"/>
        <line num="28" count="10" type="cond" truecount="2" falsecount="0"/>
        <line num="30" count="10" type="stmt"/>
      </file>
      <file name="TreeView.tsx" path="/Users/xiefan/github/vxui_react/src/components/TreeView.tsx">
        <metrics statements="35" coveredstatements="35" conditionals="51" coveredconditionals="46" methods="8" coveredmethods="8"/>
        <line num="36" count="57" type="cond" truecount="2" falsecount="0"/>
        <line num="37" count="57" type="stmt"/>
        <line num="38" count="57" type="stmt"/>
        <line num="40" count="57" type="stmt"/>
        <line num="41" count="3" type="cond" truecount="4" falsecount="0"/>
        <line num="42" count="1" type="stmt"/>
        <line num="43" count="1" type="cond" truecount="1" falsecount="1"/>
        <line num="45" count="3" type="cond" truecount="5" falsecount="0"/>
        <line num="46" count="1" type="stmt"/>
        <line num="47" count="1" type="stmt"/>
        <line num="49" count="3" type="cond" truecount="4" falsecount="0"/>
        <line num="50" count="1" type="stmt"/>
        <line num="51" count="1" type="stmt"/>
        <line num="55" count="57" type="stmt"/>
        <line num="65" count="6" type="cond" truecount="2" falsecount="0"/>
        <line num="66" count="5" type="stmt"/>
        <line num="67" count="5" type="cond" truecount="2" falsecount="0"/>
        <line num="86" count="21" type="stmt"/>
        <line num="112" count="22" type="stmt"/>
        <line num="113" count="22" type="stmt"/>
        <line num="114" count="22" type="cond" truecount="1" falsecount="1"/>
        <line num="116" count="22" type="stmt"/>
        <line num="117" count="22" type="stmt"/>
        <line num="120" count="22" type="cond" truecount="2" falsecount="0"/>
        <line num="122" count="22" type="stmt"/>
        <line num="124" count="6" type="cond" truecount="1" falsecount="1"/>
        <line num="125" count="6" type="stmt"/>
        <line num="130" count="22" type="stmt"/>
        <line num="132" count="6" type="stmt"/>
        <line num="133" count="6" type="cond" truecount="2" falsecount="0"/>
        <line num="134" count="4" type="stmt"/>
        <line num="135" count="6" type="cond" truecount="1" falsecount="1"/>
        <line num="136" count="6" type="stmt"/>
        <line num="141" count="22" type="stmt"/>
        <line num="148" count="36" type="stmt"/>
      </file>
    </package>
    <package name="components.mobile">
      <metrics statements="99" coveredstatements="73" conditionals="116" coveredconditionals="101" methods="38" coveredmethods="31"/>
      <file name="ActionSheet.tsx" path="/Users/xiefan/github/vxui_react/src/components/mobile/ActionSheet.tsx">
        <metrics statements="42" coveredstatements="28" conditionals="31" coveredconditionals="23" methods="12" coveredmethods="9"/>
        <line num="21" count="8" type="stmt"/>
        <line num="22" count="8" type="stmt"/>
        <line num="23" count="8" type="stmt"/>
        <line num="24" count="8" type="stmt"/>
        <line num="25" count="8" type="stmt"/>
        <line num="28" count="8" type="stmt"/>
        <line num="29" count="8" type="cond" truecount="2" falsecount="0"/>
        <line num="30" count="1" type="stmt"/>
        <line num="31" count="1" type="stmt"/>
        <line num="36" count="8" type="stmt"/>
        <line num="37" count="8" type="cond" truecount="2" falsecount="0"/>
        <line num="38" count="7" type="stmt"/>
        <line num="39" count="1" type="cond" truecount="1" falsecount="1"/>
        <line num="41" count="7" type="stmt"/>
        <line num="42" count="7" type="stmt"/>
        <line num="46" count="8" type="stmt"/>
        <line num="47" count="8" type="cond" truecount="2" falsecount="0"/>
        <line num="48" count="7" type="stmt"/>
        <line num="50" count="1" type="stmt"/>
        <line num="52" count="8" type="stmt"/>
        <line num="53" count="8" type="stmt"/>
        <line num="57" count="8" type="stmt"/>
        <line num="58" count="0" type="stmt"/>
        <line num="59" count="0" type="stmt"/>
        <line num="60" count="0" type="stmt"/>
        <line num="63" count="8" type="stmt"/>
        <line num="64" count="0" type="stmt"/>
        <line num="65" count="0" type="cond" truecount="0" falsecount="2"/>
        <line num="66" count="0" type="stmt"/>
        <line num="67" count="0" type="stmt"/>
        <line num="70" count="8" type="stmt"/>
        <line num="71" count="0" type="stmt"/>
        <line num="72" count="0" type="stmt"/>
        <line num="73" count="0" type="cond" truecount="0" falsecount="2"/>
        <line num="74" count="0" type="stmt"/>
        <line num="75" count="0" type="cond" truecount="0" falsecount="2"/>
        <line num="76" count="0" type="stmt"/>
        <line num="78" count="0" type="stmt"/>
        <line num="82" count="8" type="cond" truecount="2" falsecount="0"/>
        <line num="84" count="7" type="stmt"/>
        <line num="98" count="1" type="stmt"/>
        <line num="126" count="7" type="stmt"/>
      </file>
      <file name="BottomNav.tsx" path="/Users/xiefan/github/vxui_react/src/components/mobile/BottomNav.tsx">
        <metrics statements="13" coveredstatements="12" conditionals="24" coveredconditionals="23" methods="9" coveredmethods="8"/>
        <line num="29" count="14" type="stmt"/>
        <line num="30" count="14" type="cond" truecount="2" falsecount="0"/>
        <line num="32" count="14" type="stmt"/>
        <line num="33" count="5" type="cond" truecount="2" falsecount="0"/>
        <line num="34" count="4" type="cond" truecount="2" falsecount="0"/>
        <line num="36" count="1" type="stmt"/>
        <line num="37" count="1" type="stmt"/>
        <line num="41" count="14" type="stmt"/>
        <line num="47" count="0" type="stmt"/>
        <line num="52" count="5" type="stmt"/>
        <line num="57" count="1" type="stmt"/>
        <line num="68" count="29" type="stmt"/>
        <line num="76" count="5" type="stmt"/>
      </file>
      <file name="MobileDrawer.tsx" path="/Users/xiefan/github/vxui_react/src/components/mobile/MobileDrawer.tsx">
        <metrics statements="40" coveredstatements="29" conditionals="41" coveredconditionals="35" methods="14" coveredmethods="11"/>
        <line num="27" count="5" type="stmt"/>
        <line num="28" count="5" type="stmt"/>
        <line num="29" count="5" type="stmt"/>
        <line num="30" count="5" type="stmt"/>
        <line num="31" count="5" type="stmt"/>
        <line num="34" count="5" type="stmt"/>
        <line num="35" count="5" type="cond" truecount="2" falsecount="0"/>
        <line num="36" count="1" type="stmt"/>
        <line num="37" count="1" type="stmt"/>
        <line num="42" count="5" type="stmt"/>
        <line num="43" count="5" type="cond" truecount="2" falsecount="0"/>
        <line num="44" count="4" type="stmt"/>
        <line num="45" count="1" type="cond" truecount="1" falsecount="1"/>
        <line num="47" count="4" type="stmt"/>
        <line num="48" count="4" type="stmt"/>
        <line num="52" count="5" type="stmt"/>
        <line num="53" count="5" type="cond" truecount="2" falsecount="0"/>
        <line num="54" count="5" type="stmt"/>
        <line num="57" count="5" type="stmt"/>
        <line num="58" count="0" type="stmt"/>
        <line num="59" count="0" type="stmt"/>
        <line num="60" count="0" type="stmt"/>
        <line num="63" count="5" type="stmt"/>
        <line num="64" count="0" type="stmt"/>
        <line num="65" count="0" type="cond" truecount="0" falsecount="2"/>
        <line num="66" count="0" type="stmt"/>
        <line num="67" count="0" type="stmt"/>
        <line num="70" count="5" type="stmt"/>
        <line num="71" count="0" type="stmt"/>
        <line num="72" count="0" type="cond" truecount="0" falsecount="2"/>
        <line num="73" count="0" type="stmt"/>
        <line num="75" count="0" type="stmt"/>
        <line num="79" count="5" type="cond" truecount="2" falsecount="0"/>
        <line num="82" count="4" type="stmt"/>
        <line num="83" count="4" type="stmt"/>
        <line num="85" count="4" type="stmt"/>
        <line num="125" count="5" type="stmt"/>
        <line num="151" count="5" type="stmt"/>
        <line num="153" count="5" type="stmt"/>
        <line num="160" count="2" type="stmt"/>
      </file>
      <file name="MobileList.tsx" path="/Users/xiefan/github/vxui_react/src/components/mobile/MobileList.tsx">
        <metrics statements="4" coveredstatements="4" conditionals="20" coveredconditionals="20" methods="3" coveredmethods="3"/>
        <line num="6" count="3" type="stmt"/>
        <line num="14" count="2" type="stmt"/>
        <line num="52" count="8" type="stmt"/>
        <line num="63" count="8" type="stmt"/>
      </file>
    </package>
    <package name="hooks">
      <metrics statements="13" coveredstatements="13" conditionals="9" coveredconditionals="9" methods="3" coveredmethods="3"/>
      <file name="useDropDirection.ts" path="/Users/xiefan/github/vxui_react/src/hooks/useDropDirection.ts">
        <metrics statements="12" coveredstatements="12" conditionals="9" coveredconditionals="9" methods="2" coveredmethods="2"/>
        <line num="14" count="187" type="stmt"/>
        <line num="16" count="187" type="stmt"/>
        <line num="17" count="116" type="cond" truecount="4" falsecount="0"/>
        <line num="18" count="80" type="stmt"/>
        <line num="19" count="80" type="stmt"/>
        <line num="21" count="36" type="stmt"/>
        <line num="22" count="36" type="stmt"/>
        <line num="23" count="36" type="stmt"/>
        <line num="24" count="36" type="cond" truecount="4" falsecount="0"/>
        <line num="25" count="2" type="stmt"/>
        <line num="27" count="34" type="stmt"/>
        <line num="31" count="187" type="stmt"/>
      </file>
      <file name="useIsMobile.ts" path="/Users/xiefan/github/vxui_react/src/hooks/useIsMobile.ts">
        <metrics statements="1" coveredstatements="1" conditionals="0" coveredconditionals="0" methods="1" coveredmethods="1"/>
        <line num="8" count="4" type="stmt"/>
      </file>
    </package>
    <package name="lib">
      <metrics statements="26" coveredstatements="26" conditionals="14" coveredconditionals="10" methods="10" coveredmethods="10"/>
      <file name="cx.ts" path="/Users/xiefan/github/vxui_react/src/lib/cx.ts">
        <metrics statements="1" coveredstatements="1" conditionals="0" coveredconditionals="0" methods="1" coveredmethods="1"/>
        <line num="2" count="3705" type="stmt"/>
      </file>
      <file name="index.ts" path="/Users/xiefan/github/vxui_react/src/lib/index.ts">
        <metrics statements="0" coveredstatements="0" conditionals="0" coveredconditionals="0" methods="0" coveredmethods="0"/>
      </file>
      <file name="version.ts" path="/Users/xiefan/github/vxui_react/src/lib/version.ts">
        <metrics statements="1" coveredstatements="1" conditionals="0" coveredconditionals="0" methods="0" coveredmethods="0"/>
        <line num="7" count="1" type="stmt"/>
      </file>
      <file name="viewport.tsx" path="/Users/xiefan/github/vxui_react/src/lib/viewport.tsx">
        <metrics statements="24" coveredstatements="24" conditionals="14" coveredconditionals="10" methods="9" coveredmethods="9"/>
        <line num="24" count="3" type="stmt"/>
        <line num="25" count="3" type="stmt"/>
        <line num="28" count="16" type="cond" truecount="1" falsecount="1"/>
        <line num="29" count="16" type="stmt"/>
        <line num="30" count="16" type="cond" truecount="2" falsecount="0"/>
        <line num="31" count="10" type="cond" truecount="2" falsecount="0"/>
        <line num="32" count="7" type="stmt"/>
        <line num="37" count="3" type="stmt"/>
        <line num="52" count="16" type="cond" truecount="1" falsecount="1"/>
        <line num="53" count="16" type="stmt"/>
        <line num="58" count="16" type="stmt"/>
        <line num="59" count="16" type="stmt"/>
        <line num="61" count="16" type="stmt"/>
        <line num="63" count="12" type="stmt"/>
        <line num="64" count="4" type="stmt"/>
        <line num="65" count="4" type="cond" truecount="1" falsecount="1"/>
        <line num="66" count="4" type="stmt"/>
        <line num="67" count="4" type="cond" truecount="1" falsecount="1"/>
        <line num="70" count="12" type="stmt"/>
        <line num="71" count="12" type="stmt"/>
        <line num="74" count="16" type="stmt"/>
        <line num="76" count="16" type="stmt"/>
        <line num="84" count="16" type="stmt"/>
        <line num="94" count="17" type="stmt"/>
      </file>
    </package>
  </project>
</coverage>
