{"/Users/xiefan/github/vxui_react/src/components/Accordion.tsx": {"path":"/Users/xiefan/github/vxui_react/src/components/Accordion.tsx","statementMap":{"0":{"start":{"line":20,"column":30},"end":{"line":20,"column":null}},"1":{"start":{"line":23,"column":4},"end":{"line":31,"column":null}},"2":{"start":{"line":24,"column":19},"end":{"line":24,"column":null}},"3":{"start":{"line":25,"column":6},"end":{"line":29,"column":null}},"4":{"start":{"line":26,"column":8},"end":{"line":26,"column":null}},"5":{"start":{"line":28,"column":8},"end":{"line":28,"column":null}},"6":{"start":{"line":30,"column":6},"end":{"line":30,"column":null}},"7":{"start":{"line":34,"column":2},"end":{"line":58,"column":null}},"8":{"start":{"line":37,"column":21},"end":{"line":37,"column":null}},"9":{"start":{"line":38,"column":8},"end":{"line":55,"column":null}},"10":{"start":{"line":45,"column":29},"end":{"line":45,"column":null}}},"fnMap":{"0":{"name":"Accordion","decl":{"start":{"line":19,"column":16},"end":{"line":19,"column":26}},"loc":{"start":{"line":19,"column":100},"end":{"line":60,"column":null}},"line":19},"1":{"name":"toggle","decl":{"start":{"line":22,"column":11},"end":{"line":22,"column":18}},"loc":{"start":{"line":22,"column":31},"end":{"line":32,"column":null}},"line":22},"2":{"name":"(anonymous_2)","decl":{"start":{"line":23,"column":16},"end":{"line":23,"column":17}},"loc":{"start":{"line":23,"column":26},"end":{"line":31,"column":5}},"line":23},"3":{"name":"(anonymous_3)","decl":{"start":{"line":36,"column":17},"end":{"line":36,"column":18}},"loc":{"start":{"line":36,"column":27},"end":{"line":57,"column":7}},"line":36},"4":{"name":"(anonymous_4)","decl":{"start":{"line":45,"column":23},"end":{"line":45,"column":29}},"loc":{"start":{"line":45,"column":29},"end":{"line":45,"column":null}},"line":45}},"branchMap":{"0":{"loc":{"start":{"line":19,"column":35},"end":{"line":19,"column":53}},"type":"default-arg","locations":[{"start":{"line":19,"column":46},"end":{"line":19,"column":53}}],"line":19},"1":{"loc":{"start":{"line":19,"column":53},"end":{"line":19,"column":71}},"type":"default-arg","locations":[{"start":{"line":19,"column":67},"end":{"line":19,"column":71}}],"line":19},"2":{"loc":{"start":{"line":24,"column":27},"end":{"line":24,"column":47}},"type":"cond-expr","locations":[{"start":{"line":24,"column":38},"end":{"line":24,"column":45}},{"start":{"line":24,"column":45},"end":{"line":24,"column":47}}],"line":24},"3":{"loc":{"start":{"line":25,"column":6},"end":{"line":29,"column":null}},"type":"if","locations":[{"start":{"line":25,"column":6},"end":{"line":29,"column":null}},{"start":{"line":27,"column":13},"end":{"line":29,"column":null}}],"line":25},"4":{"loc":{"start":{"line":39,"column":66},"end":{"line":39,"column":102}},"type":"binary-expr","locations":[{"start":{"line":39,"column":66},"end":{"line":39,"column":74}},{"start":{"line":39,"column":74},"end":{"line":39,"column":102}}],"line":39},"5":{"loc":{"start":{"line":39,"column":102},"end":{"line":39,"column":149}},"type":"binary-expr","locations":[{"start":{"line":39,"column":102},"end":{"line":39,"column":119}},{"start":{"line":39,"column":119},"end":{"line":39,"column":149}}],"line":39},"6":{"loc":{"start":{"line":45,"column":29},"end":{"line":45,"column":null}},"type":"binary-expr","locations":[{"start":{"line":45,"column":29},"end":{"line":45,"column":47}},{"start":{"line":45,"column":47},"end":{"line":45,"column":null}}],"line":45},"7":{"loc":{"start":{"line":54,"column":13},"end":{"line":54,"column":null}},"type":"cond-expr","locations":[{"start":{"line":54,"column":20},"end":{"line":54,"column":82}},{"start":{"line":54,"column":82},"end":{"line":54,"column":null}}],"line":54}},"s":{"0":14,"1":5,"2":5,"3":5,"4":1,"5":4,"6":5,"7":14,"8":42,"9":42,"10":5},"f":{"0":14,"1":5,"2":5,"3":42,"4":5},"b":{"0":[14],"1":[14],"2":[2,3],"3":[1,4],"4":[42,8],"5":[42,14],"6":[5,5],"7":[8,34]},"meta":{"lastBranch":8,"lastFunction":5,"lastStatement":11,"seen":{"f:19:16:19:26":0,"b:19:46:19:53":0,"b:19:67:19:71":1,"s:20:30:20:Infinity":0,"f:22:11:22:18":1,"s:23:4:31:Infinity":1,"f:23:16:23:17":2,"s:24:19:24:Infinity":2,"b:24:38:24:45:24:45:24:47":2,"b:25:6:29:Infinity:27:13:29:Infinity":3,"s:25:6:29:Infinity":3,"s:26:8:26:Infinity":4,"s:28:8:28:Infinity":5,"s:30:6:30:Infinity":6,"s:34:2:58:Infinity":7,"f:36:17:36:18":3,"s:37:21:37:Infinity":8,"s:38:8:55:Infinity":9,"b:39:66:39:74:39:74:39:102":4,"b:39:102:39:119:39:119:39:149":5,"f:45:23:45:29":4,"s:45:29:45:Infinity":10,"b:45:29:45:47:45:47:45:Infinity":6,"b:54:20:54:82:54:82:54:Infinity":7}}}
,"/Users/xiefan/github/vxui_react/src/components/Alert.tsx": {"path":"/Users/xiefan/github/vxui_react/src/components/Alert.tsx","statementMap":{"0":{"start":{"line":6,"column":47},"end":{"line":31,"column":null}},"1":{"start":{"line":49,"column":2},"end":{"line":67,"column":null}}},"fnMap":{"0":{"name":"Alert","decl":{"start":{"line":40,"column":16},"end":{"line":40,"column":22}},"loc":{"start":{"line":48,"column":15},"end":{"line":69,"column":null}},"line":48}},"branchMap":{"0":{"loc":{"start":{"line":42,"column":2},"end":{"line":42,"column":null}},"type":"default-arg","locations":[{"start":{"line":42,"column":12},"end":{"line":42,"column":null}}],"line":42},"1":{"loc":{"start":{"line":55,"column":40},"end":{"line":55,"column":63}},"type":"binary-expr","locations":[{"start":{"line":55,"column":40},"end":{"line":55,"column":48}},{"start":{"line":55,"column":48},"end":{"line":55,"column":63}}],"line":55},"2":{"loc":{"start":{"line":57,"column":9},"end":{"line":57,"column":null}},"type":"cond-expr","locations":[{"start":{"line":57,"column":17},"end":{"line":57,"column":62}},{"start":{"line":57,"column":62},"end":{"line":57,"column":null}}],"line":57},"3":{"loc":{"start":{"line":58,"column":9},"end":{"line":58,"column":null}},"type":"cond-expr","locations":[{"start":{"line":58,"column":20},"end":{"line":58,"column":74}},{"start":{"line":58,"column":74},"end":{"line":58,"column":null}}],"line":58},"4":{"loc":{"start":{"line":60,"column":7},"end":{"line":66,"column":null}},"type":"cond-expr","locations":[{"start":{"line":61,"column":8},"end":{"line":65,"column":null}},{"start":{"line":66,"column":10},"end":{"line":66,"column":null}}],"line":60}},"s":{"0":1,"1":14},"f":{"0":14},"b":{"0":[14],"1":[14,13],"2":[2,12],"3":[13,1],"4":[2,12]},"meta":{"lastBranch":5,"lastFunction":1,"lastStatement":2,"seen":{"s:6:47:31:Infinity":0,"f:40:16:40:22":0,"b:42:12:42:Infinity":0,"s:49:2:67:Infinity":1,"b:55:40:55:48:55:48:55:63":1,"b:57:17:57:62:57:62:57:Infinity":2,"b:58:20:58:74:58:74:58:Infinity":3,"b:61:8:65:Infinity:66:10:66:Infinity":4}}}
,"/Users/xiefan/github/vxui_react/src/components/AlertDialog.tsx": {"path":"/Users/xiefan/github/vxui_react/src/components/AlertDialog.tsx","statementMap":{"0":{"start":{"line":31,"column":2},"end":{"line":61,"column":null}}},"fnMap":{"0":{"name":"AlertDialog","decl":{"start":{"line":19,"column":16},"end":{"line":19,"column":28}},"loc":{"start":{"line":30,"column":21},"end":{"line":63,"column":null}},"line":30}},"branchMap":{"0":{"loc":{"start":{"line":23,"column":2},"end":{"line":23,"column":null}},"type":"default-arg","locations":[{"start":{"line":23,"column":17},"end":{"line":23,"column":null}}],"line":23},"1":{"loc":{"start":{"line":24,"column":2},"end":{"line":24,"column":null}},"type":"default-arg","locations":[{"start":{"line":24,"column":16},"end":{"line":24,"column":null}}],"line":24},"2":{"loc":{"start":{"line":27,"column":2},"end":{"line":27,"column":null}},"type":"default-arg","locations":[{"start":{"line":27,"column":12},"end":{"line":27,"column":null}}],"line":27},"3":{"loc":{"start":{"line":42,"column":11},"end":{"line":46,"column":null}},"type":"cond-expr","locations":[{"start":{"line":43,"column":12},"end":{"line":45,"column":null}},{"start":{"line":46,"column":14},"end":{"line":46,"column":null}}],"line":42},"4":{"loc":{"start":{"line":54,"column":31},"end":{"line":54,"column":74}},"type":"cond-expr","locations":[{"start":{"line":54,"column":54},"end":{"line":54,"column":65}},{"start":{"line":54,"column":65},"end":{"line":54,"column":74}}],"line":54}},"s":{"0":7},"f":{"0":7},"b":{"0":[7],"1":[7],"2":[7],"3":[3,4],"4":[1,6]},"meta":{"lastBranch":5,"lastFunction":1,"lastStatement":1,"seen":{"f:19:16:19:28":0,"b:23:17:23:Infinity":0,"b:24:16:24:Infinity":1,"b:27:12:27:Infinity":2,"s:31:2:61:Infinity":0,"b:43:12:45:Infinity:46:14:46:Infinity":3,"b:54:54:54:65:54:65:54:74":4}}}
,"/Users/xiefan/github/vxui_react/src/components/Avatar.tsx": {"path":"/Users/xiefan/github/vxui_react/src/components/Avatar.tsx","statementMap":{"0":{"start":{"line":17,"column":16},"end":{"line":17,"column":null}},"1":{"start":{"line":18,"column":2},"end":{"line":18,"column":null}},"2":{"start":{"line":18,"column":26},"end":{"line":18,"column":null}},"3":{"start":{"line":19,"column":2},"end":{"line":19,"column":null}},"4":{"start":{"line":22,"column":13},"end":{"line":22,"column":null}},"5":{"start":{"line":24,"column":13},"end":{"line":24,"column":null}},"6":{"start":{"line":25,"column":2},"end":{"line":25,"column":null}},"7":{"start":{"line":25,"column":15},"end":{"line":25,"column":18}},"8":{"start":{"line":25,"column":40},"end":{"line":25,"column":null}},"9":{"start":{"line":26,"column":2},"end":{"line":26,"column":null}},"10":{"start":{"line":30,"column":24},"end":{"line":30,"column":null}},"11":{"start":{"line":32,"column":20},"end":{"line":32,"column":null}},"12":{"start":{"line":33,"column":16},"end":{"line":33,"column":null}},"13":{"start":{"line":34,"column":14},"end":{"line":34,"column":null}},"14":{"start":{"line":36,"column":2},"end":{"line":60,"column":null}},"15":{"start":{"line":47,"column":25},"end":{"line":47,"column":null}}},"fnMap":{"0":{"name":"initials","decl":{"start":{"line":16,"column":9},"end":{"line":16,"column":18}},"loc":{"start":{"line":16,"column":32},"end":{"line":20,"column":null}},"line":16},"1":{"name":"pickHue","decl":{"start":{"line":23,"column":9},"end":{"line":23,"column":17}},"loc":{"start":{"line":23,"column":31},"end":{"line":27,"column":null}},"line":23},"2":{"name":"Avatar","decl":{"start":{"line":29,"column":16},"end":{"line":29,"column":23}},"loc":{"start":{"line":29,"column":118},"end":{"line":62,"column":null}},"line":29},"3":{"name":"(anonymous_3)","decl":{"start":{"line":47,"column":19},"end":{"line":47,"column":25}},"loc":{"start":{"line":47,"column":25},"end":{"line":47,"column":null}},"line":47}},"branchMap":{"0":{"loc":{"start":{"line":18,"column":2},"end":{"line":18,"column":null}},"type":"if","locations":[{"start":{"line":18,"column":2},"end":{"line":18,"column":null}},{"start":{},"end":{}}],"line":18},"1":{"loc":{"start":{"line":29,"column":36},"end":{"line":29,"column":49}},"type":"default-arg","locations":[{"start":{"line":29,"column":43},"end":{"line":29,"column":49}}],"line":29},"2":{"loc":{"start":{"line":29,"column":49},"end":{"line":29,"column":67}},"type":"default-arg","locations":[{"start":{"line":29,"column":57},"end":{"line":29,"column":67}}],"line":29},"3":{"loc":{"start":{"line":32,"column":20},"end":{"line":32,"column":null}},"type":"binary-expr","locations":[{"start":{"line":32,"column":20},"end":{"line":32,"column":27}},{"start":{"line":32,"column":27},"end":{"line":32,"column":null}}],"line":32},"4":{"loc":{"start":{"line":33,"column":16},"end":{"line":33,"column":null}},"type":"binary-expr","locations":[{"start":{"line":33,"column":16},"end":{"line":33,"column":24}},{"start":{"line":33,"column":24},"end":{"line":33,"column":31}},{"start":{"line":33,"column":31},"end":{"line":33,"column":null}}],"line":33},"5":{"loc":{"start":{"line":34,"column":14},"end":{"line":34,"column":null}},"type":"cond-expr","locations":[{"start":{"line":34,"column":22},"end":{"line":34,"column":39}},{"start":{"line":34,"column":39},"end":{"line":34,"column":null}}],"line":34},"6":{"loc":{"start":{"line":39,"column":18},"end":{"line":39,"column":null}},"type":"binary-expr","locations":[{"start":{"line":39,"column":18},"end":{"line":39,"column":27}},{"start":{"line":39,"column":27},"end":{"line":39,"column":null}}],"line":39},"7":{"loc":{"start":{"line":40,"column":13},"end":{"line":40,"column":null}},"type":"cond-expr","locations":[{"start":{"line":40,"column":25},"end":{"line":40,"column":38}},{"start":{"line":40,"column":38},"end":{"line":40,"column":null}}],"line":40},"8":{"loc":{"start":{"line":42,"column":7},"end":{"line":58,"column":null}},"type":"cond-expr","locations":[{"start":{"line":43,"column":8},"end":{"line":49,"column":null}},{"start":{"line":50,"column":10},"end":{"line":58,"column":null}}],"line":42},"9":{"loc":{"start":{"line":45,"column":15},"end":{"line":45,"column":null}},"type":"binary-expr","locations":[{"start":{"line":45,"column":15},"end":{"line":45,"column":22}},{"start":{"line":45,"column":22},"end":{"line":45,"column":30}},{"start":{"line":45,"column":30},"end":{"line":45,"column":null}}],"line":45},"10":{"loc":{"start":{"line":50,"column":10},"end":{"line":58,"column":null}},"type":"cond-expr","locations":[{"start":{"line":51,"column":8},"end":{"line":51,"column":null}},{"start":{"line":52,"column":10},"end":{"line":58,"column":null}}],"line":50},"11":{"loc":{"start":{"line":52,"column":10},"end":{"line":58,"column":null}},"type":"cond-expr","locations":[{"start":{"line":53,"column":8},"end":{"line":53,"column":null}},{"start":{"line":55,"column":8},"end":{"line":58,"column":null}}],"line":52}},"s":{"0":11,"1":11,"2":9,"3":2,"4":1,"5":14,"6":14,"7":14,"8":50,"9":14,"10":15,"11":15,"12":15,"13":15,"14":15,"15":1},"f":{"0":11,"1":14,"2":15,"3":1},"b":{"0":[9,2],"1":[15],"2":[15],"3":[15,4],"4":[15,1,1],"5":[14,1],"6":[15,1],"7":[3,12],"8":[3,12],"9":[3,3,0],"10":[1,11],"11":[11,0]},"meta":{"lastBranch":12,"lastFunction":4,"lastStatement":16,"seen":{"f:16:9:16:18":0,"s:17:16:17:Infinity":0,"b:18:2:18:Infinity:undefined:undefined:undefined:undefined":0,"s:18:2:18:Infinity":1,"s:18:26:18:Infinity":2,"s:19:2:19:Infinity":3,"s:22:13:22:Infinity":4,"f:23:9:23:17":1,"s:24:13:24:Infinity":5,"s:25:2:25:Infinity":6,"s:25:15:25:18":7,"s:25:40:25:Infinity":8,"s:26:2:26:Infinity":9,"f:29:16:29:23":2,"b:29:43:29:49":1,"b:29:57:29:67":2,"s:30:24:30:Infinity":10,"s:32:20:32:Infinity":11,"b:32:20:32:27:32:27:32:Infinity":3,"s:33:16:33:Infinity":12,"b:33:16:33:24:33:24:33:31:33:31:33:Infinity":4,"s:34:14:34:Infinity":13,"b:34:22:34:39:34:39:34:Infinity":5,"s:36:2:60:Infinity":14,"b:39:18:39:27:39:27:39:Infinity":6,"b:40:25:40:38:40:38:40:Infinity":7,"b:43:8:49:Infinity:50:10:58:Infinity":8,"b:45:15:45:22:45:22:45:30:45:30:45:Infinity":9,"f:47:19:47:25":3,"s:47:25:47:Infinity":15,"b:51:8:51:Infinity:52:10:58:Infinity":10,"b:53:8:53:Infinity:55:8:58:Infinity":11}}}
,"/Users/xiefan/github/vxui_react/src/components/Badge.tsx": {"path":"/Users/xiefan/github/vxui_react/src/components/Badge.tsx","statementMap":{"0":{"start":{"line":11,"column":2},"end":{"line":11,"column":null}}},"fnMap":{"0":{"name":"Badge","decl":{"start":{"line":10,"column":16},"end":{"line":10,"column":22}},"loc":{"start":{"line":10,"column":80},"end":{"line":12,"column":null}},"line":10}},"branchMap":{"0":{"loc":{"start":{"line":10,"column":35},"end":{"line":10,"column":56}},"type":"default-arg","locations":[{"start":{"line":10,"column":45},"end":{"line":10,"column":56}}],"line":10}},"s":{"0":8},"f":{"0":8},"b":{"0":[8]},"meta":{"lastBranch":1,"lastFunction":1,"lastStatement":1,"seen":{"f:10:16:10:22":0,"b:10:45:10:56":0,"s:11:2:11:Infinity":0}}}
,"/Users/xiefan/github/vxui_react/src/components/Breadcrumb.tsx": {"path":"/Users/xiefan/github/vxui_react/src/components/Breadcrumb.tsx","statementMap":{"0":{"start":{"line":16,"column":25},"end":{"line":19,"column":null}},"1":{"start":{"line":17,"column":2},"end":{"line":19,"column":null}},"2":{"start":{"line":23,"column":2},"end":{"line":46,"column":null}},"3":{"start":{"line":27,"column":25},"end":{"line":27,"column":null}},"4":{"start":{"line":28,"column":10},"end":{"line":42,"column":null}}},"fnMap":{"0":{"name":"(anonymous_0)","decl":{"start":{"line":16,"column":25},"end":{"line":16,"column":null}},"loc":{"start":{"line":17,"column":2},"end":{"line":19,"column":null}},"line":17},"1":{"name":"Breadcrumb","decl":{"start":{"line":22,"column":16},"end":{"line":22,"column":27}},"loc":{"start":{"line":22,"column":77},"end":{"line":48,"column":null}},"line":22},"2":{"name":"(anonymous_2)","decl":{"start":{"line":26,"column":19},"end":{"line":26,"column":20}},"loc":{"start":{"line":26,"column":32},"end":{"line":44,"column":9}},"line":26}},"branchMap":{"0":{"loc":{"start":{"line":30,"column":15},"end":{"line":35,"column":null}},"type":"cond-expr","locations":[{"start":{"line":31,"column":16},"end":{"line":31,"column":null}},{"start":{"line":32,"column":18},"end":{"line":35,"column":null}}],"line":30},"1":{"loc":{"start":{"line":32,"column":18},"end":{"line":35,"column":null}},"type":"cond-expr","locations":[{"start":{"line":33,"column":16},"end":{"line":33,"column":null}},{"start":{"line":35,"column":16},"end":{"line":35,"column":null}}],"line":32},"2":{"loc":{"start":{"line":37,"column":15},"end":{"line":41,"column":null}},"type":"cond-expr","locations":[{"start":{"line":38,"column":16},"end":{"line":40,"column":null}},{"start":{"line":41,"column":18},"end":{"line":41,"column":null}}],"line":37},"3":{"loc":{"start":{"line":39,"column":19},"end":{"line":39,"column":null}},"type":"binary-expr","locations":[{"start":{"line":39,"column":19},"end":{"line":39,"column":32}},{"start":{"line":39,"column":32},"end":{"line":39,"column":null}}],"line":39}},"s":{"0":1,"1":14,"2":9,"3":25,"4":25},"f":{"0":14,"1":9,"2":25},"b":{"0":[9,16],"1":[14,2],"2":[16,9],"3":[16,14]},"meta":{"lastBranch":4,"lastFunction":3,"lastStatement":5,"seen":{"s:16:25:19:Infinity":0,"f:16:25:16:Infinity":0,"s:17:2:19:Infinity":1,"f:22:16:22:27":1,"s:23:2:46:Infinity":2,"f:26:19:26:20":2,"s:27:25:27:Infinity":3,"s:28:10:42:Infinity":4,"b:31:16:31:Infinity:32:18:35:Infinity":0,"b:33:16:33:Infinity:35:16:35:Infinity":1,"b:38:16:40:Infinity:41:18:41:Infinity":2,"b:39:19:39:32:39:32:39:Infinity":3}}}
,"/Users/xiefan/github/vxui_react/src/components/Button.tsx": {"path":"/Users/xiefan/github/vxui_react/src/components/Button.tsx","statementMap":{"0":{"start":{"line":22,"column":13},"end":{"line":51,"column":null}},"1":{"start":{"line":27,"column":2},"end":{"line":49,"column":null}}},"fnMap":{"0":{"name":"Button2","decl":{"start":{"line":22,"column":74},"end":{"line":22,"column":null}},"loc":{"start":{"line":26,"column":2},"end":{"line":51,"column":1}},"line":26}},"branchMap":{"0":{"loc":{"start":{"line":23,"column":15},"end":{"line":23,"column":34}},"type":"default-arg","locations":[{"start":{"line":23,"column":25},"end":{"line":23,"column":34}}],"line":23},"1":{"loc":{"start":{"line":23,"column":34},"end":{"line":23,"column":47}},"type":"default-arg","locations":[{"start":{"line":23,"column":41},"end":{"line":23,"column":47}}],"line":23},"2":{"loc":{"start":{"line":23,"column":47},"end":{"line":23,"column":63}},"type":"default-arg","locations":[{"start":{"line":23,"column":55},"end":{"line":23,"column":63}}],"line":23},"3":{"loc":{"start":{"line":23,"column":63},"end":{"line":23,"column":null}},"type":"default-arg","locations":[{"start":{"line":23,"column":75},"end":{"line":23,"column":null}}],"line":23},"4":{"loc":{"start":{"line":24,"column":4},"end":{"line":24,"column":21}},"type":"default-arg","locations":[{"start":{"line":24,"column":14},"end":{"line":24,"column":21}}],"line":24},"5":{"loc":{"start":{"line":24,"column":51},"end":{"line":24,"column":68}},"type":"default-arg","locations":[{"start":{"line":24,"column":58},"end":{"line":24,"column":68}}],"line":24},"6":{"loc":{"start":{"line":31,"column":16},"end":{"line":31,"column":null}},"type":"binary-expr","locations":[{"start":{"line":31,"column":16},"end":{"line":31,"column":28}},{"start":{"line":31,"column":28},"end":{"line":31,"column":null}}],"line":31},"7":{"loc":{"start":{"line":32,"column":17},"end":{"line":32,"column":null}},"type":"binary-expr","locations":[{"start":{"line":32,"column":17},"end":{"line":32,"column":28}},{"start":{"line":32,"column":28},"end":{"line":32,"column":null}}],"line":32},"8":{"loc":{"start":{"line":37,"column":8},"end":{"line":37,"column":null}},"type":"binary-expr","locations":[{"start":{"line":37,"column":8},"end":{"line":37,"column":30}},{"start":{"line":37,"column":30},"end":{"line":37,"column":null}}],"line":37},"9":{"loc":{"start":{"line":38,"column":8},"end":{"line":38,"column":null}},"type":"binary-expr","locations":[{"start":{"line":38,"column":8},"end":{"line":38,"column":28}},{"start":{"line":38,"column":28},"end":{"line":38,"column":null}}],"line":38},"10":{"loc":{"start":{"line":39,"column":8},"end":{"line":39,"column":null}},"type":"binary-expr","locations":[{"start":{"line":39,"column":8},"end":{"line":39,"column":30}},{"start":{"line":39,"column":30},"end":{"line":39,"column":null}}],"line":39},"11":{"loc":{"start":{"line":40,"column":8},"end":{"line":40,"column":null}},"type":"binary-expr","locations":[{"start":{"line":40,"column":8},"end":{"line":40,"column":21}},{"start":{"line":40,"column":21},"end":{"line":40,"column":null}}],"line":40},"12":{"loc":{"start":{"line":41,"column":8},"end":{"line":41,"column":null}},"type":"binary-expr","locations":[{"start":{"line":41,"column":8},"end":{"line":41,"column":19}},{"start":{"line":41,"column":19},"end":{"line":41,"column":null}}],"line":41},"13":{"loc":{"start":{"line":46,"column":7},"end":{"line":46,"column":null}},"type":"cond-expr","locations":[{"start":{"line":46,"column":17},"end":{"line":46,"column":79}},{"start":{"line":46,"column":79},"end":{"line":46,"column":null}}],"line":46},"14":{"loc":{"start":{"line":46,"column":79},"end":{"line":46,"column":null}},"type":"binary-expr","locations":[{"start":{"line":46,"column":79},"end":{"line":46,"column":92}},{"start":{"line":46,"column":92},"end":{"line":46,"column":null}}],"line":46},"15":{"loc":{"start":{"line":48,"column":7},"end":{"line":48,"column":null}},"type":"cond-expr","locations":[{"start":{"line":48,"column":29},"end":{"line":48,"column":39}},{"start":{"line":48,"column":39},"end":{"line":48,"column":null}}],"line":48},"16":{"loc":{"start":{"line":48,"column":7},"end":{"line":48,"column":29}},"type":"binary-expr","locations":[{"start":{"line":48,"column":7},"end":{"line":48,"column":19}},{"start":{"line":48,"column":19},"end":{"line":48,"column":29}}],"line":48}},"s":{"0":5,"1":96},"f":{"0":96},"b":{"0":[96],"1":[96],"2":[96],"3":[96],"4":[96],"5":[96],"6":[96,94],"7":[96,95],"8":[96,1],"9":[96,1],"10":[96,1],"11":[96,1],"12":[96,1],"13":[1,95],"14":[95,94],"15":[1,95],"16":[96,95]},"meta":{"lastBranch":17,"lastFunction":1,"lastStatement":2,"seen":{"s:22:13:51:Infinity":0,"f:22:74:22:Infinity":0,"b:23:25:23:34":0,"b:23:41:23:47":1,"b:23:55:23:63":2,"b:23:75:23:Infinity":3,"b:24:14:24:21":4,"b:24:58:24:68":5,"s:27:2:49:Infinity":1,"b:31:16:31:28:31:28:31:Infinity":6,"b:32:17:32:28:32:28:32:Infinity":7,"b:37:8:37:30:37:30:37:Infinity":8,"b:38:8:38:28:38:28:38:Infinity":9,"b:39:8:39:30:39:30:39:Infinity":10,"b:40:8:40:21:40:21:40:Infinity":11,"b:41:8:41:19:41:19:41:Infinity":12,"b:46:17:46:79:46:79:46:Infinity":13,"b:46:79:46:92:46:92:46:Infinity":14,"b:48:29:48:39:48:39:48:Infinity":15,"b:48:7:48:19:48:19:48:29":16}}}
,"/Users/xiefan/github/vxui_react/src/components/Calendar.tsx": {"path":"/Users/xiefan/github/vxui_react/src/components/Calendar.tsx","statementMap":{"0":{"start":{"line":6,"column":2},"end":{"line":6,"column":null}},"1":{"start":{"line":10,"column":2},"end":{"line":10,"column":null}},"2":{"start":{"line":14,"column":2},"end":{"line":17,"column":null}},"3":{"start":{"line":40,"column":16},"end":{"line":40,"column":null}},"4":{"start":{"line":41,"column":23},"end":{"line":41,"column":null}},"5":{"start":{"line":42,"column":40},"end":{"line":42,"column":null}},"6":{"start":{"line":43,"column":19},"end":{"line":43,"column":null}},"7":{"start":{"line":45,"column":30},"end":{"line":45,"column":null}},"8":{"start":{"line":46,"column":32},"end":{"line":46,"column":null}},"9":{"start":{"line":48,"column":22},"end":{"line":48,"column":null}},"10":{"start":{"line":49,"column":19},"end":{"line":49,"column":null}},"11":{"start":{"line":50,"column":17},"end":{"line":50,"column":null}},"12":{"start":{"line":52,"column":19},"end":{"line":54,"column":null}},"13":{"start":{"line":56,"column":20},"end":{"line":63,"column":null}},"14":{"start":{"line":57,"column":4},"end":{"line":62,"column":null}},"15":{"start":{"line":58,"column":6},"end":{"line":58,"column":null}},"16":{"start":{"line":58,"column":25},"end":{"line":58,"column":30}},"17":{"start":{"line":59,"column":6},"end":{"line":59,"column":null}},"18":{"start":{"line":61,"column":6},"end":{"line":61,"column":null}},"19":{"start":{"line":61,"column":26},"end":{"line":61,"column":31}},"20":{"start":{"line":65,"column":20},"end":{"line":72,"column":null}},"21":{"start":{"line":66,"column":4},"end":{"line":71,"column":null}},"22":{"start":{"line":67,"column":6},"end":{"line":67,"column":null}},"23":{"start":{"line":67,"column":25},"end":{"line":67,"column":30}},"24":{"start":{"line":68,"column":6},"end":{"line":68,"column":null}},"25":{"start":{"line":70,"column":6},"end":{"line":70,"column":null}},"26":{"start":{"line":70,"column":26},"end":{"line":70,"column":31}},"27":{"start":{"line":74,"column":8},"end":{"line":88,"column":null}},"28":{"start":{"line":76,"column":19},"end":{"line":76,"column":null}},"29":{"start":{"line":77,"column":6},"end":{"line":80,"column":null}},"30":{"start":{"line":78,"column":23},"end":{"line":78,"column":null}},"31":{"start":{"line":79,"column":8},"end":{"line":79,"column":null}},"32":{"start":{"line":79,"column":27},"end":{"line":79,"column":null}},"33":{"start":{"line":81,"column":6},"end":{"line":84,"column":null}},"34":{"start":{"line":82,"column":23},"end":{"line":82,"column":null}},"35":{"start":{"line":83,"column":8},"end":{"line":83,"column":null}},"36":{"start":{"line":83,"column":27},"end":{"line":83,"column":null}},"37":{"start":{"line":85,"column":6},"end":{"line":85,"column":null}},"38":{"start":{"line":90,"column":20},"end":{"line":95,"column":null}},"39":{"start":{"line":91,"column":4},"end":{"line":91,"column":null}},"40":{"start":{"line":91,"column":25},"end":{"line":91,"column":null}},"41":{"start":{"line":92,"column":17},"end":{"line":92,"column":null}},"42":{"start":{"line":93,"column":4},"end":{"line":93,"column":null}},"43":{"start":{"line":93,"column":23},"end":{"line":93,"column":null}},"44":{"start":{"line":94,"column":4},"end":{"line":94,"column":null}},"45":{"start":{"line":97,"column":20},"end":{"line":97,"column":null}},"46":{"start":{"line":99,"column":35},"end":{"line":102,"column":null}},"47":{"start":{"line":101,"column":53},"end":{"line":101,"column":58}},"48":{"start":{"line":103,"column":2},"end":{"line":103,"column":null}},"49":{"start":{"line":103,"column":33},"end":{"line":103,"column":null}},"50":{"start":{"line":105,"column":2},"end":{"line":163,"column":null}},"51":{"start":{"line":130,"column":10},"end":{"line":132,"column":null}},"52":{"start":{"line":135,"column":10},"end":{"line":137,"column":null}},"53":{"start":{"line":136,"column":12},"end":{"line":136,"column":null}},"54":{"start":{"line":138,"column":23},"end":{"line":138,"column":null}},"55":{"start":{"line":139,"column":26},"end":{"line":139,"column":null}},"56":{"start":{"line":140,"column":29},"end":{"line":140,"column":null}},"57":{"start":{"line":141,"column":27},"end":{"line":141,"column":null}},"58":{"start":{"line":142,"column":10},"end":{"line":159,"column":null}},"59":{"start":{"line":153,"column":29},"end":{"line":153,"column":null}}},"fnMap":{"0":{"name":"getDaysInMonth","decl":{"start":{"line":5,"column":9},"end":{"line":5,"column":24}},"loc":{"start":{"line":5,"column":61},"end":{"line":7,"column":null}},"line":5},"1":{"name":"getFirstDayOfWeek","decl":{"start":{"line":9,"column":9},"end":{"line":9,"column":27}},"loc":{"start":{"line":9,"column":64},"end":{"line":11,"column":null}},"line":9},"2":{"name":"isSameDay","decl":{"start":{"line":13,"column":9},"end":{"line":13,"column":19}},"loc":{"start":{"line":13,"column":46},"end":{"line":19,"column":null}},"line":13},"3":{"name":"Calendar","decl":{"start":{"line":31,"column":16},"end":{"line":31,"column":25}},"loc":{"start":{"line":39,"column":18},"end":{"line":165,"column":null}},"line":39},"4":{"name":"(anonymous_4)","decl":{"start":{"line":56,"column":20},"end":{"line":56,"column":26}},"loc":{"start":{"line":56,"column":26},"end":{"line":63,"column":null}},"line":56},"5":{"name":"(anonymous_5)","decl":{"start":{"line":58,"column":18},"end":{"line":58,"column":19}},"loc":{"start":{"line":58,"column":25},"end":{"line":58,"column":30}},"line":58},"6":{"name":"(anonymous_6)","decl":{"start":{"line":61,"column":19},"end":{"line":61,"column":20}},"loc":{"start":{"line":61,"column":26},"end":{"line":61,"column":31}},"line":61},"7":{"name":"(anonymous_7)","decl":{"start":{"line":65,"column":20},"end":{"line":65,"column":26}},"loc":{"start":{"line":65,"column":26},"end":{"line":72,"column":null}},"line":65},"8":{"name":"(anonymous_8)","decl":{"start":{"line":67,"column":18},"end":{"line":67,"column":19}},"loc":{"start":{"line":67,"column":25},"end":{"line":67,"column":30}},"line":67},"9":{"name":"(anonymous_9)","decl":{"start":{"line":70,"column":19},"end":{"line":70,"column":20}},"loc":{"start":{"line":70,"column":26},"end":{"line":70,"column":31}},"line":70},"10":{"name":"(anonymous_10)","decl":{"start":{"line":75,"column":4},"end":{"line":75,"column":5}},"loc":{"start":{"line":75,"column":21},"end":{"line":86,"column":null}},"line":75},"11":{"name":"(anonymous_11)","decl":{"start":{"line":90,"column":20},"end":{"line":90,"column":21}},"loc":{"start":{"line":90,"column":37},"end":{"line":95,"column":null}},"line":90},"12":{"name":"(anonymous_12)","decl":{"start":{"line":101,"column":43},"end":{"line":101,"column":44}},"loc":{"start":{"line":101,"column":53},"end":{"line":101,"column":58}},"line":101},"13":{"name":"(anonymous_13)","decl":{"start":{"line":129,"column":22},"end":{"line":129,"column":23}},"loc":{"start":{"line":130,"column":10},"end":{"line":132,"column":null}},"line":130},"14":{"name":"(anonymous_14)","decl":{"start":{"line":134,"column":19},"end":{"line":134,"column":20}},"loc":{"start":{"line":134,"column":31},"end":{"line":161,"column":9}},"line":134},"15":{"name":"(anonymous_15)","decl":{"start":{"line":153,"column":23},"end":{"line":153,"column":29}},"loc":{"start":{"line":153,"column":29},"end":{"line":153,"column":null}},"line":153}},"branchMap":{"0":{"loc":{"start":{"line":15,"column":4},"end":{"line":17,"column":null}},"type":"binary-expr","locations":[{"start":{"line":15,"column":4},"end":{"line":15,"column":null}},{"start":{"line":16,"column":4},"end":{"line":16,"column":null}},{"start":{"line":17,"column":4},"end":{"line":17,"column":null}}],"line":15},"1":{"loc":{"start":{"line":38,"column":2},"end":{"line":38,"column":null}},"type":"default-arg","locations":[{"start":{"line":38,"column":23},"end":{"line":38,"column":null}}],"line":38},"2":{"loc":{"start":{"line":43,"column":19},"end":{"line":43,"column":null}},"type":"cond-expr","locations":[{"start":{"line":43,"column":34},"end":{"line":43,"column":52}},{"start":{"line":43,"column":52},"end":{"line":43,"column":null}}],"line":43},"3":{"loc":{"start":{"line":45,"column":44},"end":{"line":45,"column":63}},"type":"binary-expr","locations":[{"start":{"line":45,"column":44},"end":{"line":45,"column":56}},{"start":{"line":45,"column":56},"end":{"line":45,"column":63}}],"line":45},"4":{"loc":{"start":{"line":46,"column":46},"end":{"line":46,"column":65}},"type":"binary-expr","locations":[{"start":{"line":46,"column":46},"end":{"line":46,"column":58}},{"start":{"line":46,"column":58},"end":{"line":46,"column":65}}],"line":46},"5":{"loc":{"start":{"line":50,"column":17},"end":{"line":50,"column":null}},"type":"cond-expr","locations":[{"start":{"line":50,"column":39},"end":{"line":50,"column":76}},{"start":{"line":50,"column":76},"end":{"line":50,"column":null}}],"line":50},"6":{"loc":{"start":{"line":50,"column":39},"end":{"line":50,"column":76}},"type":"cond-expr","locations":[{"start":{"line":50,"column":56},"end":{"line":50,"column":60}},{"start":{"line":50,"column":60},"end":{"line":50,"column":76}}],"line":50},"7":{"loc":{"start":{"line":52,"column":19},"end":{"line":54,"column":null}},"type":"cond-expr","locations":[{"start":{"line":53,"column":6},"end":{"line":53,"column":null}},{"start":{"line":54,"column":6},"end":{"line":54,"column":null}}],"line":52},"8":{"loc":{"start":{"line":57,"column":4},"end":{"line":62,"column":null}},"type":"if","locations":[{"start":{"line":57,"column":4},"end":{"line":62,"column":null}},{"start":{"line":60,"column":11},"end":{"line":62,"column":null}}],"line":57},"9":{"loc":{"start":{"line":66,"column":4},"end":{"line":71,"column":null}},"type":"if","locations":[{"start":{"line":66,"column":4},"end":{"line":71,"column":null}},{"start":{"line":69,"column":11},"end":{"line":71,"column":null}}],"line":66},"10":{"loc":{"start":{"line":77,"column":6},"end":{"line":80,"column":null}},"type":"if","locations":[{"start":{"line":77,"column":6},"end":{"line":80,"column":null}},{"start":{},"end":{}}],"line":77},"11":{"loc":{"start":{"line":79,"column":8},"end":{"line":79,"column":null}},"type":"if","locations":[{"start":{"line":79,"column":8},"end":{"line":79,"column":null}},{"start":{},"end":{}}],"line":79},"12":{"loc":{"start":{"line":81,"column":6},"end":{"line":84,"column":null}},"type":"if","locations":[{"start":{"line":81,"column":6},"end":{"line":84,"column":null}},{"start":{},"end":{}}],"line":81},"13":{"loc":{"start":{"line":83,"column":8},"end":{"line":83,"column":null}},"type":"if","locations":[{"start":{"line":83,"column":8},"end":{"line":83,"column":null}},{"start":{},"end":{}}],"line":83},"14":{"loc":{"start":{"line":91,"column":4},"end":{"line":91,"column":null}},"type":"if","locations":[{"start":{"line":91,"column":4},"end":{"line":91,"column":null}},{"start":{},"end":{}}],"line":91},"15":{"loc":{"start":{"line":93,"column":4},"end":{"line":93,"column":null}},"type":"if","locations":[{"start":{"line":93,"column":4},"end":{"line":93,"column":null}},{"start":{},"end":{}}],"line":93},"16":{"loc":{"start":{"line":135,"column":10},"end":{"line":137,"column":null}},"type":"if","locations":[{"start":{"line":135,"column":10},"end":{"line":137,"column":null}},{"start":{},"end":{}}],"line":135},"17":{"loc":{"start":{"line":140,"column":29},"end":{"line":140,"column":null}},"type":"cond-expr","locations":[{"start":{"line":140,"column":40},"end":{"line":140,"column":68}},{"start":{"line":140,"column":68},"end":{"line":140,"column":null}}],"line":140},"18":{"loc":{"start":{"line":149,"column":16},"end":{"line":149,"column":null}},"type":"binary-expr","locations":[{"start":{"line":149,"column":16},"end":{"line":149,"column":27}},{"start":{"line":149,"column":27},"end":{"line":149,"column":null}}],"line":149},"19":{"loc":{"start":{"line":150,"column":16},"end":{"line":150,"column":null}},"type":"binary-expr","locations":[{"start":{"line":150,"column":16},"end":{"line":150,"column":30}},{"start":{"line":150,"column":30},"end":{"line":150,"column":null}}],"line":150},"20":{"loc":{"start":{"line":151,"column":16},"end":{"line":151,"column":null}},"type":"binary-expr","locations":[{"start":{"line":151,"column":16},"end":{"line":151,"column":28}},{"start":{"line":151,"column":28},"end":{"line":151,"column":null}}],"line":151}},"s":{"0":16,"1":16,"2":618,"3":16,"4":16,"5":16,"6":16,"7":16,"8":16,"9":16,"10":16,"11":16,"12":16,"13":16,"14":1,"15":0,"16":0,"17":0,"18":1,"19":1,"20":16,"21":1,"22":0,"23":0,"24":0,"25":1,"26":1,"27":16,"28":496,"29":496,"30":31,"31":31,"32":9,"33":487,"34":22,"35":22,"36":11,"37":476,"38":16,"39":2,"40":0,"41":2,"42":2,"43":2,"44":2,"45":16,"46":16,"47":494,"48":16,"49":75,"50":16,"51":112,"52":630,"53":136,"54":494,"55":494,"56":494,"57":630,"58":630,"59":2},"f":{"0":16,"1":16,"2":618,"3":16,"4":1,"5":0,"6":1,"7":1,"8":0,"9":1,"10":496,"11":2,"12":494,"13":112,"14":630,"15":2},"b":{"0":[618,525,465],"1":[16],"2":[2,14],"3":[16,12],"4":[16,12],"5":[1,15],"6":[0,1],"7":[1,15],"8":[0,1],"9":[0,1],"10":[31,465],"11":[9,22],"12":[22,465],"13":[11,11],"14":[0,2],"15":[2,0],"16":[136,494],"17":[124,370],"18":[630,11],"19":[630,4],"20":[630,20]},"meta":{"lastBranch":21,"lastFunction":16,"lastStatement":60,"seen":{"f:5:9:5:24":0,"s:6:2:6:Infinity":0,"f:9:9:9:27":1,"s:10:2:10:Infinity":1,"f:13:9:13:19":2,"s:14:2:17:Infinity":2,"b:15:4:15:Infinity:16:4:16:Infinity:17:4:17:Infinity":0,"f:31:16:31:25":3,"b:38:23:38:Infinity":1,"s:40:16:40:Infinity":3,"s:41:23:41:Infinity":4,"s:42:40:42:Infinity":5,"s:43:19:43:Infinity":6,"b:43:34:43:52:43:52:43:Infinity":2,"s:45:30:45:Infinity":7,"b:45:44:45:56:45:56:45:63":3,"s:46:32:46:Infinity":8,"b:46:46:46:58:46:58:46:65":4,"s:48:22:48:Infinity":9,"s:49:19:49:Infinity":10,"s:50:17:50:Infinity":11,"b:50:39:50:76:50:76:50:Infinity":5,"b:50:56:50:60:50:60:50:76":6,"s:52:19:54:Infinity":12,"b:53:6:53:Infinity:54:6:54:Infinity":7,"s:56:20:63:Infinity":13,"f:56:20:56:26":4,"b:57:4:62:Infinity:60:11:62:Infinity":8,"s:57:4:62:Infinity":14,"s:58:6:58:Infinity":15,"f:58:18:58:19":5,"s:58:25:58:30":16,"s:59:6:59:Infinity":17,"s:61:6:61:Infinity":18,"f:61:19:61:20":6,"s:61:26:61:31":19,"s:65:20:72:Infinity":20,"f:65:20:65:26":7,"b:66:4:71:Infinity:69:11:71:Infinity":9,"s:66:4:71:Infinity":21,"s:67:6:67:Infinity":22,"f:67:18:67:19":8,"s:67:25:67:30":23,"s:68:6:68:Infinity":24,"s:70:6:70:Infinity":25,"f:70:19:70:20":9,"s:70:26:70:31":26,"s:74:8:88:Infinity":27,"f:75:4:75:5":10,"s:76:19:76:Infinity":28,"b:77:6:80:Infinity:undefined:undefined:undefined:undefined":10,"s:77:6:80:Infinity":29,"s:78:23:78:Infinity":30,"b:79:8:79:Infinity:undefined:undefined:undefined:undefined":11,"s:79:8:79:Infinity":31,"s:79:27:79:Infinity":32,"b:81:6:84:Infinity:undefined:undefined:undefined:undefined":12,"s:81:6:84:Infinity":33,"s:82:23:82:Infinity":34,"b:83:8:83:Infinity:undefined:undefined:undefined:undefined":13,"s:83:8:83:Infinity":35,"s:83:27:83:Infinity":36,"s:85:6:85:Infinity":37,"s:90:20:95:Infinity":38,"f:90:20:90:21":11,"b:91:4:91:Infinity:undefined:undefined:undefined:undefined":14,"s:91:4:91:Infinity":39,"s:91:25:91:Infinity":40,"s:92:17:92:Infinity":41,"b:93:4:93:Infinity:undefined:undefined:undefined:undefined":15,"s:93:4:93:Infinity":42,"s:93:23:93:Infinity":43,"s:94:4:94:Infinity":44,"s:97:20:97:Infinity":45,"s:99:35:102:Infinity":46,"f:101:43:101:44":12,"s:101:53:101:58":47,"s:103:2:103:Infinity":48,"s:103:33:103:Infinity":49,"s:105:2:163:Infinity":50,"f:129:22:129:23":13,"s:130:10:132:Infinity":51,"f:134:19:134:20":14,"b:135:10:137:Infinity:undefined:undefined:undefined:undefined":16,"s:135:10:137:Infinity":52,"s:136:12:136:Infinity":53,"s:138:23:138:Infinity":54,"s:139:26:139:Infinity":55,"s:140:29:140:Infinity":56,"b:140:40:140:68:140:68:140:Infinity":17,"s:141:27:141:Infinity":57,"s:142:10:159:Infinity":58,"b:149:16:149:27:149:27:149:Infinity":18,"b:150:16:150:30:150:30:150:Infinity":19,"b:151:16:151:28:151:28:151:Infinity":20,"f:153:23:153:29":15,"s:153:29:153:Infinity":59}}}
,"/Users/xiefan/github/vxui_react/src/components/Card.tsx": {"path":"/Users/xiefan/github/vxui_react/src/components/Card.tsx","statementMap":{"0":{"start":{"line":17,"column":2},"end":{"line":27,"column":null}},"1":{"start":{"line":32,"column":2},"end":{"line":32,"column":null}},"2":{"start":{"line":36,"column":2},"end":{"line":36,"column":null}},"3":{"start":{"line":40,"column":2},"end":{"line":40,"column":null}},"4":{"start":{"line":44,"column":2},"end":{"line":44,"column":null}}},"fnMap":{"0":{"name":"Card","decl":{"start":{"line":16,"column":16},"end":{"line":16,"column":21}},"loc":{"start":{"line":16,"column":106},"end":{"line":29,"column":null}},"line":16},"1":{"name":"CardHeader","decl":{"start":{"line":31,"column":16},"end":{"line":31,"column":27}},"loc":{"start":{"line":31,"column":84},"end":{"line":33,"column":null}},"line":31},"2":{"name":"CardTitle","decl":{"start":{"line":35,"column":16},"end":{"line":35,"column":26}},"loc":{"start":{"line":35,"column":87},"end":{"line":37,"column":null}},"line":35},"3":{"name":"CardDescription","decl":{"start":{"line":39,"column":16},"end":{"line":39,"column":32}},"loc":{"start":{"line":39,"column":95},"end":{"line":41,"column":null}},"line":39},"4":{"name":"CardContent","decl":{"start":{"line":43,"column":16},"end":{"line":43,"column":28}},"loc":{"start":{"line":43,"column":85},"end":{"line":45,"column":null}},"line":43}},"branchMap":{"0":{"loc":{"start":{"line":16,"column":34},"end":{"line":16,"column":55}},"type":"default-arg","locations":[{"start":{"line":16,"column":44},"end":{"line":16,"column":55}}],"line":16},"1":{"loc":{"start":{"line":16,"column":64},"end":{"line":16,"column":83}},"type":"default-arg","locations":[{"start":{"line":16,"column":76},"end":{"line":16,"column":83}}],"line":16},"2":{"loc":{"start":{"line":21,"column":8},"end":{"line":21,"column":null}},"type":"binary-expr","locations":[{"start":{"line":21,"column":8},"end":{"line":21,"column":33}},{"start":{"line":21,"column":33},"end":{"line":21,"column":null}}],"line":21},"3":{"loc":{"start":{"line":22,"column":8},"end":{"line":22,"column":null}},"type":"binary-expr","locations":[{"start":{"line":22,"column":8},"end":{"line":22,"column":19}},{"start":{"line":22,"column":19},"end":{"line":22,"column":null}}],"line":22},"4":{"loc":{"start":{"line":23,"column":8},"end":{"line":23,"column":null}},"type":"binary-expr","locations":[{"start":{"line":23,"column":8},"end":{"line":23,"column":21}},{"start":{"line":23,"column":21},"end":{"line":23,"column":null}}],"line":23}},"s":{"0":15,"1":1,"2":1,"3":1,"4":1},"f":{"0":15,"1":1,"2":1,"3":1,"4":1},"b":{"0":[15],"1":[15],"2":[15,5],"3":[15,4],"4":[15,1]},"meta":{"lastBranch":5,"lastFunction":5,"lastStatement":5,"seen":{"f:16:16:16:21":0,"b:16:44:16:55":0,"b:16:76:16:83":1,"s:17:2:27:Infinity":0,"b:21:8:21:33:21:33:21:Infinity":2,"b:22:8:22:19:22:19:22:Infinity":3,"b:23:8:23:21:23:21:23:Infinity":4,"f:31:16:31:27":1,"s:32:2:32:Infinity":1,"f:35:16:35:26":2,"s:36:2:36:Infinity":2,"f:39:16:39:32":3,"s:40:2:40:Infinity":3,"f:43:16:43:28":4,"s:44:2:44:Infinity":4}}}
,"/Users/xiefan/github/vxui_react/src/components/Carousel.tsx": {"path":"/Users/xiefan/github/vxui_react/src/components/Carousel.tsx","statementMap":{"0":{"start":{"line":32,"column":23},"end":{"line":32,"column":null}},"1":{"start":{"line":33,"column":40},"end":{"line":33,"column":null}},"2":{"start":{"line":34,"column":18},"end":{"line":34,"column":null}},"3":{"start":{"line":35,"column":16},"end":{"line":35,"column":null}},"4":{"start":{"line":36,"column":8},"end":{"line":36,"column":null}},"5":{"start":{"line":38,"column":8},"end":{"line":50,"column":null}},"6":{"start":{"line":40,"column":16},"end":{"line":40,"column":null}},"7":{"start":{"line":41,"column":6},"end":{"line":45,"column":null}},"8":{"start":{"line":42,"column":8},"end":{"line":42,"column":null}},"9":{"start":{"line":44,"column":8},"end":{"line":44,"column":null}},"10":{"start":{"line":46,"column":6},"end":{"line":46,"column":null}},"11":{"start":{"line":46,"column":25},"end":{"line":46,"column":null}},"12":{"start":{"line":47,"column":6},"end":{"line":47,"column":null}},"13":{"start":{"line":52,"column":2},"end":{"line":58,"column":null}},"14":{"start":{"line":53,"column":4},"end":{"line":53,"column":null}},"15":{"start":{"line":53,"column":19},"end":{"line":53,"column":null}},"16":{"start":{"line":54,"column":4},"end":{"line":54,"column":null}},"17":{"start":{"line":54,"column":41},"end":{"line":54,"column":58}},"18":{"start":{"line":55,"column":4},"end":{"line":57,"column":null}},"19":{"start":{"line":56,"column":6},"end":{"line":56,"column":null}},"20":{"start":{"line":56,"column":28},"end":{"line":56,"column":null}},"21":{"start":{"line":60,"column":15},"end":{"line":60,"column":null}},"22":{"start":{"line":60,"column":21},"end":{"line":60,"column":null}},"23":{"start":{"line":61,"column":15},"end":{"line":61,"column":null}},"24":{"start":{"line":61,"column":21},"end":{"line":61,"column":null}},"25":{"start":{"line":63,"column":2},"end":{"line":63,"column":null}},"26":{"start":{"line":63,"column":19},"end":{"line":63,"column":null}},"27":{"start":{"line":65,"column":2},"end":{"line":130,"column":null}},"28":{"start":{"line":78,"column":12},"end":{"line":87,"column":null}},"29":{"start":{"line":118,"column":12},"end":{"line":126,"column":null}},"30":{"start":{"line":123,"column":29},"end":{"line":123,"column":null}}},"fnMap":{"0":{"name":"Carousel","decl":{"start":{"line":20,"column":16},"end":{"line":20,"column":25}},"loc":{"start":{"line":31,"column":18},"end":{"line":132,"column":null}},"line":31},"1":{"name":"(anonymous_1)","decl":{"start":{"line":39,"column":4},"end":{"line":39,"column":5}},"loc":{"start":{"line":39,"column":22},"end":{"line":48,"column":null}},"line":39},"2":{"name":"(anonymous_2)","decl":{"start":{"line":52,"column":12},"end":{"line":52,"column":18}},"loc":{"start":{"line":52,"column":18},"end":{"line":58,"column":5}},"line":52},"3":{"name":"(anonymous_3)","decl":{"start":{"line":54,"column":35},"end":{"line":54,"column":41}},"loc":{"start":{"line":54,"column":41},"end":{"line":54,"column":58}},"line":54},"4":{"name":"(anonymous_4)","decl":{"start":{"line":55,"column":11},"end":{"line":55,"column":17}},"loc":{"start":{"line":55,"column":17},"end":{"line":57,"column":null}},"line":55},"5":{"name":"(anonymous_5)","decl":{"start":{"line":60,"column":15},"end":{"line":60,"column":21}},"loc":{"start":{"line":60,"column":21},"end":{"line":60,"column":null}},"line":60},"6":{"name":"(anonymous_6)","decl":{"start":{"line":61,"column":15},"end":{"line":61,"column":21}},"loc":{"start":{"line":61,"column":21},"end":{"line":61,"column":null}},"line":61},"7":{"name":"(anonymous_7)","decl":{"start":{"line":77,"column":21},"end":{"line":77,"column":22}},"loc":{"start":{"line":78,"column":12},"end":{"line":87,"column":null}},"line":78},"8":{"name":"(anonymous_8)","decl":{"start":{"line":117,"column":21},"end":{"line":117,"column":22}},"loc":{"start":{"line":118,"column":12},"end":{"line":126,"column":null}},"line":118},"9":{"name":"(anonymous_9)","decl":{"start":{"line":123,"column":23},"end":{"line":123,"column":29}},"loc":{"start":{"line":123,"column":29},"end":{"line":123,"column":null}},"line":123}},"branchMap":{"0":{"loc":{"start":{"line":22,"column":2},"end":{"line":22,"column":null}},"type":"default-arg","locations":[{"start":{"line":22,"column":17},"end":{"line":22,"column":null}}],"line":22},"1":{"loc":{"start":{"line":25,"column":2},"end":{"line":25,"column":null}},"type":"default-arg","locations":[{"start":{"line":25,"column":13},"end":{"line":25,"column":null}}],"line":25},"2":{"loc":{"start":{"line":26,"column":2},"end":{"line":26,"column":null}},"type":"default-arg","locations":[{"start":{"line":26,"column":13},"end":{"line":26,"column":null}}],"line":26},"3":{"loc":{"start":{"line":27,"column":2},"end":{"line":27,"column":null}},"type":"default-arg","locations":[{"start":{"line":27,"column":9},"end":{"line":27,"column":null}}],"line":27},"4":{"loc":{"start":{"line":28,"column":2},"end":{"line":28,"column":null}},"type":"default-arg","locations":[{"start":{"line":28,"column":13},"end":{"line":28,"column":null}}],"line":28},"5":{"loc":{"start":{"line":29,"column":2},"end":{"line":29,"column":null}},"type":"default-arg","locations":[{"start":{"line":29,"column":15},"end":{"line":29,"column":null}}],"line":29},"6":{"loc":{"start":{"line":34,"column":18},"end":{"line":34,"column":null}},"type":"cond-expr","locations":[{"start":{"line":34,"column":33},"end":{"line":34,"column":51}},{"start":{"line":34,"column":51},"end":{"line":34,"column":null}}],"line":34},"7":{"loc":{"start":{"line":41,"column":6},"end":{"line":45,"column":null}},"type":"if","locations":[{"start":{"line":41,"column":6},"end":{"line":45,"column":null}},{"start":{"line":43,"column":13},"end":{"line":45,"column":null}}],"line":41},"8":{"loc":{"start":{"line":46,"column":6},"end":{"line":46,"column":null}},"type":"if","locations":[{"start":{"line":46,"column":6},"end":{"line":46,"column":null}},{"start":{},"end":{}}],"line":46},"9":{"loc":{"start":{"line":53,"column":4},"end":{"line":53,"column":null}},"type":"if","locations":[{"start":{"line":53,"column":4},"end":{"line":53,"column":null}},{"start":{},"end":{}}],"line":53},"10":{"loc":{"start":{"line":56,"column":6},"end":{"line":56,"column":null}},"type":"if","locations":[{"start":{"line":56,"column":6},"end":{"line":56,"column":null}},{"start":{},"end":{}}],"line":56},"11":{"loc":{"start":{"line":63,"column":2},"end":{"line":63,"column":null}},"type":"if","locations":[{"start":{"line":63,"column":2},"end":{"line":63,"column":null}},{"start":{},"end":{}}],"line":63},"12":{"loc":{"start":{"line":92,"column":7},"end":{"line":112,"column":null}},"type":"binary-expr","locations":[{"start":{"line":92,"column":7},"end":{"line":92,"column":null}},{"start":{"line":93,"column":8},"end":{"line":112,"column":null}}],"line":92},"13":{"loc":{"start":{"line":98,"column":22},"end":{"line":98,"column":null}},"type":"binary-expr","locations":[{"start":{"line":98,"column":22},"end":{"line":98,"column":31}},{"start":{"line":98,"column":31},"end":{"line":98,"column":null}}],"line":98},"14":{"loc":{"start":{"line":107,"column":22},"end":{"line":107,"column":null}},"type":"binary-expr","locations":[{"start":{"line":107,"column":22},"end":{"line":107,"column":31}},{"start":{"line":107,"column":31},"end":{"line":107,"column":null}}],"line":107},"15":{"loc":{"start":{"line":115,"column":7},"end":{"line":128,"column":null}},"type":"binary-expr","locations":[{"start":{"line":115,"column":7},"end":{"line":115,"column":null}},{"start":{"line":116,"column":8},"end":{"line":128,"column":null}}],"line":115},"16":{"loc":{"start":{"line":122,"column":48},"end":{"line":122,"column":91}},"type":"binary-expr","locations":[{"start":{"line":122,"column":48},"end":{"line":122,"column":65}},{"start":{"line":122,"column":65},"end":{"line":122,"column":91}}],"line":122}},"s":{"0":13,"1":13,"2":13,"3":13,"4":13,"5":13,"6":4,"7":4,"8":4,"9":0,"10":4,"11":4,"12":4,"13":13,"14":13,"15":13,"16":0,"17":0,"18":0,"19":0,"20":0,"21":13,"22":2,"23":13,"24":1,"25":13,"26":0,"27":13,"28":39,"29":39,"30":1},"f":{"0":13,"1":4,"2":13,"3":0,"4":0,"5":2,"6":1,"7":39,"8":39,"9":1},"b":{"0":[13],"1":[13],"2":[13],"3":[13],"4":[13],"5":[13],"6":[0,13],"7":[4,0],"8":[4,0],"9":[13,0],"10":[0,0],"11":[0,13],"12":[13,12],"13":[12,0],"14":[12,0],"15":[13,13],"16":[39,13]},"meta":{"lastBranch":17,"lastFunction":10,"lastStatement":31,"seen":{"f:20:16:20:25":0,"b:22:17:22:Infinity":0,"b:25:13:25:Infinity":1,"b:26:13:26:Infinity":2,"b:27:9:27:Infinity":3,"b:28:13:28:Infinity":4,"b:29:15:29:Infinity":5,"s:32:23:32:Infinity":0,"s:33:40:33:Infinity":1,"s:34:18:34:Infinity":2,"b:34:33:34:51:34:51:34:Infinity":6,"s:35:16:35:Infinity":3,"s:36:8:36:Infinity":4,"s:38:8:50:Infinity":5,"f:39:4:39:5":1,"s:40:16:40:Infinity":6,"b:41:6:45:Infinity:43:13:45:Infinity":7,"s:41:6:45:Infinity":7,"s:42:8:42:Infinity":8,"s:44:8:44:Infinity":9,"b:46:6:46:Infinity:undefined:undefined:undefined:undefined":8,"s:46:6:46:Infinity":10,"s:46:25:46:Infinity":11,"s:47:6:47:Infinity":12,"s:52:2:58:Infinity":13,"f:52:12:52:18":2,"b:53:4:53:Infinity:undefined:undefined:undefined:undefined":9,"s:53:4:53:Infinity":14,"s:53:19:53:Infinity":15,"s:54:4:54:Infinity":16,"f:54:35:54:41":3,"s:54:41:54:58":17,"s:55:4:57:Infinity":18,"f:55:11:55:17":4,"b:56:6:56:Infinity:undefined:undefined:undefined:undefined":10,"s:56:6:56:Infinity":19,"s:56:28:56:Infinity":20,"s:60:15:60:Infinity":21,"f:60:15:60:21":5,"s:60:21:60:Infinity":22,"s:61:15:61:Infinity":23,"f:61:15:61:21":6,"s:61:21:61:Infinity":24,"b:63:2:63:Infinity:undefined:undefined:undefined:undefined":11,"s:63:2:63:Infinity":25,"s:63:19:63:Infinity":26,"s:65:2:130:Infinity":27,"f:77:21:77:22":7,"s:78:12:87:Infinity":28,"b:92:7:92:Infinity:93:8:112:Infinity":12,"b:98:22:98:31:98:31:98:Infinity":13,"b:107:22:107:31:107:31:107:Infinity":14,"b:115:7:115:Infinity:116:8:128:Infinity":15,"f:117:21:117:22":8,"s:118:12:126:Infinity":29,"b:122:48:122:65:122:65:122:91":16,"f:123:23:123:29":9,"s:123:29:123:Infinity":30}}}
,"/Users/xiefan/github/vxui_react/src/components/Checkbox.tsx": {"path":"/Users/xiefan/github/vxui_react/src/components/Checkbox.tsx","statementMap":{"0":{"start":{"line":11,"column":2},"end":{"line":40,"column":null}},"1":{"start":{"line":18,"column":12},"end":{"line":18,"column":null}},"2":{"start":{"line":18,"column":20},"end":{"line":18,"column":null}}},"fnMap":{"0":{"name":"Checkbox","decl":{"start":{"line":10,"column":16},"end":{"line":10,"column":25}},"loc":{"start":{"line":10,"column":100},"end":{"line":42,"column":null}},"line":10},"1":{"name":"(anonymous_1)","decl":{"start":{"line":17,"column":15},"end":{"line":17,"column":16}},"loc":{"start":{"line":17,"column":23},"end":{"line":19,"column":null}},"line":17}},"branchMap":{"0":{"loc":{"start":{"line":12,"column":40},"end":{"line":12,"column":81}},"type":"binary-expr","locations":[{"start":{"line":12,"column":40},"end":{"line":12,"column":58}},{"start":{"line":12,"column":58},"end":{"line":12,"column":81}}],"line":12},"1":{"loc":{"start":{"line":18,"column":12},"end":{"line":18,"column":null}},"type":"if","locations":[{"start":{"line":18,"column":12},"end":{"line":18,"column":null}},{"start":{},"end":{}}],"line":18},"2":{"loc":{"start":{"line":18,"column":39},"end":{"line":18,"column":null}},"type":"binary-expr","locations":[{"start":{"line":18,"column":39},"end":{"line":18,"column":56}},{"start":{"line":18,"column":56},"end":{"line":18,"column":null}}],"line":18},"3":{"loc":{"start":{"line":23,"column":11},"end":{"line":30,"column":null}},"type":"cond-expr","locations":[{"start":{"line":24,"column":12},"end":{"line":26,"column":null}},{"start":{"line":28,"column":12},"end":{"line":30,"column":null}}],"line":23},"4":{"loc":{"start":{"line":34,"column":7},"end":{"line":39,"column":null}},"type":"cond-expr","locations":[{"start":{"line":35,"column":8},"end":{"line":38,"column":null}},{"start":{"line":39,"column":10},"end":{"line":39,"column":null}}],"line":34},"5":{"loc":{"start":{"line":37,"column":11},"end":{"line":37,"column":null}},"type":"cond-expr","locations":[{"start":{"line":37,"column":25},"end":{"line":37,"column":91}},{"start":{"line":37,"column":91},"end":{"line":37,"column":null}}],"line":37}},"s":{"0":9,"1":18,"2":9},"f":{"0":9,"1":18},"b":{"0":[9,1],"1":[9,9],"2":[9,9],"3":[0,9],"4":[2,7],"5":[1,1]},"meta":{"lastBranch":6,"lastFunction":2,"lastStatement":3,"seen":{"f:10:16:10:25":0,"s:11:2:40:Infinity":0,"b:12:40:12:58:12:58:12:81":0,"f:17:15:17:16":1,"b:18:12:18:Infinity:undefined:undefined:undefined:undefined":1,"s:18:12:18:Infinity":1,"s:18:20:18:Infinity":2,"b:18:39:18:56:18:56:18:Infinity":2,"b:24:12:26:Infinity:28:12:30:Infinity":3,"b:35:8:38:Infinity:39:10:39:Infinity":4,"b:37:25:37:91:37:91:37:Infinity":5}}}
,"/Users/xiefan/github/vxui_react/src/components/CodeBlock.tsx": {"path":"/Users/xiefan/github/vxui_react/src/components/CodeBlock.tsx","statementMap":{"0":{"start":{"line":31,"column":26},"end":{"line":31,"column":null}},"1":{"start":{"line":32,"column":8},"end":{"line":32,"column":null}},"2":{"start":{"line":34,"column":8},"end":{"line":42,"column":null}},"3":{"start":{"line":35,"column":20},"end":{"line":35,"column":null}},"4":{"start":{"line":37,"column":4},"end":{"line":39,"column":null}},"5":{"start":{"line":38,"column":6},"end":{"line":38,"column":null}},"6":{"start":{"line":41,"column":4},"end":{"line":41,"column":null}},"7":{"start":{"line":44,"column":2},"end":{"line":50,"column":null}},"8":{"start":{"line":45,"column":4},"end":{"line":49,"column":null}},"9":{"start":{"line":46,"column":6},"end":{"line":48,"column":null}},"10":{"start":{"line":47,"column":8},"end":{"line":47,"column":null}},"11":{"start":{"line":53,"column":20},"end":{"line":53,"column":null}},"12":{"start":{"line":55,"column":4},"end":{"line":55,"column":null}},"13":{"start":{"line":55,"column":18},"end":{"line":55,"column":null}},"14":{"start":{"line":57,"column":4},"end":{"line":57,"column":null}},"15":{"start":{"line":59,"column":4},"end":{"line":61,"column":null}},"16":{"start":{"line":60,"column":6},"end":{"line":60,"column":null}},"17":{"start":{"line":63,"column":4},"end":{"line":66,"column":null}},"18":{"start":{"line":64,"column":6},"end":{"line":64,"column":null}},"19":{"start":{"line":65,"column":6},"end":{"line":65,"column":null}},"20":{"start":{"line":69,"column":2},"end":{"line":88,"column":null}},"21":{"start":{"line":76,"column":23},"end":{"line":76,"column":null}}},"fnMap":{"0":{"name":"CodeBlock","decl":{"start":{"line":24,"column":16},"end":{"line":24,"column":26}},"loc":{"start":{"line":30,"column":19},"end":{"line":90,"column":null}},"line":30},"1":{"name":"(anonymous_1)","decl":{"start":{"line":34,"column":34},"end":{"line":34,"column":40}},"loc":{"start":{"line":34,"column":40},"end":{"line":42,"column":5}},"line":34},"2":{"name":"(anonymous_2)","decl":{"start":{"line":44,"column":12},"end":{"line":44,"column":18}},"loc":{"start":{"line":44,"column":18},"end":{"line":50,"column":5}},"line":44},"3":{"name":"(anonymous_3)","decl":{"start":{"line":45,"column":11},"end":{"line":45,"column":17}},"loc":{"start":{"line":45,"column":17},"end":{"line":49,"column":null}},"line":45},"4":{"name":"handleCopy","decl":{"start":{"line":52,"column":17},"end":{"line":52,"column":30}},"loc":{"start":{"line":52,"column":30},"end":{"line":67,"column":null}},"line":52},"5":{"name":"(anonymous_5)","decl":{"start":{"line":63,"column":39},"end":{"line":63,"column":45}},"loc":{"start":{"line":63,"column":45},"end":{"line":66,"column":7}},"line":63},"6":{"name":"(anonymous_6)","decl":{"start":{"line":76,"column":17},"end":{"line":76,"column":23}},"loc":{"start":{"line":76,"column":23},"end":{"line":76,"column":null}},"line":76}},"branchMap":{"0":{"loc":{"start":{"line":26,"column":2},"end":{"line":26,"column":null}},"type":"default-arg","locations":[{"start":{"line":26,"column":13},"end":{"line":26,"column":null}}],"line":26},"1":{"loc":{"start":{"line":35,"column":20},"end":{"line":35,"column":null}},"type":"binary-expr","locations":[{"start":{"line":35,"column":20},"end":{"line":35,"column":49}},{"start":{"line":35,"column":49},"end":{"line":35,"column":72}},{"start":{"line":35,"column":72},"end":{"line":35,"column":null}}],"line":35},"2":{"loc":{"start":{"line":37,"column":4},"end":{"line":39,"column":null}},"type":"if","locations":[{"start":{"line":37,"column":4},"end":{"line":39,"column":null}},{"start":{},"end":{}}],"line":37},"3":{"loc":{"start":{"line":46,"column":6},"end":{"line":48,"column":null}},"type":"if","locations":[{"start":{"line":46,"column":6},"end":{"line":48,"column":null}},{"start":{},"end":{}}],"line":46},"4":{"loc":{"start":{"line":55,"column":4},"end":{"line":55,"column":null}},"type":"if","locations":[{"start":{"line":55,"column":4},"end":{"line":55,"column":null}},{"start":{},"end":{}}],"line":55},"5":{"loc":{"start":{"line":59,"column":4},"end":{"line":61,"column":null}},"type":"if","locations":[{"start":{"line":59,"column":4},"end":{"line":61,"column":null}},{"start":{},"end":{}}],"line":59},"6":{"loc":{"start":{"line":74,"column":17},"end":{"line":74,"column":null}},"type":"cond-expr","locations":[{"start":{"line":74,"column":26},"end":{"line":74,"column":36}},{"start":{"line":74,"column":36},"end":{"line":74,"column":null}}],"line":74},"7":{"loc":{"start":{"line":75,"column":19},"end":{"line":75,"column":null}},"type":"cond-expr","locations":[{"start":{"line":75,"column":28},"end":{"line":75,"column":80}},{"start":{"line":75,"column":80},"end":{"line":75,"column":null}}],"line":75},"8":{"loc":{"start":{"line":78,"column":9},"end":{"line":78,"column":null}},"type":"cond-expr","locations":[{"start":{"line":78,"column":18},"end":{"line":78,"column":40}},{"start":{"line":78,"column":40},"end":{"line":78,"column":null}}],"line":78},"9":{"loc":{"start":{"line":79,"column":9},"end":{"line":79,"column":null}},"type":"cond-expr","locations":[{"start":{"line":79,"column":18},"end":{"line":79,"column":32}},{"start":{"line":79,"column":32},"end":{"line":79,"column":null}}],"line":79}},"s":{"0":10,"1":10,"2":10,"3":7,"4":7,"5":0,"6":7,"7":10,"8":7,"9":7,"10":1,"11":2,"12":2,"13":0,"14":2,"15":2,"16":0,"17":2,"18":1,"19":1,"20":10,"21":2},"f":{"0":10,"1":7,"2":7,"3":7,"4":2,"5":1,"6":2},"b":{"0":[10],"1":[7,0,0],"2":[0,7],"3":[1,6],"4":[0,2],"5":[0,2],"6":[2,8],"7":[2,8],"8":[2,8],"9":[2,8]},"meta":{"lastBranch":10,"lastFunction":7,"lastStatement":22,"seen":{"f:24:16:24:26":0,"b:26:13:26:Infinity":0,"s:31:26:31:Infinity":0,"s:32:8:32:Infinity":1,"s:34:8:42:Infinity":2,"f:34:34:34:40":1,"s:35:20:35:Infinity":3,"b:35:20:35:49:35:49:35:72:35:72:35:Infinity":1,"b:37:4:39:Infinity:undefined:undefined:undefined:undefined":2,"s:37:4:39:Infinity":4,"s:38:6:38:Infinity":5,"s:41:4:41:Infinity":6,"s:44:2:50:Infinity":7,"f:44:12:44:18":2,"s:45:4:49:Infinity":8,"f:45:11:45:17":3,"b:46:6:48:Infinity:undefined:undefined:undefined:undefined":3,"s:46:6:48:Infinity":9,"s:47:8:47:Infinity":10,"f:52:17:52:30":4,"s:53:20:53:Infinity":11,"b:55:4:55:Infinity:undefined:undefined:undefined:undefined":4,"s:55:4:55:Infinity":12,"s:55:18:55:Infinity":13,"s:57:4:57:Infinity":14,"b:59:4:61:Infinity:undefined:undefined:undefined:undefined":5,"s:59:4:61:Infinity":15,"s:60:6:60:Infinity":16,"s:63:4:66:Infinity":17,"f:63:39:63:45":5,"s:64:6:64:Infinity":18,"s:65:6:65:Infinity":19,"s:69:2:88:Infinity":20,"b:74:26:74:36:74:36:74:Infinity":6,"b:75:28:75:80:75:80:75:Infinity":7,"f:76:17:76:23":6,"s:76:23:76:Infinity":21,"b:78:18:78:40:78:40:78:Infinity":8,"b:79:18:79:32:79:32:79:Infinity":9}}}
,"/Users/xiefan/github/vxui_react/src/components/ColorPicker.tsx": {"path":"/Users/xiefan/github/vxui_react/src/components/ColorPicker.tsx","statementMap":{"0":{"start":{"line":6,"column":12},"end":{"line":6,"column":null}},"1":{"start":{"line":7,"column":12},"end":{"line":7,"column":null}},"2":{"start":{"line":8,"column":12},"end":{"line":8,"column":null}},"3":{"start":{"line":9,"column":14},"end":{"line":9,"column":null}},"4":{"start":{"line":10,"column":14},"end":{"line":10,"column":null}},"5":{"start":{"line":11,"column":8},"end":{"line":11,"column":null}},"6":{"start":{"line":12,"column":10},"end":{"line":12,"column":null}},"7":{"start":{"line":13,"column":10},"end":{"line":13,"column":null}},"8":{"start":{"line":14,"column":2},"end":{"line":22,"column":null}},"9":{"start":{"line":15,"column":14},"end":{"line":15,"column":null}},"10":{"start":{"line":16,"column":4},"end":{"line":16,"column":null}},"11":{"start":{"line":17,"column":4},"end":{"line":21,"column":null}},"12":{"start":{"line":18,"column":14},"end":{"line":18,"column":55}},"13":{"start":{"line":18,"column":55},"end":{"line":18,"column":null}},"14":{"start":{"line":19,"column":14},"end":{"line":19,"column":41}},"15":{"start":{"line":19,"column":41},"end":{"line":19,"column":null}},"16":{"start":{"line":20,"column":14},"end":{"line":20,"column":41}},"17":{"start":{"line":20,"column":41},"end":{"line":20,"column":null}},"18":{"start":{"line":23,"column":2},"end":{"line":23,"column":null}},"19":{"start":{"line":27,"column":16},"end":{"line":27,"column":null}},"20":{"start":{"line":28,"column":16},"end":{"line":28,"column":null}},"21":{"start":{"line":29,"column":16},"end":{"line":29,"column":null}},"22":{"start":{"line":30,"column":18},"end":{"line":38,"column":null}},"23":{"start":{"line":31,"column":13},"end":{"line":31,"column":null}},"24":{"start":{"line":32,"column":4},"end":{"line":32,"column":null}},"25":{"start":{"line":32,"column":16},"end":{"line":32,"column":null}},"26":{"start":{"line":33,"column":4},"end":{"line":33,"column":null}},"27":{"start":{"line":33,"column":16},"end":{"line":33,"column":null}},"28":{"start":{"line":34,"column":4},"end":{"line":34,"column":null}},"29":{"start":{"line":34,"column":20},"end":{"line":34,"column":null}},"30":{"start":{"line":35,"column":4},"end":{"line":35,"column":null}},"31":{"start":{"line":35,"column":20},"end":{"line":35,"column":null}},"32":{"start":{"line":36,"column":4},"end":{"line":36,"column":null}},"33":{"start":{"line":36,"column":20},"end":{"line":36,"column":null}},"34":{"start":{"line":37,"column":4},"end":{"line":37,"column":null}},"35":{"start":{"line":42,"column":2},"end":{"line":50,"column":null}},"36":{"start":{"line":43,"column":4},"end":{"line":43,"column":null}},"37":{"start":{"line":45,"column":14},"end":{"line":45,"column":null}},"38":{"start":{"line":46,"column":14},"end":{"line":46,"column":null}},"39":{"start":{"line":47,"column":4},"end":{"line":47,"column":null}},"40":{"start":{"line":48,"column":4},"end":{"line":48,"column":null}},"41":{"start":{"line":49,"column":4},"end":{"line":49,"column":null}},"42":{"start":{"line":51,"column":16},"end":{"line":51,"column":null}},"43":{"start":{"line":51,"column":31},"end":{"line":51,"column":null}},"44":{"start":{"line":52,"column":2},"end":{"line":52,"column":null}},"45":{"start":{"line":56,"column":2},"end":{"line":56,"column":null}},"46":{"start":{"line":59,"column":22},"end":{"line":63,"column":null}},"47":{"start":{"line":90,"column":23},"end":{"line":90,"column":null}},"48":{"start":{"line":91,"column":40},"end":{"line":91,"column":null}},"49":{"start":{"line":92,"column":16},"end":{"line":92,"column":null}},"50":{"start":{"line":94,"column":30},"end":{"line":94,"column":null}},"51":{"start":{"line":95,"column":22},"end":{"line":95,"column":null}},"52":{"start":{"line":96,"column":8},"end":{"line":96,"column":null}},"53":{"start":{"line":98,"column":2},"end":{"line":114,"column":null}},"54":{"start":{"line":99,"column":4},"end":{"line":99,"column":null}},"55":{"start":{"line":99,"column":15},"end":{"line":99,"column":null}},"56":{"start":{"line":100,"column":20},"end":{"line":102,"column":null}},"57":{"start":{"line":101,"column":6},"end":{"line":101,"column":null}},"58":{"start":{"line":101,"column":74},"end":{"line":101,"column":null}},"59":{"start":{"line":103,"column":23},"end":{"line":105,"column":null}},"60":{"start":{"line":104,"column":6},"end":{"line":104,"column":null}},"61":{"start":{"line":104,"column":30},"end":{"line":104,"column":null}},"62":{"start":{"line":106,"column":4},"end":{"line":106,"column":null}},"63":{"start":{"line":107,"column":4},"end":{"line":107,"column":null}},"64":{"start":{"line":108,"column":4},"end":{"line":108,"column":null}},"65":{"start":{"line":109,"column":4},"end":{"line":113,"column":null}},"66":{"start":{"line":110,"column":6},"end":{"line":110,"column":null}},"67":{"start":{"line":111,"column":6},"end":{"line":111,"column":null}},"68":{"start":{"line":112,"column":6},"end":{"line":112,"column":null}},"69":{"start":{"line":116,"column":2},"end":{"line":120,"column":null}},"70":{"start":{"line":117,"column":4},"end":{"line":117,"column":null}},"71":{"start":{"line":117,"column":67},"end":{"line":117,"column":null}},"72":{"start":{"line":118,"column":4},"end":{"line":118,"column":null}},"73":{"start":{"line":119,"column":4},"end":{"line":119,"column":null}},"74":{"start":{"line":119,"column":19},"end":{"line":119,"column":54}},"75":{"start":{"line":122,"column":20},"end":{"line":122,"column":null}},"76":{"start":{"line":124,"column":8},"end":{"line":131,"column":null}},"77":{"start":{"line":126,"column":6},"end":{"line":126,"column":null}},"78":{"start":{"line":126,"column":25},"end":{"line":126,"column":null}},"79":{"start":{"line":127,"column":6},"end":{"line":127,"column":null}},"80":{"start":{"line":128,"column":6},"end":{"line":128,"column":null}},"81":{"start":{"line":133,"column":26},"end":{"line":137,"column":null}},"82":{"start":{"line":134,"column":14},"end":{"line":134,"column":null}},"83":{"start":{"line":135,"column":4},"end":{"line":135,"column":null}},"84":{"start":{"line":136,"column":4},"end":{"line":136,"column":null}},"85":{"start":{"line":136,"column":23},"end":{"line":136,"column":null}},"86":{"start":{"line":139,"column":2},"end":{"line":237,"column":null}},"87":{"start":{"line":150,"column":25},"end":{"line":150,"column":null}},"88":{"start":{"line":150,"column":53},"end":{"line":150,"column":55}},"89":{"start":{"line":160,"column":27},"end":{"line":160,"column":null}},"90":{"start":{"line":179,"column":29},"end":{"line":179,"column":null}},"91":{"start":{"line":192,"column":29},"end":{"line":192,"column":null}},"92":{"start":{"line":205,"column":29},"end":{"line":205,"column":null}},"93":{"start":{"line":213,"column":16},"end":{"line":223,"column":null}},"94":{"start":{"line":221,"column":33},"end":{"line":221,"column":null}},"95":{"start":{"line":231,"column":27},"end":{"line":231,"column":null}}},"fnMap":{"0":{"name":"hexToHsl","decl":{"start":{"line":5,"column":9},"end":{"line":5,"column":18}},"loc":{"start":{"line":5,"column":57},"end":{"line":24,"column":null}},"line":5},"1":{"name":"hslToHex","decl":{"start":{"line":26,"column":9},"end":{"line":26,"column":18}},"loc":{"start":{"line":26,"column":59},"end":{"line":53,"column":null}},"line":26},"2":{"name":"(anonymous_2)","decl":{"start":{"line":30,"column":18},"end":{"line":30,"column":19}},"loc":{"start":{"line":30,"column":55},"end":{"line":38,"column":null}},"line":30},"3":{"name":"(anonymous_3)","decl":{"start":{"line":51,"column":16},"end":{"line":51,"column":17}},"loc":{"start":{"line":51,"column":31},"end":{"line":51,"column":null}},"line":51},"4":{"name":"isValidHex","decl":{"start":{"line":55,"column":9},"end":{"line":55,"column":20}},"loc":{"start":{"line":55,"column":31},"end":{"line":57,"column":null}},"line":55},"5":{"name":"ColorPicker","decl":{"start":{"line":78,"column":16},"end":{"line":78,"column":28}},"loc":{"start":{"line":89,"column":21},"end":{"line":239,"column":null}},"line":89},"6":{"name":"(anonymous_6)","decl":{"start":{"line":98,"column":12},"end":{"line":98,"column":18}},"loc":{"start":{"line":98,"column":18},"end":{"line":114,"column":5}},"line":98},"7":{"name":"(anonymous_7)","decl":{"start":{"line":100,"column":20},"end":{"line":100,"column":21}},"loc":{"start":{"line":100,"column":34},"end":{"line":102,"column":null}},"line":100},"8":{"name":"(anonymous_8)","decl":{"start":{"line":103,"column":23},"end":{"line":103,"column":24}},"loc":{"start":{"line":103,"column":56},"end":{"line":105,"column":null}},"line":103},"9":{"name":"(anonymous_9)","decl":{"start":{"line":109,"column":11},"end":{"line":109,"column":17}},"loc":{"start":{"line":109,"column":17},"end":{"line":113,"column":null}},"line":109},"10":{"name":"(anonymous_10)","decl":{"start":{"line":116,"column":12},"end":{"line":116,"column":18}},"loc":{"start":{"line":116,"column":18},"end":{"line":120,"column":5}},"line":116},"11":{"name":"(anonymous_11)","decl":{"start":{"line":119,"column":11},"end":{"line":119,"column":17}},"loc":{"start":{"line":119,"column":17},"end":{"line":119,"column":null}},"line":119},"12":{"name":"(anonymous_12)","decl":{"start":{"line":125,"column":4},"end":{"line":125,"column":5}},"loc":{"start":{"line":125,"column":22},"end":{"line":129,"column":null}},"line":125},"13":{"name":"(anonymous_13)","decl":{"start":{"line":133,"column":26},"end":{"line":133,"column":27}},"loc":{"start":{"line":133,"column":43},"end":{"line":137,"column":null}},"line":133},"14":{"name":"(anonymous_14)","decl":{"start":{"line":150,"column":19},"end":{"line":150,"column":25}},"loc":{"start":{"line":150,"column":25},"end":{"line":150,"column":null}},"line":150},"15":{"name":"(anonymous_15)","decl":{"start":{"line":150,"column":46},"end":{"line":150,"column":47}},"loc":{"start":{"line":150,"column":53},"end":{"line":150,"column":55}},"line":150},"16":{"name":"(anonymous_16)","decl":{"start":{"line":160,"column":20},"end":{"line":160,"column":21}},"loc":{"start":{"line":160,"column":27},"end":{"line":160,"column":null}},"line":160},"17":{"name":"(anonymous_17)","decl":{"start":{"line":179,"column":22},"end":{"line":179,"column":23}},"loc":{"start":{"line":179,"column":29},"end":{"line":179,"column":null}},"line":179},"18":{"name":"(anonymous_18)","decl":{"start":{"line":192,"column":22},"end":{"line":192,"column":23}},"loc":{"start":{"line":192,"column":29},"end":{"line":192,"column":null}},"line":192},"19":{"name":"(anonymous_19)","decl":{"start":{"line":205,"column":22},"end":{"line":205,"column":23}},"loc":{"start":{"line":205,"column":29},"end":{"line":205,"column":null}},"line":205},"20":{"name":"(anonymous_20)","decl":{"start":{"line":212,"column":27},"end":{"line":212,"column":28}},"loc":{"start":{"line":213,"column":16},"end":{"line":223,"column":null}},"line":213},"21":{"name":"(anonymous_21)","decl":{"start":{"line":221,"column":27},"end":{"line":221,"column":33}},"loc":{"start":{"line":221,"column":33},"end":{"line":221,"column":null}},"line":221},"22":{"name":"(anonymous_22)","decl":{"start":{"line":231,"column":21},"end":{"line":231,"column":27}},"loc":{"start":{"line":231,"column":27},"end":{"line":231,"column":null}},"line":231}},"branchMap":{"0":{"loc":{"start":{"line":14,"column":2},"end":{"line":22,"column":null}},"type":"if","locations":[{"start":{"line":14,"column":2},"end":{"line":22,"column":null}},{"start":{},"end":{}}],"line":14},"1":{"loc":{"start":{"line":16,"column":13},"end":{"line":16,"column":null}},"type":"cond-expr","locations":[{"start":{"line":16,"column":23},"end":{"line":16,"column":39}},{"start":{"line":16,"column":39},"end":{"line":16,"column":null}}],"line":16},"2":{"loc":{"start":{"line":17,"column":4},"end":{"line":21,"column":null}},"type":"switch","locations":[{"start":{"line":18,"column":6},"end":{"line":18,"column":null}},{"start":{"line":19,"column":6},"end":{"line":19,"column":null}},{"start":{"line":20,"column":6},"end":{"line":20,"column":null}}],"line":17},"3":{"loc":{"start":{"line":18,"column":34},"end":{"line":18,"column":52}},"type":"cond-expr","locations":[{"start":{"line":18,"column":42},"end":{"line":18,"column":46}},{"start":{"line":18,"column":46},"end":{"line":18,"column":52}}],"line":18},"4":{"loc":{"start":{"line":32,"column":4},"end":{"line":32,"column":null}},"type":"if","locations":[{"start":{"line":32,"column":4},"end":{"line":32,"column":null}},{"start":{},"end":{}}],"line":32},"5":{"loc":{"start":{"line":33,"column":4},"end":{"line":33,"column":null}},"type":"if","locations":[{"start":{"line":33,"column":4},"end":{"line":33,"column":null}},{"start":{},"end":{}}],"line":33},"6":{"loc":{"start":{"line":34,"column":4},"end":{"line":34,"column":null}},"type":"if","locations":[{"start":{"line":34,"column":4},"end":{"line":34,"column":null}},{"start":{},"end":{}}],"line":34},"7":{"loc":{"start":{"line":35,"column":4},"end":{"line":35,"column":null}},"type":"if","locations":[{"start":{"line":35,"column":4},"end":{"line":35,"column":null}},{"start":{},"end":{}}],"line":35},"8":{"loc":{"start":{"line":36,"column":4},"end":{"line":36,"column":null}},"type":"if","locations":[{"start":{"line":36,"column":4},"end":{"line":36,"column":null}},{"start":{},"end":{}}],"line":36},"9":{"loc":{"start":{"line":42,"column":2},"end":{"line":50,"column":null}},"type":"if","locations":[{"start":{"line":42,"column":2},"end":{"line":50,"column":null}},{"start":{"line":44,"column":9},"end":{"line":50,"column":null}}],"line":42},"10":{"loc":{"start":{"line":45,"column":14},"end":{"line":45,"column":null}},"type":"cond-expr","locations":[{"start":{"line":45,"column":28},"end":{"line":45,"column":50}},{"start":{"line":45,"column":50},"end":{"line":45,"column":null}}],"line":45},"11":{"loc":{"start":{"line":80,"column":2},"end":{"line":80,"column":null}},"type":"default-arg","locations":[{"start":{"line":80,"column":17},"end":{"line":80,"column":null}}],"line":80},"12":{"loc":{"start":{"line":86,"column":2},"end":{"line":86,"column":null}},"type":"default-arg","locations":[{"start":{"line":86,"column":12},"end":{"line":86,"column":null}}],"line":86},"13":{"loc":{"start":{"line":87,"column":2},"end":{"line":87,"column":null}},"type":"default-arg","locations":[{"start":{"line":87,"column":16},"end":{"line":87,"column":null}}],"line":87},"14":{"loc":{"start":{"line":92,"column":16},"end":{"line":92,"column":null}},"type":"cond-expr","locations":[{"start":{"line":92,"column":31},"end":{"line":92,"column":49}},{"start":{"line":92,"column":49},"end":{"line":92,"column":null}}],"line":92},"15":{"loc":{"start":{"line":99,"column":4},"end":{"line":99,"column":null}},"type":"if","locations":[{"start":{"line":99,"column":4},"end":{"line":99,"column":null}},{"start":{},"end":{}}],"line":99},"16":{"loc":{"start":{"line":101,"column":6},"end":{"line":101,"column":null}},"type":"if","locations":[{"start":{"line":101,"column":6},"end":{"line":101,"column":null}},{"start":{},"end":{}}],"line":101},"17":{"loc":{"start":{"line":101,"column":10},"end":{"line":101,"column":74}},"type":"binary-expr","locations":[{"start":{"line":101,"column":10},"end":{"line":101,"column":29}},{"start":{"line":101,"column":29},"end":{"line":101,"column":74}}],"line":101},"18":{"loc":{"start":{"line":104,"column":6},"end":{"line":104,"column":null}},"type":"if","locations":[{"start":{"line":104,"column":6},"end":{"line":104,"column":null}},{"start":{},"end":{}}],"line":104},"19":{"loc":{"start":{"line":117,"column":4},"end":{"line":117,"column":null}},"type":"if","locations":[{"start":{"line":117,"column":4},"end":{"line":117,"column":null}},{"start":{},"end":{}}],"line":117},"20":{"loc":{"start":{"line":117,"column":8},"end":{"line":117,"column":67}},"type":"binary-expr","locations":[{"start":{"line":117,"column":8},"end":{"line":117,"column":17}},{"start":{"line":117,"column":17},"end":{"line":117,"column":67}}],"line":117},"21":{"loc":{"start":{"line":122,"column":20},"end":{"line":122,"column":null}},"type":"cond-expr","locations":[{"start":{"line":122,"column":40},"end":{"line":122,"column":58}},{"start":{"line":122,"column":58},"end":{"line":122,"column":null}}],"line":122},"22":{"loc":{"start":{"line":126,"column":6},"end":{"line":126,"column":null}},"type":"if","locations":[{"start":{"line":126,"column":6},"end":{"line":126,"column":null}},{"start":{},"end":{}}],"line":126},"23":{"loc":{"start":{"line":134,"column":14},"end":{"line":134,"column":null}},"type":"cond-expr","locations":[{"start":{"line":134,"column":36},"end":{"line":134,"column":42}},{"start":{"line":134,"column":42},"end":{"line":134,"column":null}}],"line":134},"24":{"loc":{"start":{"line":136,"column":4},"end":{"line":136,"column":null}},"type":"if","locations":[{"start":{"line":136,"column":4},"end":{"line":136,"column":null}},{"start":{},"end":{}}],"line":136},"25":{"loc":{"start":{"line":141,"column":7},"end":{"line":141,"column":null}},"type":"cond-expr","locations":[{"start":{"line":141,"column":15},"end":{"line":141,"column":72}},{"start":{"line":141,"column":72},"end":{"line":141,"column":null}}],"line":141},"26":{"loc":{"start":{"line":147,"column":12},"end":{"line":147,"column":null}},"type":"binary-expr","locations":[{"start":{"line":147,"column":12},"end":{"line":147,"column":24}},{"start":{"line":147,"column":24},"end":{"line":147,"column":null}}],"line":147},"27":{"loc":{"start":{"line":150,"column":25},"end":{"line":150,"column":null}},"type":"binary-expr","locations":[{"start":{"line":150,"column":25},"end":{"line":150,"column":38}},{"start":{"line":150,"column":38},"end":{"line":150,"column":null}}],"line":150},"28":{"loc":{"start":{"line":166,"column":7},"end":{"line":166,"column":null}},"type":"cond-expr","locations":[{"start":{"line":166,"column":15},"end":{"line":166,"column":72}},{"start":{"line":166,"column":72},"end":{"line":166,"column":null}}],"line":166},"29":{"loc":{"start":{"line":167,"column":7},"end":{"line":167,"column":null}},"type":"cond-expr","locations":[{"start":{"line":167,"column":24},"end":{"line":167,"column":79}},{"start":{"line":167,"column":79},"end":{"line":1
[...]
,"end":{"line":170,"column":null}}],"line":156},"20":{"loc":{"start":{"line":166,"column":59},"end":{"line":166,"column":104}},"type":"binary-expr","locations":[{"start":{"line":166,"column":59},"end":{"line":166,"column":69}},{"start":{"line":166,"column":69},"end":{"line":166,"column":104}}],"line":166},"21":{"loc":{"start":{"line":173,"column":59},"end":{"line":173,"column":110}},"type":"binary-expr","locations":[{"start":{"line":173,"column":59},"end":{"line":173,"column":70}},{"start":{"line":173,"column":70},"end":{"line":173,"column":110}}],"line":173}},"s":{"0":5,"1":5,"2":5,"3":5,"4":5,"5":5,"6":5,"7":1,"8":1,"9":5,"10":5,"11":1,"12":4,"13":1,"14":1,"15":4,"16":4,"17":4,"18":5,"19":5,"20":5,"21":5,"22":5,"23":0,"24":0,"25":0,"26":5,"27":0,"28":0,"29":0,"30":0,"31":0,"32":5,"33":0,"34":0,"35":0,"36":0,"37":5,"38":1,"39":4,"40":4,"41":4,"42":5,"43":5,"44":5,"45":2,"46":2},"f":{"0":5,"1":5,"2":5,"3":1,"4":4,"5":5,"6":5,"7":0,"8":0,"9":0,"10":5,"11":5,"12":2,"13":2},"b":{"0":[5],"1":[1,4],"2":[1,4],"3":[1,0],"4":[4,1],"5":[0,0],"6":[0,0],"7":[1,4],"8":[0,4],"9":[5,1],"10":[5,1],"11":[5,1],"12":[1,4],"13":[5,1],"14":[5,1],"15":[5],"16":[5],"17":[5,3],"18":[5,4],"19":[3,1],"20":[3,2],"21":[5,1]},"meta":{"lastBranch":22,"lastFunction":14,"lastStatement":47,"seen":{"f:18:16:18:29":0,"b:21:10:21:Infinity":0,"s:27:8:27:Infinity":0,"s:28:8:28:Infinity":1,"s:29:8:29:Infinity":2,"s:30:30:30:Infinity":3,"s:31:28:31:Infinity":4,"s:34:2:39:Infinity":5,"f:34:12:34:18":1,"b:35:4:38:Infinity:undefined:undefined:undefined:undefined":1,"s:35:4:38:Infinity":6,"s:36:6:36:Infinity":7,"s:37:6:37:Infinity":8,"s:42:2:49:Infinity":9,"f:42:12:42:18":2,"b:43:4:43:Infinity:undefined:undefined:undefined:undefined":2,"s:43:4:43:Infinity":10,"s:43:15:43:Infinity":11,"s:44:20:46:Infinity":12,"f:44:20:44:21":3,"b:45:6:45:Infinity:undefined:undefined:undefined:undefined":3,"s:45:6:45:Infinity":13,"s:45:30:45:Infinity":14,"s:47:4:47:Infinity":15,"s:48:4:48:Infinity":16,"f:48:11:48:17":4,"s:48:17:48:Infinity":17,"s:52:2:55:Infinity":18,"f:52:12:52:18":5,"s:53:4:53:Infinity":19,"b:53:42:53:53:53:53:53:Infinity":4,"s:54:4:54:Infinity":20,"f:54:11:54:17":6,"s:54:19:54:54":21,"s:57:27:61:Infinity":22,"f:57:27:57:28":7,"s:58:4:58:Infinity":23,"s:59:4:59:Infinity":24,"s:60:4:60:Infinity":25,"s:63:26:68:Infinity":26,"f:63:26:63:27":8,"s:64:18:64:Infinity":27,"b:65:4:65:Infinity:undefined:undefined:undefined:undefined":5,"s:65:4:65:Infinity":28,"s:65:19:65:Infinity":29,"s:66:4:66:Infinity":30,"s:67:4:67:Infinity":31,"s:70:25:77:Infinity":32,"f:70:25:70:31":9,"s:71:4:71:Infinity":33,"b:72:4:76:Infinity:74:11:76:Infinity":6,"s:72:4:76:Infinity":34,"s:73:6:73:Infinity":35,"s:75:6:75:Infinity":36,"b:79:2:79:Infinity:undefined:undefined:undefined:undefined":7,"s:79:2:79:Infinity":37,"s:79:13:79:Infinity":38,"s:82:19:82:Infinity":39,"s:83:25:83:Infinity":40,"s:85:2:112:Infinity":41,"b:99:33:99:42:99:42:99:Infinity":8,"b:108:9:108:19:108:19:108:Infinity":9,"b:110:9:110:19:110:19:110:Infinity":10,"f:124:16:124:30":10,"s:125:2:137:Infinity":42,"b:128:39:128:49:128:49:128:74":11,"b:130:29:130:38:130:38:130:Infinity":12,"b:132:7:132:15:132:15:132:Infinity":13,"b:134:7:134:Infinity:135:8:135:Infinity":14,"f:150:16:150:33":11,"b:150:56:150:63":15,"b:150:77:150:83":16,"s:151:26:151:Infinity":43,"s:153:2:176:Infinity":44,"b:154:45:154:60:154:60:154:93":17,"b:155:7:155:Infinity:156:8:170:Infinity":18,"b:157:10:168:Infinity:170:10:170:Infinity":19,"f:160:21:160:27":12,"s:160:27:160:Infinity":45,"f:160:37:160:42":13,"s:160:42:160:44":46,"b:166:59:166:69:166:69:166:104":20,"b:173:59:173:70:173:70:173:110":21}}}
,"/Users/xiefan/github/vxui_react/src/components/mobile/MobileList.tsx": {"path":"/Users/xiefan/github/vxui_react/src/components/mobile/MobileList.tsx","statementMap":{"0":{"start":{"line":6,"column":2},"end":{"line":6,"column":null}},"1":{"start":{"line":14,"column":2},"end":{"line":18,"column":null}},"2":{"start":{"line":52,"column":4},"end":{"line":60,"column":null}},"3":{"start":{"line":63,"column":2},"end":{"line":82,"column":null}}},"fnMap":{"0":{"name":"MobileList","decl":{"start":{"line":5,"column":16},"end":{"line":5,"column":27}},"loc":{"start":{"line":5,"column":86},"end":{"line":7,"column":null}},"line":5},"1":{"name":"MobileListSection","decl":{"start":{"line":13,"column":16},"end":{"line":13,"column":34}},"loc":{"start":{"line":13,"column":100},"end":{"line":20,"column":null}},"line":13},"2":{"name":"MobileListItem","decl":{"start":{"line":40,"column":16},"end":{"line":40,"column":31}},"loc":{"start":{"line":50,"column":24},"end":{"line":84,"column":null}},"line":50}},"branchMap":{"0":{"loc":{"start":{"line":16,"column":7},"end":{"line":16,"column":null}},"type":"binary-expr","locations":[{"start":{"line":16,"column":7},"end":{"line":16,"column":16}},{"start":{"line":16,"column":16},"end":{"line":16,"column":null}}],"line":16},"1":{"loc":{"start":{"line":53,"column":7},"end":{"line":53,"column":null}},"type":"binary-expr","locations":[{"start":{"line":53,"column":7},"end":{"line":53,"column":18}},{"start":{"line":53,"column":18},"end":{"line":53,"column":null}}],"line":53},"2":{"loc":{"start":{"line":56,"column":9},"end":{"line":56,"column":null}},"type":"binary-expr","locations":[{"start":{"line":56,"column":9},"end":{"line":56,"column":24}},{"start":{"line":56,"column":24},"end":{"line":56,"column":null}}],"line":56},"3":{"loc":{"start":{"line":58,"column":7},"end":{"line":58,"column":null}},"type":"binary-expr","locations":[{"start":{"line":58,"column":7},"end":{"line":58,"column":19}},{"start":{"line":58,"column":19},"end":{"line":58,"column":null}}],"line":58},"4":{"loc":{"start":{"line":59,"column":7},"end":{"line":59,"column":null}},"type":"binary-expr","locations":[{"start":{"line":59,"column":7},"end":{"line":59,"column":18}},{"start":{"line":59,"column":18},"end":{"line":59,"column":null}}],"line":59},"5":{"loc":{"start":{"line":67,"column":8},"end":{"line":67,"column":null}},"type":"binary-expr","locations":[{"start":{"line":67,"column":8},"end":{"line":67,"column":23}},{"start":{"line":67,"column":23},"end":{"line":67,"column":null}}],"line":67},"6":{"loc":{"start":{"line":68,"column":8},"end":{"line":68,"column":null}},"type":"binary-expr","locations":[{"start":{"line":68,"column":8},"end":{"line":68,"column":20}},{"start":{"line":68,"column":20},"end":{"line":68,"column":null}}],"line":68},"7":{"loc":{"start":{"line":69,"column":8},"end":{"line":69,"column":null}},"type":"binary-expr","locations":[{"start":{"line":69,"column":8},"end":{"line":69,"column":20}},{"start":{"line":69,"column":20},"end":{"line":69,"column":null}}],"line":69},"8":{"loc":{"start":{"line":76,"column":17},"end":{"line":76,"column":null}},"type":"cond-expr","locations":[{"start":{"line":76,"column":28},"end":{"line":76,"column":40}},{"start":{"line":76,"column":40},"end":{"line":76,"column":null}}],"line":76},"9":{"loc":{"start":{"line":78,"column":18},"end":{"line":78,"column":null}},"type":"cond-expr","locations":[{"start":{"line":78,"column":28},"end":{"line":78,"column":32}},{"start":{"line":78,"column":32},"end":{"line":78,"column":null}}],"line":78}},"s":{"0":3,"1":2,"2":8,"3":8},"f":{"0":3,"1":2,"2":8},"b":{"0":[2,1],"1":[8,1],"2":[8,1],"3":[8,1],"4":[8,1],"5":[8,1],"6":[8,1],"7":[8,6],"8":[1,7],"9":[2,6]},"meta":{"lastBranch":10,"lastFunction":3,"lastStatement":4,"seen":{"f:5:16:5:27":0,"s:6:2:6:Infinity":0,"f:13:16:13:34":1,"s:14:2:18:Infinity":1,"b:16:7:16:16:16:16:16:Infinity":0,"f:40:16:40:31":2,"s:52:4:60:Infinity":2,"b:53:7:53:18:53:18:53:Infinity":1,"b:56:9:56:24:56:24:56:Infinity":2,"b:58:7:58:19:58:19:58:Infinity":3,"b:59:7:59:18:59:18:59:Infinity":4,"s:63:2:82:Infinity":3,"b:67:8:67:23:67:23:67:Infinity":5,"b:68:8:68:20:68:20:68:Infinity":6,"b:69:8:69:20:69:20:69:Infinity":7,"b:76:28:76:40:76:40:76:Infinity":8,"b:78:28:78:32:78:32:78:Infinity":9}}}
,"/Users/xiefan/github/vxui_react/src/hooks/useDropDirection.ts": {"path":"/Users/xiefan/github/vxui_react/src/hooks/useDropDirection.ts","statementMap":{"0":{"start":{"line":14,"column":32},"end":{"line":14,"column":null}},"1":{"start":{"line":16,"column":2},"end":{"line":29,"column":null}},"2":{"start":{"line":17,"column":4},"end":{"line":20,"column":null}},"3":{"start":{"line":18,"column":6},"end":{"line":18,"column":null}},"4":{"start":{"line":19,"column":6},"end":{"line":19,"column":null}},"5":{"start":{"line":21,"column":17},"end":{"line":21,"column":null}},"6":{"start":{"line":22,"column":23},"end":{"line":22,"column":null}},"7":{"start":{"line":23,"column":23},"end":{"line":23,"column":null}},"8":{"start":{"line":24,"column":4},"end":{"line":28,"column":null}},"9":{"start":{"line":25,"column":6},"end":{"line":25,"column":null}},"10":{"start":{"line":27,"column":6},"end":{"line":27,"column":null}},"11":{"start":{"line":31,"column":2},"end":{"line":31,"column":null}}},"fnMap":{"0":{"name":"useDropDirection","decl":{"start":{"line":9,"column":16},"end":{"line":9,"column":null}},"loc":{"start":{"line":13,"column":17},"end":{"line":32,"column":null}},"line":13},"1":{"name":"(anonymous_1)","decl":{"start":{"line":16,"column":12},"end":{"line":16,"column":18}},"loc":{"start":{"line":16,"column":18},"end":{"line":29,"column":5}},"line":16}},"branchMap":{"0":{"loc":{"start":{"line":12,"column":2},"end":{"line":12,"column":null}},"type":"default-arg","locations":[{"start":{"line":12,"column":19},"end":{"line":12,"column":null}}],"line":12},"1":{"loc":{"start":{"line":17,"column":4},"end":{"line":20,"column":null}},"type":"if","locations":[{"start":{"line":17,"column":4},"end":{"line":20,"column":null}},{"start":{},"end":{}}],"line":17},"2":{"loc":{"start":{"line":17,"column":8},"end":{"line":17,"column":31}},"type":"binary-expr","locations":[{"start":{"line":17,"column":8},"end":{"line":17,"column":17}},{"start":{"line":17,"column":17},"end":{"line":17,"column":31}}],"line":17},"3":{"loc":{"start":{"line":24,"column":4},"end":{"line":28,"column":null}},"type":"if","locations":[{"start":{"line":24,"column":4},"end":{"line":28,"column":null}},{"start":{"line":26,"column":11},"end":{"line":28,"column":null}}],"line":24},"4":{"loc":{"start":{"line":24,"column":8},"end":{"line":24,"column":64}},"type":"binary-expr","locations":[{"start":{"line":24,"column":8},"end":{"line":24,"column":39}},{"start":{"line":24,"column":39},"end":{"line":24,"column":64}}],"line":24}},"s":{"0":187,"1":187,"2":116,"3":80,"4":80,"5":36,"6":36,"7":36,"8":36,"9":2,"10":34,"11":187},"f":{"0":187,"1":116},"b":{"0":[187],"1":[80,36],"2":[116,36],"3":[2,34],"4":[36,2]},"meta":{"lastBranch":5,"lastFunction":2,"lastStatement":12,"seen":{"f:9:16:9:Infinity":0,"b:12:19:12:Infinity":0,"s:14:32:14:Infinity":0,"s:16:2:29:Infinity":1,"f:16:12:16:18":1,"b:17:4:20:Infinity:undefined:undefined:undefined:undefined":1,"s:17:4:20:Infinity":2,"b:17:8:17:17:17:17:17:31":2,"s:18:6:18:Infinity":3,"s:19:6:19:Infinity":4,"s:21:17:21:Infinity":5,"s:22:23:22:Infinity":6,"s:23:23:23:Infinity":7,"b:24:4:28:Infinity:26:11:28:Infinity":3,"s:24:4:28:Infinity":8,"b:24:8:24:39:24:39:24:64":4,"s:25:6:25:Infinity":9,"s:27:6:27:Infinity":10,"s:31:2:31:Infinity":11}}}
,"/Users/xiefan/github/vxui_react/src/hooks/useIsMobile.ts": {"path":"/Users/xiefan/github/vxui_react/src/hooks/useIsMobile.ts","statementMap":{"0":{"start":{"line":8,"column":2},"end":{"line":8,"column":null}}},"fnMap":{"0":{"name":"useIsMobile","decl":{"start":{"line":7,"column":16},"end":{"line":7,"column":39}},"loc":{"start":{"line":7,"column":39},"end":{"line":9,"column":null}},"line":7}},"branchMap":{},"s":{"0":4},"f":{"0":4},"b":{},"meta":{"lastBranch":0,"lastFunction":1,"lastStatement":1,"seen":{"f:7:16:7:39":0,"s:8:2:8:Infinity":0}}}
,"/Users/xiefan/github/vxui_react/src/lib/cx.ts": {"path":"/Users/xiefan/github/vxui_react/src/lib/cx.ts","statementMap":{"0":{"start":{"line":2,"column":2},"end":{"line":2,"column":null}}},"fnMap":{"0":{"name":"cx","decl":{"start":{"line":1,"column":16},"end":{"line":1,"column":22}},"loc":{"start":{"line":1,"column":72},"end":{"line":3,"column":null}},"line":1}},"branchMap":{},"s":{"0":3705},"f":{"0":3705},"b":{},"meta":{"lastBranch":0,"lastFunction":1,"lastStatement":1,"seen":{"f:1:16:1:22":0,"s:2:2:2:Infinity":0}}}
,"/Users/xiefan/github/vxui_react/src/lib/index.ts": {"path":"/Users/xiefan/github/vxui_react/src/lib/index.ts","statementMap":{},"fnMap":{},"branchMap":{},"s":{},"f":{},"b":{},"meta":{"lastBranch":0,"lastFunction":0,"lastStatement":0,"seen":{}}}
,"/Users/xiefan/github/vxui_react/src/lib/version.ts": {"path":"/Users/xiefan/github/vxui_react/src/lib/version.ts","statementMap":{"0":{"start":{"line":7,"column":35},"end":{"line":7,"column":null}}},"fnMap":{},"branchMap":{},"s":{"0":1},"f":{},"b":{},"meta":{"lastBranch":0,"lastFunction":0,"lastStatement":1,"seen":{"s:7:35:7:Infinity":0}}}
,"/Users/xiefan/github/vxui_react/src/lib/viewport.tsx": {"path":"/Users/xiefan/github/vxui_react/src/lib/viewport.tsx","statementMap":{"0":{"start":{"line":24,"column":18},"end":{"line":24,"column":null}},"1":{"start":{"line":25,"column":19},"end":{"line":25,"column":null}},"2":{"start":{"line":28,"column":2},"end":{"line":28,"column":null}},"3":{"start":{"line":28,"column":37},"end":{"line":28,"column":null}},"4":{"start":{"line":29,"column":12},"end":{"line":29,"column":null}},"5":{"start":{"line":30,"column":2},"end":{"line":30,"column":null}},"6":{"start":{"line":30,"column":22},"end":{"line":30,"column":null}},"7":{"start":{"line":31,"column":2},"end":{"line":31,"column":null}},"8":{"start":{"line":31,"column":23},"end":{"line":31,"column":null}},"9":{"start":{"line":32,"column":2},"end":{"line":32,"column":null}},"10":{"start":{"line":37,"column":6},"end":{"line":43,"column":null}},"11":{"start":{"line":52,"column":2},"end":{"line":52,"column":null}},"12":{"start":{"line":52,"column":37},"end":{"line":52,"column":null}},"13":{"start":{"line":53,"column":2},"end":{"line":53,"column":null}},"14":{"start":{"line":58,"column":30},"end":{"line":58,"column":null}},"15":{"start":{"line":59,"column":30},"end":{"line":59,"column":null}},"16":{"start":{"line":61,"column":2},"end":{"line":72,"column":null}},"17":{"start":{"line":63,"column":21},"end":{"line":68,"column":null}},"18":{"start":{"line":64,"column":19},"end":{"line":64,"column":null}},"19":{"start":{"line":65,"column":6},"end":{"line":65,"column":null}},"20":{"start":{"line":65,"column":29},"end":{"line":65,"column":57}},"21":{"start":{"line":66,"column":27},"end":{"line":66,"column":null}},"22":{"start":{"line":67,"column":6},"end":{"line":67,"column":null}},"23":{"start":{"line":67,"column":29},"end":{"line":67,"column":73}},"24":{"start":{"line":70,"column":4},"end":{"line":70,"column":null}},"25":{"start":{"line":71,"column":4},"end":{"line":71,"column":null}},"26":{"start":{"line":71,"column":17},"end":{"line":71,"column":null}},"27":{"start":{"line":74,"column":19},"end":{"line":74,"column":null}},"28":{"start":{"line":76,"column":38},"end":{"line":82,"column":null}},"29":{"start":{"line":84,"column":2},"end":{"line":87,"column":null}},"30":{"start":{"line":94,"column":2},"end":{"line":94,"column":null}}},"fnMap":{"0":{"name":"resolveViewport","decl":{"start":{"line":27,"column":9},"end":{"line":27,"column":41}},"loc":{"start":{"line":27,"column":41},"end":{"line":33,"column":null}},"line":27},"1":{"name":"isPortraitNow","decl":{"start":{"line":51,"column":9},"end":{"line":51,"column":34}},"loc":{"start":{"line":51,"column":34},"end":{"line":54,"column":null}},"line":51},"2":{"name":"ViewportProvider","decl":{"start":{"line":56,"column":16},"end":{"line":56,"column":33}},"loc":{"start":{"line":56,"column":70},"end":{"line":89,"column":null}},"line":56},"3":{"name":"(anonymous_3)","decl":{"start":{"line":61,"column":12},"end":{"line":61,"column":18}},"loc":{"start":{"line":61,"column":18},"end":{"line":72,"column":5}},"line":61},"4":{"name":"(anonymous_4)","decl":{"start":{"line":63,"column":21},"end":{"line":63,"column":27}},"loc":{"start":{"line":63,"column":27},"end":{"line":68,"column":null}},"line":63},"5":{"name":"(anonymous_5)","decl":{"start":{"line":65,"column":18},"end":{"line":65,"column":19}},"loc":{"start":{"line":65,"column":29},"end":{"line":65,"column":57}},"line":65},"6":{"name":"(anonymous_6)","decl":{"start":{"line":67,"column":18},"end":{"line":67,"column":19}},"loc":{"start":{"line":67,"column":29},"end":{"line":67,"column":73}},"line":67},"7":{"name":"(anonymous_7)","decl":{"start":{"line":71,"column":11},"end":{"line":71,"column":17}},"loc":{"start":{"line":71,"column":17},"end":{"line":71,"column":null}},"line":71},"8":{"name":"useViewport","decl":{"start":{"line":93,"column":16},"end":{"line":93,"column":52}},"loc":{"start":{"line":93,"column":52},"end":{"line":95,"column":null}},"line":93}},"branchMap":{"0":{"loc":{"start":{"line":28,"column":2},"end":{"line":28,"column":null}},"type":"if","locations":[{"start":{"line":28,"column":2},"end":{"line":28,"column":null}},{"start":{},"end":{}}],"line":28},"1":{"loc":{"start":{"line":30,"column":2},"end":{"line":30,"column":null}},"type":"if","locations":[{"start":{"line":30,"column":2},"end":{"line":30,"column":null}},{"start":{},"end":{}}],"line":30},"2":{"loc":{"start":{"line":31,"column":2},"end":{"line":31,"column":null}},"type":"if","locations":[{"start":{"line":31,"column":2},"end":{"line":31,"column":null}},{"start":{},"end":{}}],"line":31},"3":{"loc":{"start":{"line":52,"column":2},"end":{"line":52,"column":null}},"type":"if","locations":[{"start":{"line":52,"column":2},"end":{"line":52,"column":null}},{"start":{},"end":{}}],"line":52},"4":{"loc":{"start":{"line":65,"column":29},"end":{"line":65,"column":57}},"type":"cond-expr","locations":[{"start":{"line":65,"column":45},"end":{"line":65,"column":52}},{"start":{"line":65,"column":52},"end":{"line":65,"column":57}}],"line":65},"5":{"loc":{"start":{"line":67,"column":29},"end":{"line":67,"column":73}},"type":"cond-expr","locations":[{"start":{"line":67,"column":53},"end":{"line":67,"column":60}},{"start":{"line":67,"column":60},"end":{"line":67,"column":73}}],"line":67},"6":{"loc":{"start":{"line":80,"column":22},"end":{"line":80,"column":null}},"type":"binary-expr","locations":[{"start":{"line":80,"column":22},"end":{"line":80,"column":34}},{"start":{"line":80,"column":34},"end":{"line":80,"column":null}}],"line":80}},"s":{"0":3,"1":3,"2":16,"3":0,"4":16,"5":16,"6":6,"7":10,"8":3,"9":7,"10":3,"11":16,"12":0,"13":16,"14":16,"15":16,"16":16,"17":12,"18":4,"19":4,"20":4,"21":4,"22":4,"23":4,"24":12,"25":12,"26":12,"27":16,"28":16,"29":16,"30":17},"f":{"0":16,"1":16,"2":16,"3":12,"4":4,"5":4,"6":4,"7":12,"8":17},"b":{"0":[0,16],"1":[6,10],"2":[3,7],"3":[0,16],"4":[0,4],"5":[0,4],"6":[16,3]},"meta":{"lastBranch":7,"lastFunction":9,"lastStatement":31,"seen":{"s:24:18:24:Infinity":0,"s:25:19:25:Infinity":1,"f:27:9:27:41":0,"b:28:2:28:Infinity:undefined:undefined:undefined:undefined":0,"s:28:2:28:Infinity":2,"s:28:37:28:Infinity":3,"s:29:12:29:Infinity":4,"b:30:2:30:Infinity:undefined:undefined:undefined:undefined":1,"s:30:2:30:Infinity":5,"s:30:22:30:Infinity":6,"b:31:2:31:Infinity:undefined:undefined:undefined:undefined":2,"s:31:2:31:Infinity":7,"s:31:23:31:Infinity":8,"s:32:2:32:Infinity":9,"s:37:6:43:Infinity":10,"f:51:9:51:34":1,"b:52:2:52:Infinity:undefined:undefined:undefined:undefined":3,"s:52:2:52:Infinity":11,"s:52:37:52:Infinity":12,"s:53:2:53:Infinity":13,"f:56:16:56:33":2,"s:58:30:58:Infinity":14,"s:59:30:59:Infinity":15,"s:61:2:72:Infinity":16,"f:61:12:61:18":3,"s:63:21:68:Infinity":17,"f:63:21:63:27":4,"s:64:19:64:Infinity":18,"s:65:6:65:Infinity":19,"f:65:18:65:19":5,"s:65:29:65:57":20,"b:65:45:65:52:65:52:65:57":4,"s:66:27:66:Infinity":21,"s:67:6:67:Infinity":22,"f:67:18:67:19":6,"s:67:29:67:73":23,"b:67:53:67:60:67:60:67:73":5,"s:70:4:70:Infinity":24,"s:71:4:71:Infinity":25,"f:71:11:71:17":7,"s:71:17:71:Infinity":26,"s:74:19:74:Infinity":27,"s:76:38:82:Infinity":28,"b:80:22:80:34:80:34:80:Infinity":6,"s:84:2:87:Infinity":29,"f:93:16:93:52":8,"s:94:2:94:Infinity":30}}}
}
